SQL> 
SQL> SELECT TO_CHAR( SYSDATE, 'DD-MON-YYYY HH24:MI:SS' ) START_TIME FROM DUAL;

START_TIME          
--------------------
21-MAY-2026 06:07:31

Elapsed: 00:00:00.168
SQL> 
SQL> -- MG_CASE_LIST
SQL> 
SQL> CREATE TABLE MG_CASE_LIST (
  2      SCASENUM         VARCHAR2(100 CHAR),
  3      TCASENUM         VARCHAR2(100 CHAR),
  4      TCASEID          NUMBER,
  5      STATUS           NUMBER,
  6      ERRORS           NUMBER,
  7      WARNINGS         NUMBER,
  8      EXEC_THREAD_ID   NUMBER
  9  );

Table MG_CASE_LIST created.

Elapsed: 00:00:00.302
SQL> 
SQL> -- MG_CODELIST_MAP
SQL> 
SQL> CREATE TABLE MG_CODELIST_MAP (
  2      CODELIST_TYPE    VARCHAR2(50 BYTE),
  3      CL_NAME          VARCHAR2(100 BYTE),
  4      S_CL_E2B_CODE    VARCHAR2(4000 BYTE),
  5      S_CL_E2B_DECODE  VARCHAR2(4000 BYTE),
  6      MAPPING_TYPE     VARCHAR2(50 BYTE),
  7      T_CL_CODE        VARCHAR2(4000 BYTE),
  8      T_CL_DECODE      VARCHAR2(4000 BYTE),
  9      T_CL_E2B_CODE    VARCHAR2(100 BYTE),
 10      T_A2_DECODE      VARCHAR2(4000 BYTE),
 11      COMMENTS         VARCHAR2(4000 BYTE),
 12      S_CL_CODE        VARCHAR2(1000 BYTE),
 13      S_CL_DECODE      VARCHAR2(1000 BYTE)
 14  );

Table MG_CODELIST_MAP created.

Elapsed: 00:00:00.161
SQL> 
SQL> -- MG_PRODUCT_MAPPING
SQL> 
SQL> CREATE TABLE MG_PRODUCT_MAPPING (
  2      SUSPECT_DRUG_NAME        VARCHAR2(255 CHAR),
  3      MEDICINAL_PRODUCT        VARCHAR2(255 CHAR),
  4      DOSAGE_FORM              VARCHAR2(100 CHAR),
  5      DRUG_AUTH_COUNTRY        VARCHAR2(100 CHAR),
  6      DRUG_AUTH_NUMBER         VARCHAR2(100 CHAR),
  7      TGT_PROD_ID              NUMBER,
  8      SRC_FORMULATION_ID       NUMBER,
  9      S_LIC_COUNTRY_ID         NUMBER,
 10      MESSAGE                  VARCHAR2(200 BYTE),
 11      PM_ID                    VARCHAR2(100 BYTE),
 12      PROD_LIC_MAP_CMTS        VARCHAR2(1000 BYTE),
 13      PROD_LIC_ID              NUMBER,
 14      MG_PRODUCT_MAPPING       VARCHAR2(1000 BYTE),
 15      GENERIC_NAME             VARCHAR2(1000 BYTE),
 16      TGT_FAMILY_NAME          VARCHAR2(200 BYTE),
 17      TGT_PRODUCT_NAME         VARCHAR2(200 BYTE),
 18      TGT_GENERIC_NAME         VARCHAR2(500 BYTE),
 19      TGT_FORMULATION          VARCHAR2(200 BYTE),
 20      TGT_CONCENTRATION        VARCHAR2(100 BYTE),
 21      TGT_CONCENTRATION_UNIT   VARCHAR2(100 BYTE),
 22      TGT_TRADE_NAME           VARCHAR2(200 BYTE),
 23      TGT_LIC_NUMBER           VARCHAR2(100 BYTE),
 24      TGT_LICENSE_COUNTRY      VARCHAR2(100 BYTE)
 25  );

Table MG_PRODUCT_MAPPING created.

Elapsed: 00:00:00.165
SQL> 
SQL> -- MG_STUDY_PRODUCT_MAPPING
SQL> 
SQL> CREATE TABLE MG_STUDY_PRODUCT_MAPPING (
  2      STUDYNAME                VARCHAR2(200 BYTE),
  3      SPONSORSTUDYNUMB         VARCHAR2(200 BYTE),
  4      OBSERVESTUDYTYPE         VARCHAR2(100 BYTE),
  5      GENERIC_NAME             VARCHAR2(200 BYTE),
  6      SUSPECT_DRUG_NAME        VARCHAR2(200 BYTE),
  7      MEDICINAL_PRODUCT        VARCHAR2(200 BYTE),
  8      DOSAGE_FORM              VARCHAR2(100 BYTE),
  9      DRUG_AUTH_COUNTRY        VARCHAR2(100 BYTE),
 10      DRUG_AUTH_NUMBER         VARCHAR2(200 BYTE),
 11      MAPPING                  VARCHAR2(50 BYTE),
 12      TGT_STUDY_NUM            VARCHAR2(200 BYTE),
 13      TGT_PROTOCOL_NUM         VARCHAR2(200 BYTE),
 14      TGT_STUDY_TYPE           VARCHAR2(100 BYTE),
 15      TGT_FAMILY_NAME          VARCHAR2(200 BYTE),
 16      TGT_PRODUCT_NAME         VARCHAR2(200 BYTE),
 17      TGT_GENERIC_NAME         VARCHAR2(200 BYTE),
 18      TGT_FORMULATION          VARCHAR2(200 BYTE),
 19      TGT_CONCENTRATION        VARCHAR2(100 BYTE),
 20      TGT_CONCENTRATION_UNIT   VARCHAR2(50 BYTE),
 21      TGT_TRADE_NAME           VARCHAR2(200 BYTE),
 22      TGT_LIC_NUMBER           VARCHAR2(200 BYTE),
 23      TGT_LICENSE_COUNTRY      VARCHAR2(100 BYTE),
 24      SPM_ID                   VARCHAR2(50 BYTE),
 25      TGT_STUDY_KEY            NUMBER,
 26      TGT_COHORT_ID            NUMBER,
 27      BLINDED                  NUMBER,
 28      TGT_PRODUCT_ID           NUMBER,
 29      TGT_LICENSE_ID           NUMBER
 30  );

Table MG_STUDY_PRODUCT_MAPPING created.

Elapsed: 00:00:00.163
SQL> 
SQL> -- MG_ST_SEQUENCE_MAP
SQL> 
SQL> CREATE TABLE MG_ST_SEQUENCE_MAP (
  2      SCASE_NUM    VARCHAR2(100 BYTE),
  3      TCASEID      NUMBER,
  4      STABLENAME   VARCHAR2(100 BYTE),
  5      TTABLENAME   VARCHAR2(100 BYTE),
  6      SCOLNAME     VARCHAR2(100 BYTE),
  7      TCOLNAME     VARCHAR2(100 BYTE),
  8      SSEQ         NUMBER,
  9      TSEQ         NUMBER
 10  );

Table MG_ST_SEQUENCE_MAP created.

Elapsed: 00:00:00.159
SQL> 
SQL> -- MG_CASE_ERROR_LOG
SQL> 
SQL> CREATE TABLE MG_CASE_ERROR_LOG (
  2      SCASE_NUM      VARCHAR2(50 BYTE),
  3      TCASE_ID       NUMBER,
  4      MESSAGE_TYPE   VARCHAR2(50 BYTE),
  5      MESSAGE        CLOB,
  6      THREAD_ID      NUMBER,
  7      DATE_AND_TIME  TIMESTAMP(6)
  8  );

Table MG_CASE_ERROR_LOG created.

Elapsed: 00:00:00.168
SQL> 
SQL> -- MG_CASE_CONST_VAL
SQL> 
SQL> CREATE TABLE MG_CASE_CONST_VAL (
  2      KEY        VARCHAR2(100 BYTE),
  3      VALUE      VARCHAR2(100 BYTE),
  4      SQL_QUERY  CLOB
  5  );

Table MG_CASE_CONST_VAL created.

Elapsed: 00:00:00.158
SQL> 
SQL> -- MG_T_CL_INFO
SQL> 
SQL> CREATE TABLE MG_T_CL_INFO (
  2      CL_NAME         VARCHAR2(100 BYTE),
  3      T_CL_CODE       VARCHAR2(2000 BYTE),
  4      T_CL_DECODE     VARCHAR2(2000 BYTE),
  5      T_CL_DISPLAY    NUMBER,
  6      T_CL_E2B_CODE   NUMBER
  7  );

Table MG_T_CL_INFO created.

Elapsed: 00:00:00.158
SQL> 
SQL> -- MG_S_CL_INFO
SQL> 
SQL> CREATE TABLE MG_S_CL_INFO (
  2      CL_NAME         VARCHAR2(100 BYTE),
  3      S_CL_CODE       VARCHAR2(2000 BYTE),
  4      S_CL_DECODE     VARCHAR2(2000 BYTE),
  5      S_CL_DISPLAY    NUMBER,
  6      S_CL_E2B_CODE   NUMBER
  7  );

Table MG_S_CL_INFO created.

Elapsed: 00:00:00.160
SQL> 
SQL> -- MG_CL_MASTER
SQL> 
SQL> CREATE TABLE MG_CL_MASTER (
  2      CL_NAME           VARCHAR2(100 BYTE),
  3      S_CL_TABLE        VARCHAR2(30 BYTE),
  4      S_CL_CODE_COL     VARCHAR2(100 BYTE),
  5      S_CL_DECODE_COL   VARCHAR2(100 BYTE),
  6      S_WHERE_COND      VARCHAR2(4000 BYTE),
  7      T_CL_TABLE        VARCHAR2(30 BYTE),
  8      T_CL_CODE_COL     VARCHAR2(100 BYTE),
  9      T_CL_DECODE_COL   VARCHAR2(100 BYTE),
 10      T_WHERE_COND      VARCHAR2(4000 BYTE),
 11      ACTIVE            NUMBER,
 12      STATUS            NUMBER,
 13      S_CL_DISPLAY_COL  VARCHAR2(100 BYTE) DEFAULT NULL,
 14      T_CL_DISPLAY_COL  VARCHAR2(100 BYTE) DEFAULT NULL,
 15      T_CL_E2B_CODE_COL VARCHAR2(100 BYTE) DEFAULT NULL
 16  );

Table MG_CL_MASTER created.

Elapsed: 00:00:00.159
SQL> 
SQL> 
SQL> SELECT TO_CHAR( SYSDATE, 'DD-MON-YYYY HH24:MI:SS' ) END_TIME FROM DUAL;

END_TIME            
--------------------
21-MAY-2026 06:07:33

Elapsed: 00:00:00.153
SQL> 
SQL> SET ECHO OFF;
