SQL> 
SQL> -- Log Start Time
SQL> SELECT TO_CHAR( SYSDATE, 'DD-MON-YYYY HH24:MI:SS' ) START_TIME FROM DUAL;

START_TIME          
--------------------
21-MAY-2026 05:26:22

Elapsed: 00:00:00.316
SQL> 
SQL> 
SQL> -- Table Population Logic Starts Here
SQL> -- Source: Argus_Codelist_Master.xlsx (96 rows)
SQL> TRUNCATE TABLE MG_CL_MASTER;

Table MG_CL_MASTER truncated.

Elapsed: 00:00:00.342
SQL> 
SQL> BEGIN
  2      Insert into MG_CL_MASTER (CL_NAME,S_CL_TABLE,S_CL_CODE_COL,S_CL_DECODE_COL,S_WHERE_COND,T_CL_TABLE,T_CL_CODE_COL,T_CL_DECODE_COL,T_WHERE_COND,ACTIVE,STATUS,S_CL_DISPLAY_COL,T_CL_DISPLAY_COL,T_CL_E2B_CODE_COL) values ('Accidental Exposure',null,null,null,null,'LM_ACCIDENTAL_EXPOSURE',null,null,null,null,null,null,null,null);
  3      Insert into MG_CL_MASTER (CL_NAME,S_CL_TABLE,S_CL_CODE_COL,S_CL_DECODE_COL,S_WHERE_COND,T_CL_TABLE,T_CL_CODE_COL,T_CL_DECODE_COL,T_WHERE_COND,ACTIVE,STATUS,S_CL_DISPLAY_COL,T_CL_DISPLAY_COL,T_CL_E2B_CODE_COL) values ('Action Item Type',null,null,null,null,'LM_ACTION_ITEM_TYPE',null,null,null,null,null,null,null,null);
  4      Insert into MG_CL_MASTER (CL_NAME,S_CL_TABLE,S_CL_CODE_COL,S_CL_DECODE_COL,S_WHERE_COND,T_CL_TABLE,T_CL_CODE_COL,T_CL_DECODE_COL,T_WHERE_COND,ACTIVE,STATUS,S_CL_DISPLAY_COL,T_CL_DISPLAY_COL,T_CL_E2B_CODE_COL) values ('Action Taken',null,null,null,null,'LM_ACTION_TAKEN','ACTION_TAKEN',null,null,null,null,null,null,null);
  5      Insert into MG_CL_MASTER (CL_NAME,S_CL_TABLE,S_CL_CODE_COL,S_CL_DECODE_COL,S_WHERE_COND,T_CL_TABLE,T_CL_CODE_COL,T_CL_DECODE_COL,T_WHERE_COND,ACTIVE,STATUS,S_CL_DISPLAY_COL,T_CL_DISPLAY_COL,T_CL_E2B_CODE_COL) values ('Age Groups',null,null,null,null,'LM_AGE_GROUPS',null,null,null,null,null,null,null,null);
  6      Insert into MG_CL_MASTER (CL_NAME,S_CL_TABLE,S_CL_CODE_COL,S_CL_DECODE_COL,S_WHERE_COND,T_CL_TABLE,T_CL_CODE_COL,T_CL_DECODE_COL,T_WHERE_COND,ACTIVE,STATUS,S_CL_DISPLAY_COL,T_CL_DISPLAY_COL,T_CL_E2B_CODE_COL) values ('Age Units',null,null,null,null,'LM_AGE_UNITS',null,null,null,null,null,null,null,null);
  7      Insert into MG_CL_MASTER (CL_NAME,S_CL_TABLE,S_CL_CODE_COL,S_CL_DECODE_COL,S_WHERE_COND,T_CL_TABLE,T_CL_CODE_COL,T_CL_DECODE_COL,T_WHERE_COND,ACTIVE,STATUS,S_CL_DISPLAY_COL,T_CL_DISPLAY_COL,T_CL_E2B_CODE_COL) values ('Attachment Classification',null,null,null,null,'LM_CLASSIFICATION','CLASSIFICATION','CLASSIFICATION_ID',null,null,null,null,null,null);
  8      Insert into MG_CL_MASTER (CL_NAME,S_CL_TABLE,S_CL_CODE_COL,S_CL_DECODE_COL,S_WHERE_COND,T_CL_TABLE,T_CL_CODE_COL,T_CL_DECODE_COL,T_WHERE_COND,ACTIVE,STATUS,S_CL_DISPLAY_COL,T_CL_DISPLAY_COL,T_CL_E2B_CODE_COL) values ('Autopsy Results',null,null,null,null,'CL_AUTOPSY_RESULTS',null,null,null,null,null,null,null,null);
  9      Insert into MG_CL_MASTER (CL_NAME,S_CL_TABLE,S_CL_CODE_COL,S_CL_DECODE_COL,S_WHERE_COND,T_CL_TABLE,T_CL_CODE_COL,T_CL_DECODE_COL,T_WHERE_COND,ACTIVE,STATUS,S_CL_DISPLAY_COL,T_CL_DISPLAY_COL,T_CL_E2B_CODE_COL) values ('Bfarm Causality',null,null,null,null,'CL_BFARM_CAUSALITY',null,null,null,null,null,null,null,null);
 10      Insert into MG_CL_MASTER (CL_NAME,S_CL_TABLE,S_CL_CODE_COL,S_CL_DECODE_COL,S_WHERE_COND,T_CL_TABLE,T_CL_CODE_COL,T_CL_DECODE_COL,T_WHERE_COND,ACTIVE,STATUS,S_CL_DISPLAY_COL,T_CL_DISPLAY_COL,T_CL_E2B_CODE_COL) values ('Birth Type',null,null,null,null,'LM_BIRTH_TYPE','BIRTH_TYPE','BIRTH_TYPE_ID',null,null,null,null,null,null);
 11      Insert into MG_CL_MASTER (CL_NAME,S_CL_TABLE,S_CL_CODE_COL,S_CL_DECODE_COL,S_WHERE_COND,T_CL_TABLE,T_CL_CODE_COL,T_CL_DECODE_COL,T_WHERE_COND,ACTIVE,STATUS,S_CL_DISPLAY_COL,T_CL_DISPLAY_COL,T_CL_E2B_CODE_COL) values ('CAUSALITY CATEGORY',null,null,null,null,'LM_CAUSALITY','CAUSALITY','CAUSALITY_ID',null,null,null,null,null,null);
 12      Insert into MG_CL_MASTER (CL_NAME,S_CL_TABLE,S_CL_CODE_COL,S_CL_DECODE_COL,S_WHERE_COND,T_CL_TABLE,T_CL_CODE_COL,T_CL_DECODE_COL,T_WHERE_COND,ACTIVE,STATUS,S_CL_DISPLAY_COL,T_CL_DISPLAY_COL,T_CL_E2B_CODE_COL) values ('CAUSALITY METHOD',null,null,null,null,'LM_CAUSALITY_SOURCE',null,null,null,null,null,null,null,null);
 13      Insert into MG_CL_MASTER (CL_NAME,S_CL_TABLE,S_CL_CODE_COL,S_CL_DECODE_COL,S_WHERE_COND,T_CL_TABLE,T_CL_CODE_COL,T_CL_DECODE_COL,T_WHERE_COND,ACTIVE,STATUS,S_CL_DISPLAY_COL,T_CL_DISPLAY_COL,T_CL_E2B_CODE_COL) values ('Case Classification',null,null,null,null,'LM_CASE_CLASSIFICATION',null,null,null,null,null,null,null,null);
 14      Insert into MG_CL_MASTER (CL_NAME,S_CL_TABLE,S_CL_CODE_COL,S_CL_DECODE_COL,S_WHERE_COND,T_CL_TABLE,T_CL_CODE_COL,T_CL_DECODE_COL,T_WHERE_COND,ACTIVE,STATUS,S_CL_DISPLAY_COL,T_CL_DISPLAY_COL,T_CL_E2B_CODE_COL) values ('Clinical Reference Types',null,null,null,null,'LM_CLINICAL_REF_TYPES',null,null,null,null,null,null,null,null);
 15      Insert into MG_CL_MASTER (CL_NAME,S_CL_TABLE,S_CL_CODE_COL,S_CL_DECODE_COL,S_WHERE_COND,T_CL_TABLE,T_CL_CODE_COL,T_CL_DECODE_COL,T_WHERE_COND,ACTIVE,STATUS,S_CL_DISPLAY_COL,T_CL_DISPLAY_COL,T_CL_E2B_CODE_COL) values ('Condition Type',null,null,null,null,'LM_CONDITION_TYPE',null,'CONDITION_TYPE_ID',null,null,null,null,null,null);
 16      Insert into MG_CL_MASTER (CL_NAME,S_CL_TABLE,S_CL_CODE_COL,S_CL_DECODE_COL,S_WHERE_COND,T_CL_TABLE,T_CL_CODE_COL,T_CL_DECODE_COL,T_WHERE_COND,ACTIVE,STATUS,S_CL_DISPLAY_COL,T_CL_DISPLAY_COL,T_CL_E2B_CODE_COL) values ('Contact Type',null,null,null,null,'LM_CONTACT_TYPE','CONTACT_TYPE',null,null,null,null,null,null,null);
 17      Insert into MG_CL_MASTER (CL_NAME,S_CL_TABLE,S_CL_CODE_COL,S_CL_DECODE_COL,S_WHERE_COND,T_CL_TABLE,T_CL_CODE_COL,T_CL_DECODE_COL,T_WHERE_COND,ACTIVE,STATUS,S_CL_DISPLAY_COL,T_CL_DISPLAY_COL,T_CL_E2B_CODE_COL) values ('Country',null,null,null,null,'LM_COUNTRIES',null,null,null,null,null,null,null,null);
 18      Insert into MG_CL_MASTER (CL_NAME,S_CL_TABLE,S_CL_CODE_COL,S_CL_DECODE_COL,S_WHERE_COND,T_CL_TABLE,T_CL_CODE_COL,T_CL_DECODE_COL,T_WHERE_COND,ACTIVE,STATUS,S_CL_DISPLAY_COL,T_CL_DISPLAY_COL,T_CL_E2B_CODE_COL) values ('Delivery Type',null,null,null,null,'LM_DELIVERY_TYPES',null,null,null,null,null,null,null,null);
 19      Insert into MG_CL_MASTER (CL_NAME,S_CL_TABLE,S_CL_CODE_COL,S_CL_DECODE_COL,S_WHERE_COND,T_CL_TABLE,T_CL_CODE_COL,T_CL_DECODE_COL,T_WHERE_COND,ACTIVE,STATUS,S_CL_DISPLAY_COL,T_CL_DISPLAY_COL,T_CL_E2B_CODE_COL) values ('Dev Phase',null,null,null,null,'LM_DEV_PHASE','DEV_PHASE','DEV_PHASE_ID',null,null,null,null,null,null);
 20      Insert into MG_CL_MASTER (CL_NAME,S_CL_TABLE,S_CL_CODE_COL,S_CL_DECODE_COL,S_WHERE_COND,T_CL_TABLE,T_CL_CODE_COL,T_CL_DECODE_COL,T_WHERE_COND,ACTIVE,STATUS,S_CL_DISPLAY_COL,T_CL_DISPLAY_COL,T_CL_E2B_CODE_COL) values ('Device Age Unit',null,null,null,null,'LM_AGE_UNITS',null,null,'where device_age_unit = 1',null,null,null,null,null);
 21      Insert into MG_CL_MASTER (CL_NAME,S_CL_TABLE,S_CL_CODE_COL,S_CL_DECODE_COL,S_WHERE_COND,T_CL_TABLE,T_CL_CODE_COL,T_CL_DECODE_COL,T_WHERE_COND,ACTIVE,STATUS,S_CL_DISPLAY_COL,T_CL_DISPLAY_COL,T_CL_E2B_CODE_COL) values ('Device Classification',null,null,null,null,'LM_PMDA_DEVICE_CLASSIFICATION',null,null,null,null,null,null,null,null);
 22      Insert into MG_CL_MASTER (CL_NAME,S_CL_TABLE,S_CL_CODE_COL,S_CL_DECODE_COL,S_WHERE_COND,T_CL_TABLE,T_CL_CODE_COL,T_CL_DECODE_COL,T_WHERE_COND,ACTIVE,STATUS,S_CL_DISPLAY_COL,T_CL_DISPLAY_COL,T_CL_E2B_CODE_COL) values ('Device Delivery Type',null,null,null,null,'CL_DEVICE_DELIV_TYPE',null,null,null,null,null,null,null,null);
 23      Insert into MG_CL_MASTER (CL_NAME,S_CL_TABLE,S_CL_CODE_COL,S_CL_DECODE_COL,S_WHERE_COND,T_CL_TABLE,T_CL_CODE_COL,T_CL_DECODE_COL,T_WHERE_COND,ACTIVE,STATUS,S_CL_DISPLAY_COL,T_CL_DISPLAY_COL,T_CL_E2B_CODE_COL) values ('Device Evaluation',null,null,null,null,'CL_DEVICE_EVALUATION',null,null,null,null,null,null,null,null);
 24      Insert into MG_CL_MASTER (CL_NAME,S_CL_TABLE,S_CL_CODE_COL,S_CL_DECODE_COL,S_WHERE_COND,T_CL_TABLE,T_CL_CODE_COL,T_CL_DECODE_COL,T_WHERE_COND,ACTIVE,STATUS,S_CL_DISPLAY_COL,T_CL_DISPLAY_COL,T_CL_E2B_CODE_COL) values ('Device Operator',null,null,null,null,'CL_DEVICE_OPERATOR',null,null,null,null,null,null,null,null);
 25      Insert into MG_CL_MASTER (CL_NAME,S_CL_TABLE,S_CL_CODE_COL,S_CL_DECODE_COL,S_WHERE_COND,T_CL_TABLE,T_CL_CODE_COL,T_CL_DECODE_COL,T_WHERE_COND,ACTIVE,STATUS,S_CL_DISPLAY_COL,T_CL_DISPLAY_COL,T_CL_E2B_CODE_COL) values ('Device Outcome',null,null,null,null,'LM_PMDA_DEVICE_OUTCOME',null,null,null,null,null,null,null,null);
 26      Insert into MG_CL_MASTER (CL_NAME,S_CL_TABLE,S_CL_CODE_COL,S_CL_DECODE_COL,S_WHERE_COND,T_CL_TABLE,T_CL_CODE_COL,T_CL_DECODE_COL,T_WHERE_COND,ACTIVE,STATUS,S_CL_DISPLAY_COL,T_CL_DISPLAY_COL,T_CL_E2B_CODE_COL) values ('Device Reporting Category',null,null,null,null,'LM_DEVICE_RPT_CATEGORY',null,null,null,null,null,null,null,null);
 27      Insert into MG_CL_MASTER (CL_NAME,S_CL_TABLE,S_CL_CODE_COL,S_CL_DECODE_COL,S_WHERE_COND,T_CL_TABLE,T_CL_CODE_COL,T_CL_DECODE_COL,T_WHERE_COND,ACTIVE,STATUS,S_CL_DISPLAY_COL,T_CL_DISPLAY_COL,T_CL_E2B_CODE_COL) values ('Device Subcomponents',null,null,null,null,'LM_DEVICE_SUBCOMPONENTS',null,null,null,null,null,null,null,null);
 28      Insert into MG_CL_MASTER (CL_NAME,S_CL_TABLE,S_CL_CODE_COL,S_CL_DECODE_COL,S_WHERE_COND,T_CL_TABLE,T_CL_CODE_COL,T_CL_DECODE_COL,T_WHERE_COND,ACTIVE,STATUS,S_CL_DISPLAY_COL,T_CL_DISPLAY_COL,T_CL_E2B_CODE_COL) values ('Device Type',null,null,null,null,'LM_DEVICE_TYPE',null,'DEVICE_TYPE_ID',null,null,null,null,null,null);
 29      Insert into MG_CL_MASTER (CL_NAME,S_CL_TABLE,S_CL_CODE_COL,S_CL_DECODE_COL,S_WHERE_COND,T_CL_TABLE,T_CL_CODE_COL,T_CL_DECODE_COL,T_WHERE_COND,ACTIVE,STATUS,S_CL_DISPLAY_COL,T_CL_DISPLAY_COL,T_CL_E2B_CODE_COL) values ('Device Usage',null,null,null,null,'CL_DEVICE_USAGE',null,null,null,null,null,null,null,null);
 30      Insert into MG_CL_MASTER (CL_NAME,S_CL_TABLE,S_CL_CODE_COL,S_CL_DECODE_COL,S_WHERE_COND,T_CL_TABLE,T_CL_CODE_COL,T_CL_DECODE_COL,T_WHERE_COND,ACTIVE,STATUS,S_CL_DISPLAY_COL,T_CL_DISPLAY_COL,T_CL_E2B_CODE_COL) values ('Dose Frequency',null,null,null,null,'LM_DOSE_FREQUENCY',null,null,null,null,null,null,null,null);
 31      Insert into MG_CL_MASTER (CL_NAME,S_CL_TABLE,S_CL_CODE_COL,S_CL_DECODE_COL,S_WHERE_COND,T_CL_TABLE,T_CL_CODE_COL,T_CL_DECODE_COL,T_WHERE_COND,ACTIVE,STATUS,S_CL_DISPLAY_COL,T_CL_DISPLAY_COL,T_CL_E2B_CODE_COL) values ('Dose Units',null,null,null,null,'LM_DOSE_UNITS',null,null,'where dosage_unit = 1',null,null,null,null,null);
 32      Insert into MG_CL_MASTER (CL_NAME,S_CL_TABLE,S_CL_CODE_COL,S_CL_DECODE_COL,S_WHERE_COND,T_CL_TABLE,T_CL_CODE_COL,T_CL_DECODE_COL,T_WHERE_COND,ACTIVE,STATUS,S_CL_DISPLAY_COL,T_CL_DISPLAY_COL,T_CL_E2B_CODE_COL) values ('Drug Type',null,null,null,null,'CMN_LOOKUP',null,null,'where id in (1,2,3)',null,null,null,null,null);
 33      Insert into MG_CL_MASTER (CL_NAME,S_CL_TABLE,S_CL_CODE_COL,S_CL_DECODE_COL,S_WHERE_COND,T_CL_TABLE,T_CL_CODE_COL,T_CL_DECODE_COL,T_WHERE_COND,ACTIVE,STATUS,S_CL_DISPLAY_COL,T_CL_DISPLAY_COL,T_CL_E2B_CODE_COL) values ('Ethnicity',null,null,null,null,'LM_ETHNICITY','ETHNICITY','ETHNICITY_ID',null,null,null,null,null,null);
 34      Insert into MG_CL_MASTER (CL_NAME,S_CL_TABLE,S_CL_CODE_COL,S_CL_DECODE_COL,S_WHERE_COND,T_CL_TABLE,T_CL_CODE_COL,T_CL_DECODE_COL,T_WHERE_COND,ACTIVE,STATUS,S_CL_DISPLAY_COL,T_CL_DISPLAY_COL,T_CL_E2B_CODE_COL) values ('Evaluation Reason',null,null,null,null,'LM_MFR_EVAL_REASON','MFR_EVAL_REASON',null,null,null,null,null,null,null);
 35      Insert into MG_CL_MASTER (CL_NAME,S_CL_TABLE,S_CL_CODE_COL,S_CL_DECODE_COL,S_WHERE_COND,T_CL_TABLE,T_CL_CODE_COL,T_CL_DECODE_COL,T_WHERE_COND,ACTIVE,STATUS,S_CL_DISPLAY_COL,T_CL_DISPLAY_COL,T_CL_E2B_CODE_COL) values ('Evaluator Type',null,null,null,null,'LM_EVALUATOR_TYPE','EVALUATOR_TYPE','EVALUATOR_TYPE_ID',null,null,null,null,null,null);
 36      Insert into MG_CL_MASTER (CL_NAME,S_CL_TABLE,S_CL_CODE_COL,S_CL_DECODE_COL,S_WHERE_COND,T_CL_TABLE,T_CL_CODE_COL,T_CL_DECODE_COL,T_WHERE_COND,ACTIVE,STATUS,S_CL_DISPLAY_COL,T_CL_DISPLAY_COL,T_CL_E2B_CODE_COL) values ('Event Frequency',null,null,null,null,'LM_EVT_FREQUENCY',null,null,null,null,null,null,null,null);
 37      Insert into MG_CL_MASTER (CL_NAME,S_CL_TABLE,S_CL_CODE_COL,S_CL_DECODE_COL,S_WHERE_COND,T_CL_TABLE,T_CL_CODE_COL,T_CL_DECODE_COL,T_WHERE_COND,ACTIVE,STATUS,S_CL_DISPLAY_COL,T_CL_DISPLAY_COL,T_CL_E2B_CODE_COL) values ('Event Intensity',null,null,null,null,'LM_EVT_INTENSITY','EVT_INTENSITY','EVT_INTENSITY_ID',null,null,null,null,null,null);
 38      Insert into MG_CL_MASTER (CL_NAME,S_CL_TABLE,S_CL_CODE_COL,S_CL_DECODE_COL,S_WHERE_COND,T_CL_TABLE,T_CL_CODE_COL,T_CL_DECODE_COL,T_WHERE_COND,ACTIVE,STATUS,S_CL_DISPLAY_COL,T_CL_DISPLAY_COL,T_CL_E2B_CODE_COL) values ('Event Nature',null,null,null,null,'LM_EVT_NATURE','EVT_NATURE','EVT_NATURE_ID',null,null,null,null,null,null);
 39      Insert into MG_CL_MASTER (CL_NAME,S_CL_TABLE,S_CL_CODE_COL,S_CL_DECODE_COL,S_WHERE_COND,T_CL_TABLE,T_CL_CODE_COL,T_CL_DECODE_COL,T_WHERE_COND,ACTIVE,STATUS,S_CL_DISPLAY_COL,T_CL_DISPLAY_COL,T_CL_E2B_CODE_COL) values ('Event Outcome',null,null,null,null,'LM_EVT_OUTCOME','EVT_OUTCOME','EVT_OUTCOME_ID',null,null,null,null,null,null);
 40      Insert into MG_CL_MASTER (CL_NAME,S_CL_TABLE,S_CL_CODE_COL,S_CL_DECODE_COL,S_WHERE_COND,T_CL_TABLE,T_CL_CODE_COL,T_CL_DECODE_COL,T_WHERE_COND,ACTIVE,STATUS,S_CL_DISPLAY_COL,T_CL_DISPLAY_COL,T_CL_E2B_CODE_COL) values ('Event Severity',null,null,null,null,'LM_SEVERITY','SEVERITY','SEVERITY_ID',null,null,null,null,null,null);
 41      Insert into MG_CL_MASTER (CL_NAME,S_CL_TABLE,S_CL_CODE_COL,S_CL_DECODE_COL,S_WHERE_COND,T_CL_TABLE,T_CL_CODE_COL,T_CL_DECODE_COL,T_WHERE_COND,ACTIVE,STATUS,S_CL_DISPLAY_COL,T_CL_DISPLAY_COL,T_CL_E2B_CODE_COL) values ('Fetal Outcome',null,null,null,null,'LM_FETAL_OUTCOME','FETAL_OUTCOME','FETAL_OUTCOME_ID',null,null,null,null,null,null);
 42      Insert into MG_CL_MASTER (CL_NAME,S_CL_TABLE,S_CL_CODE_COL,S_CL_DECODE_COL,S_WHERE_COND,T_CL_TABLE,T_CL_CODE_COL,T_CL_DECODE_COL,T_WHERE_COND,ACTIVE,STATUS,S_CL_DISPLAY_COL,T_CL_DISPLAY_COL,T_CL_E2B_CODE_COL) values ('Followup Type',null,null,null,null,'CL_FOLLOWUP_TYPE',null,null,null,null,null,null,null,null);
 43      Insert into MG_CL_MASTER (CL_NAME,S_CL_TABLE,S_CL_CODE_COL,S_CL_DECODE_COL,S_WHERE_COND,T_CL_TABLE,T_CL_CODE_COL,T_CL_DECODE_COL,T_WHERE_COND,ACTIVE,STATUS,S_CL_DISPLAY_COL,T_CL_DISPLAY_COL,T_CL_E2B_CODE_COL) values ('Formulation',null,null,null,null,'LM_FORMULATION','FORMULATION','FORMULATION_ID',null,null,null,null,null,null);
 44      Insert into MG_CL_MASTER (CL_NAME,S_CL_TABLE,S_CL_CODE_COL,S_CL_DECODE_COL,S_WHERE_COND,T_CL_TABLE,T_CL_CODE_COL,T_CL_DECODE_COL,T_WHERE_COND,ACTIVE,STATUS,S_CL_DISPLAY_COL,T_CL_DISPLAY_COL,T_CL_E2B_CODE_COL) values ('GESTATION PERIOD',null,null,null,null,'LM_AGE_UNITS',null,null,'where gestation_period = 1',null,null,null,null,null);
 45      Insert into MG_CL_MASTER (CL_NAME,S_CL_TABLE,S_CL_CODE_COL,S_CL_DECODE_COL,S_WHERE_COND,T_CL_TABLE,T_CL_CODE_COL,T_CL_DECODE_COL,T_WHERE_COND,ACTIVE,STATUS,S_CL_DISPLAY_COL,T_CL_DISPLAY_COL,T_CL_E2B_CODE_COL) values ('Gender',null,null,null,null,'LM_GENDER','GENDER','GENDER_ID',null,null,null,null,null,null);
 46      Insert into MG_CL_MASTER (CL_NAME,S_CL_TABLE,S_CL_CODE_COL,S_CL_DECODE_COL,S_WHERE_COND,T_CL_TABLE,T_CL_CODE_COL,T_CL_DECODE_COL,T_WHERE_COND,ACTIVE,STATUS,S_CL_DISPLAY_COL,T_CL_DISPLAY_COL,T_CL_E2B_CODE_COL) values ('Hcp',null,null,null,null,'LM_HCP','HCP','HCP_ID',null,null,null,null,null,null);
 47      Insert into MG_CL_MASTER (CL_NAME,S_CL_TABLE,S_CL_CODE_COL,S_CL_DECODE_COL,S_WHERE_COND,T_CL_TABLE,T_CL_CODE_COL,T_CL_DECODE_COL,T_WHERE_COND,ACTIVE,STATUS,S_CL_DISPLAY_COL,T_CL_DISPLAY_COL,T_CL_E2B_CODE_COL) values ('Improper Use',null,null,null,null,'LM_IMPROPER_USE','IMPROPER_USE','IMPROPER_USE_ID',null,null,null,null,null,null);
 48      Insert into MG_CL_MASTER (CL_NAME,S_CL_TABLE,S_CL_CODE_COL,S_CL_DECODE_COL,S_WHERE_COND,T_CL_TABLE,T_CL_CODE_COL,T_CL_DECODE_COL,T_WHERE_COND,ACTIVE,STATUS,S_CL_DISPLAY_COL,T_CL_DISPLAY_COL,T_CL_E2B_CODE_COL) values ('Intermediary',null,null,null,null,'LM_INTERMEDIARY','INTERMEDIARY','INTERMEDIARY_ID',null,null,null,null,null,null);
 49      Insert into MG_CL_MASTER (CL_NAME,S_CL_TABLE,S_CL_CODE_COL,S_CL_DECODE_COL,S_WHERE_COND,T_CL_TABLE,T_CL_CODE_COL,T_CL_DECODE_COL,T_WHERE_COND,ACTIVE,STATUS,S_CL_DISPLAY_COL,T_CL_DISPLAY_COL,T_CL_E2B_CODE_COL) values ('Interval Units',null,null,null,null,'ESM_LM_UNITS',null,null,null,null,null,null,null,null);
 50      Insert into MG_CL_MASTER (CL_NAME,S_CL_TABLE,S_CL_CODE_COL,S_CL_DECODE_COL,S_WHERE_COND,T_CL_TABLE,T_CL_CODE_COL,T_CL_DECODE_COL,T_WHERE_COND,ACTIVE,STATUS,S_CL_DISPLAY_COL,T_CL_DISPLAY_COL,T_CL_E2B_CODE_COL) values ('Jpn Drug Code Type',null,null,null,null,'CL_JPN_DRUG_CODE_TYPE',null,null,null,null,null,null,null,null);
 51      Insert into MG_CL_MASTER (CL_NAME,S_CL_TABLE,S_CL_CODE_COL,S_CL_DECODE_COL,S_WHERE_COND,T_CL_TABLE,T_CL_CODE_COL,T_CL_DECODE_COL,T_WHERE_COND,ACTIVE,STATUS,S_CL_DISPLAY_COL,T_CL_DISPLAY_COL,T_CL_E2B_CODE_COL) values ('Lab Assessment',null,null,null,null,'LM_LAB_ASSESSMENT',null,null,null,null,null,null,null,null);
 52      Insert into MG_CL_MASTER (CL_NAME,S_CL_TABLE,S_CL_CODE_COL,S_CL_DECODE_COL,S_WHERE_COND,T_CL_TABLE,T_CL_CODE_COL,T_CL_DECODE_COL,T_WHERE_COND,ACTIVE,STATUS,S_CL_DISPLAY_COL,T_CL_DISPLAY_COL,T_CL_E2B_CODE_COL) values ('Lab Test Group',null,null,null,null,'LM_LAB_TEST_GROUP','LAB_TEST_GROUP','LAB_TEST_GROUP_ID',null,null,null,null,null,null);
 53      Insert into MG_CL_MASTER (CL_NAME,S_CL_TABLE,S_CL_CODE_COL,S_CL_DECODE_COL,S_WHERE_COND,T_CL_TABLE,T_CL_CODE_COL,T_CL_DECODE_COL,T_WHERE_COND,ACTIVE,STATUS,S_CL_DISPLAY_COL,T_CL_DISPLAY_COL,T_CL_E2B_CODE_COL) values ('Lab Test Units',null,null,null,null,'LM_DOSE_UNITS',null,null,'where lab_test_unit = 1',null,null,null,null,null);
 54      Insert into MG_CL_MASTER (CL_NAME,S_CL_TABLE,S_CL_CODE_COL,S_CL_DECODE_COL,S_WHERE_COND,T_CL_TABLE,T_CL_CODE_COL,T_CL_DECODE_COL,T_WHERE_COND,ACTIVE,STATUS,S_CL_DISPLAY_COL,T_CL_DISPLAY_COL,T_CL_E2B_CODE_COL) values ('Labeledness',null,null,null,null,'LM_LISTEDNESS','LISTEDNESS','LISTEDNESS_ID',null,null,null,null,null,null);
 55      Insert into MG_CL_MASTER (CL_NAME,S_CL_TABLE,S_CL_CODE_COL,S_CL_DECODE_COL,S_WHERE_COND,T_CL_TABLE,T_CL_CODE_COL,T_CL_DECODE_COL,T_WHERE_COND,ACTIVE,STATUS,S_CL_DISPLAY_COL,T_CL_DISPLAY_COL,T_CL_E2B_CODE_COL) values ('Languages',null,null,null,null,'LM_LANGUAGES',null,null,null,null,null,null,null,null);
 56      Insert into MG_CL_MASTER (CL_NAME,S_CL_TABLE,S_CL_CODE_COL,S_CL_DECODE_COL,S_WHERE_COND,T_CL_TABLE,T_CL_CODE_COL,T_CL_DECODE_COL,T_WHERE_COND,ACTIVE,STATUS,S_CL_DISPLAY_COL,T_CL_DISPLAY_COL,T_CL_E2B_CODE_COL) values ('License Category',null,null,null,null,'LM_LIC_CATEGORY',null,null,null,null,null,null,null,null);
 57      Insert into MG_CL_MASTER (CL_NAME,S_CL_TABLE,S_CL_CODE_COL,S_CL_DECODE_COL,S_WHERE_COND,T_CL_TABLE,T_CL_CODE_COL,T_CL_DECODE_COL,T_WHERE_COND,ACTIVE,STATUS,S_CL_DISPLAY_COL,T_CL_DISPLAY_COL,T_CL_E2B_CODE_COL) values ('License Type',null,null,null,null,'LM_LICENSE_TYPES',null,null,null,null,null,null,null,null);
 58      Insert into MG_CL_MASTER (CL_NAME,S_CL_TABLE,S_CL_CODE_COL,S_CL_DECODE_COL,S_WHERE_COND,T_CL_TABLE,T_CL_CODE_COL,T_CL_DECODE_COL,T_WHERE_COND,ACTIVE,STATUS,S_CL_DISPLAY_COL,T_CL_DISPLAY_COL,T_CL_E2B_CODE_COL) values ('Listedness',null,null,null,null,'LM_LISTEDNESS','LISTEDNESS','LISTEDNESS_ID',null,null,null,null,null,null);
 59      Insert into MG_CL_MASTER (CL_NAME,S_CL_TABLE,S_CL_CODE_COL,S_CL_DECODE_COL,S_WHERE_COND,T_CL_TABLE,T_CL_CODE_COL,T_CL_DECODE_COL,T_WHERE_COND,ACTIVE,STATUS,S_CL_DISPLAY_COL,T_CL_DISPLAY_COL,T_CL_E2B_CODE_COL) values ('Literature Type',null,null,null,null,'LM_LITERATURE_TYPE',null,null,null,null,null,null,null,null);
 60      Insert into MG_CL_MASTER (CL_NAME,S_CL_TABLE,S_CL_CODE_COL,S_CL_DECODE_COL,S_WHERE_COND,T_CL_TABLE,T_CL_CODE_COL,T_CL_DECODE_COL,T_WHERE_COND,ACTIVE,STATUS,S_CL_DISPLAY_COL,T_CL_DISPLAY_COL,T_CL_E2B_CODE_COL) values ('Location',null,null,null,null,'LM_LOCATION',null,'LOCATION_ID',null,null,null,null,null,null);
 61      Insert into MG_CL_MASTER (CL_NAME,S_CL_TABLE,S_CL_CODE_COL,S_CL_DECODE_COL,S_WHERE_COND,T_CL_TABLE,T_CL_CODE_COL,T_CL_DECODE_COL,T_WHERE_COND,ACTIVE,STATUS,S_CL_DISPLAY_COL,T_CL_DISPLAY_COL,T_CL_E2B_CODE_COL) values ('MEDIA TYPE',null,null,null,null,'LM_MEDIA_TYPE','MEDIA_TYPE',null,null,null,null,null,null,null);
 62      Insert into MG_CL_MASTER (CL_NAME,S_CL_TABLE,S_CL_CODE_COL,S_CL_DECODE_COL,S_WHERE_COND,T_CL_TABLE,T_CL_CODE_COL,T_CL_DECODE_COL,T_WHERE_COND,ACTIVE,STATUS,S_CL_DISPLAY_COL,T_CL_DISPLAY_COL,T_CL_E2B_CODE_COL) values ('Malfunction Type',null,null,null,null,'LM_MALFUNCTION_TYPE','MALFUNCTION_TYPE','MALFUNCTION_TYPE_ID',null,null,null,null,null,null);
 63      Insert into MG_CL_MASTER (CL_NAME,S_CL_TABLE,S_CL_CODE_COL,S_CL_DECODE_COL,S_WHERE_COND,T_CL_TABLE,T_CL_CODE_COL,T_CL_DECODE_COL,T_WHERE_COND,ACTIVE,STATUS,S_CL_DISPLAY_COL,T_CL_DISPLAY_COL,T_CL_E2B_CODE_COL) values ('Manufacturer',null,null,null,null,'LM_MANUFACTURER',null,'MANUFACTURER_ID',null,null,null,null,null,null);
 64      Insert into MG_CL_MASTER (CL_NAME,S_CL_TABLE,S_CL_CODE_COL,S_CL_DECODE_COL,S_WHERE_COND,T_CL_TABLE,T_CL_CODE_COL,T_CL_DECODE_COL,T_WHERE_COND,ACTIVE,STATUS,S_CL_DISPLAY_COL,T_CL_DISPLAY_COL,T_CL_E2B_CODE_COL) values ('Medical Device Info',null,null,null,null,'LM_MEDICAL_DEVICE_INFO','MEDICAL_DEVICE_INFO','MEDICAL_DEVICE_INFO_ID',null,null,null,null,null,null);
 65      Insert into MG_CL_MASTER (CL_NAME,S_CL_TABLE,S_CL_CODE_COL,S_CL_DECODE_COL,S_WHERE_COND,T_CL_TABLE,T_CL_CODE_COL,T_CL_DECODE_COL,T_WHERE_COND,ACTIVE,STATUS,S_CL_DISPLAY_COL,T_CL_DISPLAY_COL,T_CL_E2B_CODE_COL) values ('Medical Status',null,null,null,null,'LM_MEDICAL_STATUS',null,null,null,null,null,null,null,null);
 66      Insert into MG_CL_MASTER (CL_NAME,S_CL_TABLE,S_CL_CODE_COL,S_CL_DECODE_COL,S_WHERE_COND,T_CL_TABLE,T_CL_CODE_COL,T_CL_DECODE_COL,T_WHERE_COND,ACTIVE,STATUS,S_CL_DISPLAY_COL,T_CL_DISPLAY_COL,T_CL_E2B_CODE_COL) values ('Mfr Evaluation',null,null,null,null,'CL_MFR_EVALUATION',null,null,null,null,null,null,null,null);
 67      Insert into MG_CL_MASTER (CL_NAME,S_CL_TABLE,S_CL_CODE_COL,S_CL_DECODE_COL,S_WHERE_COND,T_CL_TABLE,T_CL_CODE_COL,T_CL_DECODE_COL,T_WHERE_COND,ACTIVE,STATUS,S_CL_DISPLAY_COL,T_CL_DISPLAY_COL,T_CL_E2B_CODE_COL) values ('Occupation',null,null,null,null,'LM_OCCUPATIONS',null,null,null,null,null,null,null,null);
 68      Insert into MG_CL_MASTER (CL_NAME,S_CL_TABLE,S_CL_CODE_COL,S_CL_DECODE_COL,S_WHERE_COND,T_CL_TABLE,T_CL_CODE_COL,T_CL_DECODE_COL,T_WHERE_COND,ACTIVE,STATUS,S_CL_DISPLAY_COL,T_CL_DISPLAY_COL,T_CL_E2B_CODE_COL) values ('Package Units',null,null,null,null,'LM_PACK_UNITS',null,null,null,null,null,null,null,null);
 69      Insert into MG_CL_MASTER (CL_NAME,S_CL_TABLE,S_CL_CODE_COL,S_CL_DECODE_COL,S_WHERE_COND,T_CL_TABLE,T_CL_CODE_COL,T_CL_DECODE_COL,T_WHERE_COND,ACTIVE,STATUS,S_CL_DISPLAY_COL,T_CL_DISPLAY_COL,T_CL_E2B_CODE_COL) values ('Patient Occupation',null,null,null,null,'LM_OCCUPATIONS',null,null,null,null,null,null,null,null);
 70      Insert into MG_CL_MASTER (CL_NAME,S_CL_TABLE,S_CL_CODE_COL,S_CL_DECODE_COL,S_WHERE_COND,T_CL_TABLE,T_CL_CODE_COL,T_CL_DECODE_COL,T_WHERE_COND,ACTIVE,STATUS,S_CL_DISPLAY_COL,T_CL_DISPLAY_COL,T_CL_E2B_CODE_COL) values ('Previous Use',null,null,null,null,'CL_PREV_USE','PREV_USE',null,null,null,null,null,null,null);
 71      Insert into MG_CL_MASTER (CL_NAME,S_CL_TABLE,S_CL_CODE_COL,S_CL_DECODE_COL,S_WHERE_COND,T_CL_TABLE,T_CL_CODE_COL,T_CL_DECODE_COL,T_WHERE_COND,ACTIVE,STATUS,S_CL_DISPLAY_COL,T_CL_DISPLAY_COL,T_CL_E2B_CODE_COL) values ('Purchased With Option',null,null,null,null,'LM_PURCHASED_WITH',null,null,null,null,null,null,null,null);
 72      Insert into MG_CL_MASTER (CL_NAME,S_CL_TABLE,S_CL_CODE_COL,S_CL_DECODE_COL,S_WHERE_COND,T_CL_TABLE,T_CL_CODE_COL,T_CL_DECODE_COL,T_WHERE_COND,ACTIVE,STATUS,S_CL_DISPLAY_COL,T_CL_DISPLAY_COL,T_CL_E2B_CODE_COL) values ('REPORTING DESTINATION TYPE',null,null,null,null,'ESM_LM_TYPES',null,null,null,null,null,null,null,null);
 73      Insert into MG_CL_MASTER (CL_NAME,S_CL_TABLE,S_CL_CODE_COL,S_CL_DECODE_COL,S_WHERE_COND,T_CL_TABLE,T_CL_CODE_COL,T_CL_DECODE_COL,T_WHERE_COND,ACTIVE,STATUS,S_CL_DISPLAY_COL,T_CL_DISPLAY_COL,T_CL_E2B_CODE_COL) values ('Rechallenge Outcome',null,null,null,null,'CL_RECHALL_OUTCOME',null,null,null,null,null,null,null,null);
 74      Insert into MG_CL_MASTER (CL_NAME,S_CL_TABLE,S_CL_CODE_COL,S_CL_DECODE_COL,S_WHERE_COND,T_CL_TABLE,T_CL_CODE_COL,T_CL_DECODE_COL,T_WHERE_COND,ACTIVE,STATUS,S_CL_DISPLAY_COL,T_CL_DISPLAY_COL,T_CL_E2B_CODE_COL) values ('Reference Types',null,null,null,null,'LM_REF_TYPES',null,null,null,null,null,null,null,null);
 75      Insert into MG_CL_MASTER (CL_NAME,S_CL_TABLE,S_CL_CODE_COL,S_CL_DECODE_COL,S_WHERE_COND,T_CL_TABLE,T_CL_CODE_COL,T_CL_DECODE_COL,T_WHERE_COND,ACTIVE,STATUS,S_CL_DISPLAY_COL,T_CL_DISPLAY_COL,T_CL_E2B_CODE_COL) values ('Relation',null,null,null,null,'LM_RELATION',null,null,null,null,null,null,null,null);
 76      Insert into MG_CL_MASTER (CL_NAME,S_CL_TABLE,S_CL_CODE_COL,S_CL_DECODE_COL,S_WHERE_COND,T_CL_TABLE,T_CL_CODE_COL,T_CL_DECODE_COL,T_WHERE_COND,ACTIVE,STATUS,S_CL_DISPLAY_COL,T_CL_DISPLAY_COL,T_CL_E2B_CODE_COL) values ('Remedial Action',null,null,null,null,'CL_REMEDIAL_ACTION',null,null,null,null,null,null,null,null);
 77      Insert into MG_CL_MASTER (CL_NAME,S_CL_TABLE,S_CL_CODE_COL,S_CL_DECODE_COL,S_WHERE_COND,T_CL_TABLE,T_CL_CODE_COL,T_CL_DECODE_COL,T_WHERE_COND,ACTIVE,STATUS,S_CL_DISPLAY_COL,T_CL_DISPLAY_COL,T_CL_E2B_CODE_COL) values ('Report Media',null,null,null,null,'LM_REPORT_MEDIA',null,null,null,null,null,null,null,null);
 78      Insert into MG_CL_MASTER (CL_NAME,S_CL_TABLE,S_CL_CODE_COL,S_CL_DECODE_COL,S_WHERE_COND,T_CL_TABLE,T_CL_CODE_COL,T_CL_DECODE_COL,T_WHERE_COND,ACTIVE,STATUS,S_CL_DISPLAY_COL,T_CL_DISPLAY_COL,T_CL_E2B_CODE_COL) values ('Report Type',null,null,null,null,'LM_REPORT_TYPE','REPORT_TYPE',null,null,null,null,null,null,null);
 79      Insert into MG_CL_MASTER (CL_NAME,S_CL_TABLE,S_CL_CODE_COL,S_CL_DECODE_COL,S_WHERE_COND,T_CL_TABLE,T_CL_CODE_COL,T_CL_DECODE_COL,T_WHERE_COND,ACTIVE,STATUS,S_CL_DISPLAY_COL,T_CL_DISPLAY_COL,T_CL_E2B_CODE_COL) values ('Reported',null,null,null,null,'LM_REPORTED',null,null,null,null,null,null,null,null);
 80      Insert into MG_CL_MASTER (CL_NAME,S_CL_TABLE,S_CL_CODE_COL,S_CL_DECODE_COL,S_WHERE_COND,T_CL_TABLE,T_CL_CODE_COL,T_CL_DECODE_COL,T_WHERE_COND,ACTIVE,STATUS,S_CL_DISPLAY_COL,T_CL_DISPLAY_COL,T_CL_E2B_CODE_COL) values ('Reporter Occupation',null,null,null,null,'LM_OCCUPATIONS',null,null,'where ICH = 1',null,null,null,null,null);
 81      Insert into MG_CL_MASTER (CL_NAME,S_CL_TABLE,S_CL_CODE_COL,S_CL_DECODE_COL,S_WHERE_COND,T_CL_TABLE,T_CL_CODE_COL,T_CL_DECODE_COL,T_WHERE_COND,ACTIVE,STATUS,S_CL_DISPLAY_COL,T_CL_DISPLAY_COL,T_CL_E2B_CODE_COL) values ('Reporter Type',null,null,null,null,'LM_REPORTER_TYPE','REPORTER_TYPE',null,null,null,null,null,null,null);
 82      Insert into MG_CL_MASTER (CL_NAME,S_CL_TABLE,S_CL_CODE_COL,S_CL_DECODE_COL,S_WHERE_COND,T_CL_TABLE,T_CL_CODE_COL,T_CL_DECODE_COL,T_WHERE_COND,ACTIVE,STATUS,S_CL_DISPLAY_COL,T_CL_DISPLAY_COL,T_CL_E2B_CODE_COL) values ('Reporting Category',null,null,null,null,'LM_RPT_CATEGORY','RPT_CATEGORY','RPT_CATEGORY_ID',null,null,null,null,null,null);
 83      Insert into MG_CL_MASTER (CL_NAME,S_CL_TABLE,S_CL_CODE_COL,S_CL_DECODE_COL,S_WHERE_COND,T_CL_TABLE,T_CL_CODE_COL,T_CL_DECODE_COL,T_WHERE_COND,ACTIVE,STATUS,S_CL_DISPLAY_COL,T_CL_DISPLAY_COL,T_CL_E2B_CODE_COL) values ('Route',null,null,null,null,'LM_ADMIN_ROUTE',null,'ADMIN_ROUTE_ID',null,null,null,null,null,null);
 84      Insert into MG_CL_MASTER (CL_NAME,S_CL_TABLE,S_CL_CODE_COL,S_CL_DECODE_COL,S_WHERE_COND,T_CL_TABLE,T_CL_CODE_COL,T_CL_DECODE_COL,T_WHERE_COND,ACTIVE,STATUS,S_CL_DISPLAY_COL,T_CL_DISPLAY_COL,T_CL_E2B_CODE_COL) values ('Site Abrv',null,null,null,null,'LM_SITES',null,null,null,null,null,null,null,null);
 85      Insert into MG_CL_MASTER (CL_NAME,S_CL_TABLE,S_CL_CODE_COL,S_CL_DECODE_COL,S_WHERE_COND,T_CL_TABLE,T_CL_CODE_COL,T_CL_DECODE_COL,T_WHERE_COND,ACTIVE,STATUS,S_CL_DISPLAY_COL,T_CL_DISPLAY_COL,T_CL_E2B_CODE_COL) values ('State 2',null,null,null,null,'CMN_LOOKUP',null,null,'where id in (0,1)',null,null,null,null,null);
 86      Insert into MG_CL_MASTER (CL_NAME,S_CL_TABLE,S_CL_CODE_COL,S_CL_DECODE_COL,S_WHERE_COND,T_CL_TABLE,T_CL_CODE_COL,T_CL_DECODE_COL,T_WHERE_COND,ACTIVE,STATUS,S_CL_DISPLAY_COL,T_CL_DISPLAY_COL,T_CL_E2B_CODE_COL) values ('State 3',null,null,null,null,'CMN_LOOKUP',null,null,'where id in (0,1,2)',null,null,null,null,null);
 87      Insert into MG_CL_MASTER (CL_NAME,S_CL_TABLE,S_CL_CODE_COL,S_CL_DECODE_COL,S_WHERE_COND,T_CL_TABLE,T_CL_CODE_COL,T_CL_DECODE_COL,T_WHERE_COND,ACTIVE,STATUS,S_CL_DISPLAY_COL,T_CL_DISPLAY_COL,T_CL_E2B_CODE_COL) values ('State 4',null,null,null,null,'CMN_LOOKUP',null,null,'where id in (0,1,2,3)',null,null,null,null,null);
 88      Insert into MG_CL_MASTER (CL_NAME,S_CL_TABLE,S_CL_CODE_COL,S_CL_DECODE_COL,S_WHERE_COND,T_CL_TABLE,T_CL_CODE_COL,T_CL_DECODE_COL,T_WHERE_COND,ACTIVE,STATUS,S_CL_DISPLAY_COL,T_CL_DISPLAY_COL,T_CL_E2B_CODE_COL) values ('Study Types',null,null,null,null,'LM_STUDY_TYPES',null,null,null,null,null,null,null,null);
 89      Insert into MG_CL_MASTER (CL_NAME,S_CL_TABLE,S_CL_CODE_COL,S_CL_DECODE_COL,S_WHERE_COND,T_CL_TABLE,T_CL_CODE_COL,T_CL_DECODE_COL,T_WHERE_COND,ACTIVE,STATUS,S_CL_DISPLAY_COL,T_CL_DISPLAY_COL,T_CL_E2B_CODE_COL) values ('Subject',null,null,null,null,'CL_SUBJECT','SUBJECT',null,null,null,null,null,null,null);
 90      Insert into MG_CL_MASTER (CL_NAME,S_CL_TABLE,S_CL_CODE_COL,S_CL_DECODE_COL,S_WHERE_COND,T_CL_TABLE,T_CL_CODE_COL,T_CL_DECODE_COL,T_WHERE_COND,ACTIVE,STATUS,S_CL_DISPLAY_COL,T_CL_DISPLAY_COL,T_CL_E2B_CODE_COL) values ('Term Type',null,null,null,null,'CL_TERM_TYPE',null,null,null,null,null,null,null,null);
 91      Insert into MG_CL_MASTER (CL_NAME,S_CL_TABLE,S_CL_CODE_COL,S_CL_DECODE_COL,S_WHERE_COND,T_CL_TABLE,T_CL_CODE_COL,T_CL_DECODE_COL,T_WHERE_COND,ACTIVE,STATUS,S_CL_DISPLAY_COL,T_CL_DISPLAY_COL,T_CL_E2B_CODE_COL) values ('Trimester Status',null,null,null,null,'CL_TRIMESTER_STATUS',null,null,null,null,null,null,null,null);
 92      Insert into MG_CL_MASTER (CL_NAME,S_CL_TABLE,S_CL_CODE_COL,S_CL_DECODE_COL,S_WHERE_COND,T_CL_TABLE,T_CL_CODE_COL,T_CL_DECODE_COL,T_WHERE_COND,ACTIVE,STATUS,S_CL_DISPLAY_COL,T_CL_DISPLAY_COL,T_CL_E2B_CODE_COL) values ('Unblinding Status',null,null,null,null,'LM_UNBLINDING_STATUS','UNBLINDING_STATUS',null,null,null,null,null,null,null);
 93      Insert into MG_CL_MASTER (CL_NAME,S_CL_TABLE,S_CL_CODE_COL,S_CL_DECODE_COL,S_WHERE_COND,T_CL_TABLE,T_CL_CODE_COL,T_CL_DECODE_COL,T_WHERE_COND,ACTIVE,STATUS,S_CL_DISPLAY_COL,T_CL_DISPLAY_COL,T_CL_E2B_CODE_COL) values ('Usage Of Device',null,null,null,null,'CL_USAGE_OF_DEVICE','USAGE_OF_DEVICE',null,null,null,null,null,null,null);
 94      Insert into MG_CL_MASTER (CL_NAME,S_CL_TABLE,S_CL_CODE_COL,S_CL_DECODE_COL,S_WHERE_COND,T_CL_TABLE,T_CL_CODE_COL,T_CL_DECODE_COL,T_WHERE_COND,ACTIVE,STATUS,S_CL_DISPLAY_COL,T_CL_DISPLAY_COL,T_CL_E2B_CODE_COL) values ('Vaccinated At',null,null,null,null,'LM_VACCINATED_AT',null,null,null,null,null,null,null,null);
 95      Insert into MG_CL_MASTER (CL_NAME,S_CL_TABLE,S_CL_CODE_COL,S_CL_DECODE_COL,S_WHERE_COND,T_CL_TABLE,T_CL_CODE_COL,T_CL_DECODE_COL,T_WHERE_COND,ACTIVE,STATUS,S_CL_DISPLAY_COL,T_CL_DISPLAY_COL,T_CL_E2B_CODE_COL) values ('Accidental Exposure',null,null,null,null,'LM_ACCIDENTAL_EXPOSURE','DESCRIPTION','ID',null,null,null,null,null,null);
 96      Insert into MG_CL_MASTER (CL_NAME,S_CL_TABLE,S_CL_CODE_COL,S_CL_DECODE_COL,S_WHERE_COND,T_CL_TABLE,T_CL_CODE_COL,T_CL_DECODE_COL,T_WHERE_COND,ACTIVE,STATUS,S_CL_DISPLAY_COL,T_CL_DISPLAY_COL,T_CL_E2B_CODE_COL) values ('Action Item Type',null,null,null,null,'LM_ACTION_ITEM_TYPE','ACTION_TYPE','ACTION_TYPE_ID',null,null,null,null,null,null);
 97      Insert into MG_CL_MASTER (CL_NAME,S_CL_TABLE,S_CL_CODE_COL,S_CL_DECODE_COL,S_WHERE_COND,T_CL_TABLE,T_CL_CODE_COL,T_CL_DECODE_COL,T_WHERE_COND,ACTIVE,STATUS,S_CL_DISPLAY_COL,T_CL_DISPLAY_COL,T_CL_E2B_CODE_COL) values ('Dose Frequency',null,null,null,null,'LM_DOSE_FREQUENCY','FREQ','FREQ_ID',null,null,null,null,null,null);
 98      Insert into MG_CL_MASTER (CL_NAME,S_CL_TABLE,S_CL_CODE_COL,S_CL_DECODE_COL,S_WHERE_COND,T_CL_TABLE,T_CL_CODE_COL,T_CL_DECODE_COL,T_WHERE_COND,ACTIVE,STATUS,S_CL_DISPLAY_COL,T_CL_DISPLAY_COL,T_CL_E2B_CODE_COL) values ('Dose Units','S_DRUG','DRUGSTRUCTUREDOSAGEUNIT','DRUGSTRUCTUREDOSAGEUNIT',null,'LM_DOSE_UNITS','UNIT','UNIT_ID','where dosage_unit = 1',null,null,null,null,null);
 99      Insert into MG_CL_MASTER (CL_NAME,S_CL_TABLE,S_CL_CODE_COL,S_CL_DECODE_COL,S_WHERE_COND,T_CL_TABLE,T_CL_CODE_COL,T_CL_DECODE_COL,T_WHERE_COND,ACTIVE,STATUS,S_CL_DISPLAY_COL,T_CL_DISPLAY_COL,T_CL_E2B_CODE_COL) values ('Action Taken','S_DRUG','ACTIONDRUG','ACTIONDRUG',null,'LM_ACTION_TAKEN','ACTION_TAKEN','ACT_TAKEN_ID',null,null,null,null,null,null);
100      Insert into MG_CL_MASTER (CL_NAME,S_CL_TABLE,S_CL_CODE_COL,S_CL_DECODE_COL,S_WHERE_COND,T_CL_TABLE,T_CL_CODE_COL,T_CL_DECODE_COL,T_WHERE_COND,ACTIVE,STATUS,S_CL_DISPLAY_COL,T_CL_DISPLAY_COL,T_CL_E2B_CODE_COL) values ('Age Groups','S_PATIENT','PATIENTAGEGROUP','PATIENTAGEGROUP',null,'LM_AGE_GROUPS','GROUP_NAME','AGE_GROUP_ID',null,null,null,null,null,null);
101      Insert into MG_CL_MASTER (CL_NAME,S_CL_TABLE,S_CL_CODE_COL,S_CL_DECODE_COL,S_WHERE_COND,T_CL_TABLE,T_CL_CODE_COL,T_CL_DECODE_COL,T_WHERE_COND,ACTIVE,STATUS,S_CL_DISPLAY_COL,T_CL_DISPLAY_COL,T_CL_E2B_CODE_COL) values ('Age Units','S_PATIENT','PATIENTONSETAGEUNIT','PATIENTONSETAGEUNIT',null,'LM_AGE_UNITS','AGE_UNIT','AGE_UNIT_ID',null,null,null,null,null,null);
102      Insert into MG_CL_MASTER (CL_NAME,S_CL_TABLE,S_CL_CODE_COL,S_CL_DECODE_COL,S_WHERE_COND,T_CL_TABLE,T_CL_CODE_COL,T_CL_DECODE_COL,T_WHERE_COND,ACTIVE,STATUS,S_CL_DISPLAY_COL,T_CL_DISPLAY_COL,T_CL_E2B_CODE_COL) values ('Attachment Classification',null,null,null,null,'LM_CLASSIFICATION','CLASSIFICATION','CLASSIFICATION_ID',null,null,null,null,null,null);
103      Insert into MG_CL_MASTER (CL_NAME,S_CL_TABLE,S_CL_CODE_COL,S_CL_DECODE_COL,S_WHERE_COND,T_CL_TABLE,T_CL_CODE_COL,T_CL_DECODE_COL,T_WHERE_COND,ACTIVE,STATUS,S_CL_DISPLAY_COL,T_CL_DISPLAY_COL,T_CL_E2B_CODE_COL) values ('Autopsy Results',null,null,null,null,'CL_AUTOPSY_RESULTS','RESULTS','ID',null,null,null,null,null,null);
104      Insert into MG_CL_MASTER (CL_NAME,S_CL_TABLE,S_CL_CODE_COL,S_CL_DECODE_COL,S_WHERE_COND,T_CL_TABLE,T_CL_CODE_COL,T_CL_DECODE_COL,T_WHERE_COND,ACTIVE,STATUS,S_CL_DISPLAY_COL,T_CL_DISPLAY_COL,T_CL_E2B_CODE_COL) values ('Bfarm Causality',null,null,null,null,'CL_BFARM_CAUSALITY','CAUSALITY','ID',null,null,null,null,null,null);
105      Insert into MG_CL_MASTER (CL_NAME,S_CL_TABLE,S_CL_CODE_COL,S_CL_DECODE_COL,S_WHERE_COND,T_CL_TABLE,T_CL_CODE_COL,T_CL_DECODE_COL,T_WHERE_COND,ACTIVE,STATUS,S_CL_DISPLAY_COL,T_CL_DISPLAY_COL,T_CL_E2B_CODE_COL) values ('Birth Type',null,null,null,null,'LM_BIRTH_TYPE','BIRTH_TYPE','BIRTH_TYPE_ID',null,null,null,null,null,null);
106      Insert into MG_CL_MASTER (CL_NAME,S_CL_TABLE,S_CL_CODE_COL,S_CL_DECODE_COL,S_WHERE_COND,T_CL_TABLE,T_CL_CODE_COL,T_CL_DECODE_COL,T_WHERE_COND,ACTIVE,STATUS,S_CL_DISPLAY_COL,T_CL_DISPLAY_COL,T_CL_E2B_CODE_COL) values ('Causality',null,null,null,null,'LM_CAUSALITY','CAUSALITY','CAUSALITY_ID',null,null,null,null,null,null);
107      Insert into MG_CL_MASTER (CL_NAME,S_CL_TABLE,S_CL_CODE_COL,S_CL_DECODE_COL,S_WHERE_COND,T_CL_TABLE,T_CL_CODE_COL,T_CL_DECODE_COL,T_WHERE_COND,ACTIVE,STATUS,S_CL_DISPLAY_COL,T_CL_DISPLAY_COL,T_CL_E2B_CODE_COL) values ('Causality Method','S_DRUGREACTIONRELATEDNESS','DRUGASSESSMENTMETHOD','DRUGASSESSMENTMETHOD',null,'LM_CAUSALITY_METHOD','METHOD','METHOD_ID',null,null,null,null,null,null);
108      Insert into MG_CL_MASTER (CL_NAME,S_CL_TABLE,S_CL_CODE_COL,S_CL_DECODE_COL,S_WHERE_COND,T_CL_TABLE,T_CL_CODE_COL,T_CL_DECODE_COL,T_WHERE_COND,ACTIVE,STATUS,S_CL_DISPLAY_COL,T_CL_DISPLAY_COL,T_CL_E2B_CODE_COL) values ('Case Classification',null,null,null,null,'LM_CASE_CLASSIFICATION','DESCRIPTION','CLASSIFICATION_ID',null,null,null,null,null,null);
109      Insert into MG_CL_MASTER (CL_NAME,S_CL_TABLE,S_CL_CODE_COL,S_CL_DECODE_COL,S_WHERE_COND,T_CL_TABLE,T_CL_CODE_COL,T_CL_DECODE_COL,T_WHERE_COND,ACTIVE,STATUS,S_CL_DISPLAY_COL,T_CL_DISPLAY_COL,T_CL_E2B_CODE_COL) values ('Clinical Reference Types',null,null,null,null,'LM_CLINICAL_REF_TYPES','REF_TYPE_DESC','REF_TYPE_ID',null,null,null,null,null,null);
110      Insert into MG_CL_MASTER (CL_NAME,S_CL_TABLE,S_CL_CODE_COL,S_CL_DECODE_COL,S_WHERE_COND,T_CL_TABLE,T_CL_CODE_COL,T_CL_DECODE_COL,T_WHERE_COND,ACTIVE,STATUS,S_CL_DISPLAY_COL,T_CL_DISPLAY_COL,T_CL_E2B_CODE_COL) values ('Condition Type',null,null,null,null,'LM_CONDITION_TYPE','COND_TYPE','CONDITION_TYPE_ID',null,null,null,null,null,null);
111      Insert into MG_CL_MASTER (CL_NAME,S_CL_TABLE,S_CL_CODE_COL,S_CL_DECODE_COL,S_WHERE_COND,T_CL_TABLE,T_CL_CODE_COL,T_CL_DECODE_COL,T_WHERE_COND,ACTIVE,STATUS,S_CL_DISPLAY_COL,T_CL_DISPLAY_COL,T_CL_E2B_CODE_COL) values ('Contact Type',null,null,null,null,'LM_CONTACT_TYPE','CONTACT_TYPE','CONTACT_ID',null,null,null,null,null,null);
112      Insert into MG_CL_MASTER (CL_NAME,S_CL_TABLE,S_CL_CODE_COL,S_CL_DECODE_COL,S_WHERE_COND,T_CL_TABLE,T_CL_CODE_COL,T_CL_DECODE_COL,T_WHERE_COND,ACTIVE,STATUS,S_CL_DISPLAY_COL,T_CL_DISPLAY_COL,T_CL_E2B_CODE_COL) values ('Country','S_SAFETYREPORT','OCCURCOUNTRY','OCCURCOUNTRY',null,'LM_COUNTRIES','COUNTRY','COUNTRY_ID',null,null,null,null,null,null);
113      Insert into MG_CL_MASTER (CL_NAME,S_CL_TABLE,S_CL_CODE_COL,S_CL_DECODE_COL,S_WHERE_COND,T_CL_TABLE,T_CL_CODE_COL,T_CL_DECODE_COL,T_WHERE_COND,ACTIVE,STATUS,S_CL_DISPLAY_COL,T_CL_DISPLAY_COL,T_CL_E2B_CODE_COL) values ('Delivery Type',null,null,null,null,'LM_DELIVERY_TYPES','DELIVERY_TYPE','DELIVERY_TYPE_ID',null,null,null,null,null,null);
114      Insert into MG_CL_MASTER (CL_NAME,S_CL_TABLE,S_CL_CODE_COL,S_CL_DECODE_COL,S_WHERE_COND,T_CL_TABLE,T_CL_CODE_COL,T_CL_DECODE_COL,T_WHERE_COND,ACTIVE,STATUS,S_CL_DISPLAY_COL,T_CL_DISPLAY_COL,T_CL_E2B_CODE_COL) values ('Dev Phase',null,null,null,null,'LM_DEV_PHASE','DEV_PHASE','DEV_PHASE_ID',null,null,null,null,null,null);
115      Insert into MG_CL_MASTER (CL_NAME,S_CL_TABLE,S_CL_CODE_COL,S_CL_DECODE_COL,S_WHERE_COND,T_CL_TABLE,T_CL_CODE_COL,T_CL_DECODE_COL,T_WHERE_COND,ACTIVE,STATUS,S_CL_DISPLAY_COL,T_CL_DISPLAY_COL,T_CL_E2B_CODE_COL) values ('Device Age Unit','S_PATIENT','PATIENTONSETAGEUNIT','PATIENTONSETAGEUNIT',null,'LM_AGE_UNITS','AGE_UNIT','AGE_UNIT_ID','where device_age_unit = 1',null,null,null,null,null);
116      Insert into MG_CL_MASTER (CL_NAME,S_CL_TABLE,S_CL_CODE_COL,S_CL_DECODE_COL,S_WHERE_COND,T_CL_TABLE,T_CL_CODE_COL,T_CL_DECODE_COL,T_WHERE_COND,ACTIVE,STATUS,S_CL_DISPLAY_COL,T_CL_DISPLAY_COL,T_CL_E2B_CODE_COL) values ('Device Classification',null,null,null,null,'LM_PMDA_DEVICE_CLASSIFICATION','CLASSIFICATION','CLASSIFICATION_ID',null,null,null,null,null,null);
117      Insert into MG_CL_MASTER (CL_NAME,S_CL_TABLE,S_CL_CODE_COL,S_CL_DECODE_COL,S_WHERE_COND,T_CL_TABLE,T_CL_CODE_COL,T_CL_DECODE_COL,T_WHERE_COND,ACTIVE,STATUS,S_CL_DISPLAY_COL,T_CL_DISPLAY_COL,T_CL_E2B_CODE_COL) values ('Device Delivery Type',null,null,null,null,'CL_DEVICE_DELIV_TYPE','TYPE','ID',null,null,null,null,null,null);
118      Insert into MG_CL_MASTER (CL_NAME,S_CL_TABLE,S_CL_CODE_COL,S_CL_DECODE_COL,S_WHERE_COND,T_CL_TABLE,T_CL_CODE_COL,T_CL_DECODE_COL,T_WHERE_COND,ACTIVE,STATUS,S_CL_DISPLAY_COL,T_CL_DISPLAY_COL,T_CL_E2B_CODE_COL) values ('Device Evaluation',null,null,null,null,'CL_DEVICE_EVALUATION','DEV_EVAL','ID',null,null,null,null,null,null);
119      Insert into MG_CL_MASTER (CL_NAME,S_CL_TABLE,S_CL_CODE_COL,S_CL_DECODE_COL,S_WHERE_COND,T_CL_TABLE,T_CL_CODE_COL,T_CL_DECODE_COL,T_WHERE_COND,ACTIVE,STATUS,S_CL_DISPLAY_COL,T_CL_DISPLAY_COL,T_CL_E2B_CODE_COL) values ('Device Operator',null,null,null,null,'CL_DEVICE_OPERATOR','DEV_OPER','ID',null,null,null,null,null,null);
120      Insert into MG_CL_MASTER (CL_NAME,S_CL_TABLE,S_CL_CODE_COL,S_CL_DECODE_COL,S_WHERE_COND,T_CL_TABLE,T_CL_CODE_COL,T_CL_DECODE_COL,T_WHERE_COND,ACTIVE,STATUS,S_CL_DISPLAY_COL,T_CL_DISPLAY_COL,T_CL_E2B_CODE_COL) values ('Device Outcome',null,null,null,null,'LM_PMDA_DEVICE_OUTCOME','DEVICE_OUTCOME','DEVICE_OUTCOME_ID',null,null,null,null,null,null);
121      Insert into MG_CL_MASTER (CL_NAME,S_CL_TABLE,S_CL_CODE_COL,S_CL_DECODE_COL,S_WHERE_COND,T_CL_TABLE,T_CL_CODE_COL,T_CL_DECODE_COL,T_WHERE_COND,ACTIVE,STATUS,S_CL_DISPLAY_COL,T_CL_DISPLAY_COL,T_CL_E2B_CODE_COL) values ('Device Reporting Category',null,null,null,null,'LM_DEVICE_RPT_CATEGORY','CATEGORY','CATEGORY_ID',null,null,null,null,null,null);
122      Insert into MG_CL_MASTER (CL_NAME,S_CL_TABLE,S_CL_CODE_COL,S_CL_DECODE_COL,S_WHERE_COND,T_CL_TABLE,T_CL_CODE_COL,T_CL_DECODE_COL,T_WHERE_COND,ACTIVE,STATUS,S_CL_DISPLAY_COL,T_CL_DISPLAY_COL,T_CL_E2B_CODE_COL) values ('Device Subcomponents',null,null,null,null,'LM_DEVICE_SUBCOMPONENTS','SUBCOMPONENT_NAME','SUBCOMPONENT_ID',null,null,null,null,null,null);
123      Insert into MG_CL_MASTER (CL_NAME,S_CL_TABLE,S_CL_CODE_COL,S_CL_DECODE_COL,S_WHERE_COND,T_CL_TABLE,T_CL_CODE_COL,T_CL_DECODE_COL,T_WHERE_COND,ACTIVE,STATUS,S_CL_DISPLAY_COL,T_CL_DISPLAY_COL,T_CL_E2B_CODE_COL) values ('Device Type',null,null,null,null,'LM_DEVICE_TYPE','DEVICE_TYPE_DESC','DEVICE_TYPE_ID',null,null,null,null,null,null);
124      Insert into MG_CL_MASTER (CL_NAME,S_CL_TABLE,S_CL_CODE_COL,S_CL_DECODE_COL,S_WHERE_COND,T_CL_TABLE,T_CL_CODE_COL,T_CL_DECODE_COL,T_WHERE_COND,ACTIVE,STATUS,S_CL_DISPLAY_COL,T_CL_DISPLAY_COL,T_CL_E2B_CODE_COL) values ('Device Usage',null,null,null,null,'CL_DEVICE_USAGE','DEV_USAGE','ID',null,null,null,null,null,null);
125      Insert into MG_CL_MASTER (CL_NAME,S_CL_TABLE,S_CL_CODE_COL,S_CL_DECODE_COL,S_WHERE_COND,T_CL_TABLE,T_CL_CODE_COL,T_CL_DECODE_COL,T_WHERE_COND,ACTIVE,STATUS,S_CL_DISPLAY_COL,T_CL_DISPLAY_COL,T_CL_E2B_CODE_COL) values ('Drug Type','S_REACTION','TERMHIGHLIGHTED','TERMHIGHLIGHTED',null,'CMN_LOOKUP','DRUG_TYPE','ID','where id in (1,2,3)',null,null,null,null,null);
126      Insert into MG_CL_MASTER (CL_NAME,S_CL_TABLE,S_CL_CODE_COL,S_CL_DECODE_COL,S_WHERE_COND,T_CL_TABLE,T_CL_CODE_COL,T_CL_DECODE_COL,T_WHERE_COND,ACTIVE,STATUS,S_CL_DISPLAY_COL,T_CL_DISPLAY_COL,T_CL_E2B_CODE_COL) values ('Event Outcome','S_REACTION','REACTIONOUTCOME','REACTIONOUTCOME',null,'LM_EVT_OUTCOME','EVT_OUTCOME','EVT_OUTCOME_ID',null,null,null,null,null,null);
127      Insert into MG_CL_MASTER (CL_NAME,S_CL_TABLE,S_CL_CODE_COL,S_CL_DECODE_COL,S_WHERE_COND,T_CL_TABLE,T_CL_CODE_COL,T_CL_DECODE_COL,T_WHERE_COND,ACTIVE,STATUS,S_CL_DISPLAY_COL,T_CL_DISPLAY_COL,T_CL_E2B_CODE_COL) values ('Event Severity',null,null,null,null,'LM_SEVERITY','SEVERITY','SEVERITY_ID',null,null,null,null,null,null);
128      Insert into MG_CL_MASTER (CL_NAME,S_CL_TABLE,S_CL_CODE_COL,S_CL_DECODE_COL,S_WHERE_COND,T_CL_TABLE,T_CL_CODE_COL,T_CL_DECODE_COL,T_WHERE_COND,ACTIVE,STATUS,S_CL_DISPLAY_COL,T_CL_DISPLAY_COL,T_CL_E2B_CODE_COL) values ('Fetal Outcome',null,null,null,null,'LM_FETAL_OUTCOME','FETAL_OUTCOME','FETAL_OUTCOME_ID',null,null,null,null,null,null);
129      Insert into MG_CL_MASTER (CL_NAME,S_CL_TABLE,S_CL_CODE_COL,S_CL_DECODE_COL,S_WHERE_COND,T_CL_TABLE,T_CL_CODE_COL,T_CL_DECODE_COL,T_WHERE_COND,ACTIVE,STATUS,S_CL_DISPLAY_COL,T_CL_DISPLAY_COL,T_CL_E2B_CODE_COL) values ('Followup Type',null,null,null,null,'CL_FOLLOWUP_TYPE','TYPE','ID',null,null,null,null,null,null);
130      Insert into MG_CL_MASTER (CL_NAME,S_CL_TABLE,S_CL_CODE_COL,S_CL_DECODE_COL,S_WHERE_COND,T_CL_TABLE,T_CL_CODE_COL,T_CL_DECODE_COL,T_WHERE_COND,ACTIVE,STATUS,S_CL_DISPLAY_COL,T_CL_DISPLAY_COL,T_CL_E2B_CODE_COL) values ('Formulation',null,null,null,null,'LM_FORMULATION','FORMULATION','FORMULATION_ID',null,null,null,null,null,null);
131      Insert into MG_CL_MASTER (CL_NAME,S_CL_TABLE,S_CL_CODE_COL,S_CL_DECODE_COL,S_WHERE_COND,T_CL_TABLE,T_CL_CODE_COL,T_CL_DECODE_COL,T_WHERE_COND,ACTIVE,STATUS,S_CL_DISPLAY_COL,T_CL_DISPLAY_COL,T_CL_E2B_CODE_COL) values ('GESTATION PERIOD','S_PATIENT','PATIENTONSETAGEUNIT','PATIENTONSETAGEUNIT',null,'LM_AGE_UNITS','AGE_UNIT','AGE_UNIT_ID','where gestation_period = 1',null,null,null,null,null);
132      Insert into MG_CL_MASTER (CL_NAME,S_CL_TABLE,S_CL_CODE_COL,S_CL_DECODE_COL,S_WHERE_COND,T_CL_TABLE,T_CL_CODE_COL,T_CL_DECODE_COL,T_WHERE_COND,ACTIVE,STATUS,S_CL_DISPLAY_COL,T_CL_DISPLAY_COL,T_CL_E2B_CODE_COL) values ('Gender','S_PARENT','PARENTSEX','PARENTSEX',null,'LM_GENDER','GENDER','GENDER_ID',null,null,null,null,null,null);
133      Insert into MG_CL_MASTER (CL_NAME,S_CL_TABLE,S_CL_CODE_COL,S_CL_DECODE_COL,S_WHERE_COND,T_CL_TABLE,T_CL_CODE_COL,T_CL_DECODE_COL,T_WHERE_COND,ACTIVE,STATUS,S_CL_DISPLAY_COL,T_CL_DISPLAY_COL,T_CL_E2B_CODE_COL) values ('Hcp',null,null,null,null,'LM_HCP','HCP','HCP_ID',null,null,null,null,null,null);
134      Insert into MG_CL_MASTER (CL_NAME,S_CL_TABLE,S_CL_CODE_COL,S_CL_DECODE_COL,S_WHERE_COND,T_CL_TABLE,T_CL_CODE_COL,T_CL_DECODE_COL,T_WHERE_COND,ACTIVE,STATUS,S_CL_DISPLAY_COL,T_CL_DISPLAY_COL,T_CL_E2B_CODE_COL) values ('Improper Use',null,null,null,null,'LM_IMPROPER_USE','IMPROPER_USE','IMPROPER_USE_ID',null,null,null,null,null,null);
135      Insert into MG_CL_MASTER (CL_NAME,S_CL_TABLE,S_CL_CODE_COL,S_CL_DECODE_COL,S_WHERE_COND,T_CL_TABLE,T_CL_CODE_COL,T_CL_DECODE_COL,T_WHERE_COND,ACTIVE,STATUS,S_CL_DISPLAY_COL,T_CL_DISPLAY_COL,T_CL_E2B_CODE_COL) values ('Intermediary',null,null,null,null,'LM_INTERMEDIARY','INTERMEDIARY','INTERMEDIARY_ID',null,null,null,null,null,null);
136      Insert into MG_CL_MASTER (CL_NAME,S_CL_TABLE,S_CL_CODE_COL,S_CL_DECODE_COL,S_WHERE_COND,T_CL_TABLE,T_CL_CODE_COL,T_CL_DECODE_COL,T_WHERE_COND,ACTIVE,STATUS,S_CL_DISPLAY_COL,T_CL_DISPLAY_COL,T_CL_E2B_CODE_COL) values ('Interval Units',null,null,null,null,'ESM_LM_UNITS','UNIT','ID',null,null,null,null,null,null);
137      Insert into MG_CL_MASTER (CL_NAME,S_CL_TABLE,S_CL_CODE_COL,S_CL_DECODE_COL,S_WHERE_COND,T_CL_TABLE,T_CL_CODE_COL,T_CL_DECODE_COL,T_WHERE_COND,ACTIVE,STATUS,S_CL_DISPLAY_COL,T_CL_DISPLAY_COL,T_CL_E2B_CODE_COL) values ('Jpn Drug Code Type',null,null,null,null,'CL_JPN_DRUG_CODE_TYPE','DRUG_CODE','DRUG_CODE_ID',null,null,null,null,null,null);
138      Insert into MG_CL_MASTER (CL_NAME,S_CL_TABLE,S_CL_CODE_COL,S_CL_DECODE_COL,S_WHERE_COND,T_CL_TABLE,T_CL_CODE_COL,T_CL_DECODE_COL,T_WHERE_COND,ACTIVE,STATUS,S_CL_DISPLAY_COL,T_CL_DISPLAY_COL,T_CL_E2B_CODE_COL) values ('Lab Assessment',null,null,null,null,'LM_LAB_ASSESSMENT','ASSESSMENT','ASSESSMENT_ID',null,null,null,null,null,null);
139      Insert into MG_CL_MASTER (CL_NAME,S_CL_TABLE,S_CL_CODE_COL,S_CL_DECODE_COL,S_WHERE_COND,T_CL_TABLE,T_CL_CODE_COL,T_CL_DECODE_COL,T_WHERE_COND,ACTIVE,STATUS,S_CL_DISPLAY_COL,T_CL_DISPLAY_COL,T_CL_E2B_CODE_COL) values ('Lab Test Group',null,null,null,null,'LM_LAB_TEST_GROUP','LAB_TEST_GROUP','LAB_TEST_GROUP_ID',null,null,null,null,null,null);
140      Insert into MG_CL_MASTER (CL_NAME,S_CL_TABLE,S_CL_CODE_COL,S_CL_DECODE_COL,S_WHERE_COND,T_CL_TABLE,T_CL_CODE_COL,T_CL_DECODE_COL,T_WHERE_COND,ACTIVE,STATUS,S_CL_DISPLAY_COL,T_CL_DISPLAY_COL,T_CL_E2B_CODE_COL) values ('Lab Test Units','S_DRUG','DRUGSTRUCTUREDOSAGEUNIT','DRUGSTRUCTUREDOSAGEUNIT',null,'LM_DOSE_UNITS','UNIT','UNIT_ID','where lab_test_unit = 1',null,null,null,null,null);
141      Insert into MG_CL_MASTER (CL_NAME,S_CL_TABLE,S_CL_CODE_COL,S_CL_DECODE_COL,S_WHERE_COND,T_CL_TABLE,T_CL_CODE_COL,T_CL_DECODE_COL,T_WHERE_COND,ACTIVE,STATUS,S_CL_DISPLAY_COL,T_CL_DISPLAY_COL,T_CL_E2B_CODE_COL) values ('Labeledness',null,null,null,null,'LM_LISTEDNESS','LISTEDNESS','LISTEDNESS_ID',null,null,null,null,null,null);
142      Insert into MG_CL_MASTER (CL_NAME,S_CL_TABLE,S_CL_CODE_COL,S_CL_DECODE_COL,S_WHERE_COND,T_CL_TABLE,T_CL_CODE_COL,T_CL_DECODE_COL,T_WHERE_COND,ACTIVE,STATUS,S_CL_DISPLAY_COL,T_CL_DISPLAY_COL,T_CL_E2B_CODE_COL) values ('Languages',null,null,null,null,'LM_LANGUAGES','LANGUAGE','LANGUAGE_ID',null,null,null,null,null,null);
143      Insert into MG_CL_MASTER (CL_NAME,S_CL_TABLE,S_CL_CODE_COL,S_CL_DECODE_COL,S_WHERE_COND,T_CL_TABLE,T_CL_CODE_COL,T_CL_DECODE_COL,T_WHERE_COND,ACTIVE,STATUS,S_CL_DISPLAY_COL,T_CL_DISPLAY_COL,T_CL_E2B_CODE_COL) values ('License Category',null,null,null,null,'LM_LIC_CATEGORY','CATEGORY','CATEGORY_ID',null,null,null,null,null,null);
144      Insert into MG_CL_MASTER (CL_NAME,S_CL_TABLE,S_CL_CODE_COL,S_CL_DECODE_COL,S_WHERE_COND,T_CL_TABLE,T_CL_CODE_COL,T_CL_DECODE_COL,T_WHERE_COND,ACTIVE,STATUS,S_CL_DISPLAY_COL,T_CL_DISPLAY_COL,T_CL_E2B_CODE_COL) values ('License Type',null,null,null,null,'LM_LICENSE_TYPES','LICENSE_TYPE','LICENSE_TYPE_ID',null,null,null,null,null,null);
145      Insert into MG_CL_MASTER (CL_NAME,S_CL_TABLE,S_CL_CODE_COL,S_CL_DECODE_COL,S_WHERE_COND,T_CL_TABLE,T_CL_CODE_COL,T_CL_DECODE_COL,T_WHERE_COND,ACTIVE,STATUS,S_CL_DISPLAY_COL,T_CL_DISPLAY_COL,T_CL_E2B_CODE_COL) values ('Listedness',null,null,null,null,'LM_LISTEDNESS','LISTEDNESS','LISTEDNESS_ID',null,null,null,null,null,null);
146      Insert into MG_CL_MASTER (CL_NAME,S_CL_TABLE,S_CL_CODE_COL,S_CL_DECODE_COL,S_WHERE_COND,T_CL_TABLE,T_CL_CODE_COL,T_CL_DECODE_COL,T_WHERE_COND,ACTIVE,STATUS,S_CL_DISPLAY_COL,T_CL_DISPLAY_COL,T_CL_E2B_CODE_COL) values ('Literature Type',null,null,null,null,'LM_LITERATURE_TYPE','TYPE','ID',null,null,null,null,null,null);
147      Insert into MG_CL_MASTER (CL_NAME,S_CL_TABLE,S_CL_CODE_COL,S_CL_DECODE_COL,S_WHERE_COND,T_CL_TABLE,T_CL_CODE_COL,T_CL_DECODE_COL,T_WHERE_COND,ACTIVE,STATUS,S_CL_DISPLAY_COL,T_CL_DISPLAY_COL,T_CL_E2B_CODE_COL) values ('Location',null,null,null,null,'LM_LOCATION','LOCATION_DESC','LOCATION_ID',null,null,null,null,null,null);
148      Insert into MG_CL_MASTER (CL_NAME,S_CL_TABLE,S_CL_CODE_COL,S_CL_DECODE_COL,S_WHERE_COND,T_CL_TABLE,T_CL_CODE_COL,T_CL_DECODE_COL,T_WHERE_COND,ACTIVE,STATUS,S_CL_DISPLAY_COL,T_CL_DISPLAY_COL,T_CL_E2B_CODE_COL) values ('MEDIA TYPE',null,null,null,null,'LM_MEDIA_TYPE','MEDIA_TYPE','ID',null,null,null,null,null,null);
149      Insert into MG_CL_MASTER (CL_NAME,S_CL_TABLE,S_CL_CODE_COL,S_CL_DECODE_COL,S_WHERE_COND,T_CL_TABLE,T_CL_CODE_COL,T_CL_DECODE_COL,T_WHERE_COND,ACTIVE,STATUS,S_CL_DISPLAY_COL,T_CL_DISPLAY_COL,T_CL_E2B_CODE_COL) values ('Malfunction Type',null,null,null,null,'LM_MALFUNCTION_TYPE','MALFUNCTION_TYPE','MALFUNCTION_TYPE_ID',null,null,null,null,null,null);
150      Insert into MG_CL_MASTER (CL_NAME,S_CL_TABLE,S_CL_CODE_COL,S_CL_DECODE_COL,S_WHERE_COND,T_CL_TABLE,T_CL_CODE_COL,T_CL_DECODE_COL,T_WHERE_COND,ACTIVE,STATUS,S_CL_DISPLAY_COL,T_CL_DISPLAY_COL,T_CL_E2B_CODE_COL) values ('Manufacturer',null,null,null,null,'LM_MANUFACTURER','MANU_NAME','MANUFACTURER_ID',null,null,null,null,null,null);
151      Insert into MG_CL_MASTER (CL_NAME,S_CL_TABLE,S_CL_CODE_COL,S_CL_DECODE_COL,S_WHERE_COND,T_CL_TABLE,T_CL_CODE_COL,T_CL_DECODE_COL,T_WHERE_COND,ACTIVE,STATUS,S_CL_DISPLAY_COL,T_CL_DISPLAY_COL,T_CL_E2B_CODE_COL) values ('Medical Device Info',null,null,null,null,'LM_MEDICAL_DEVICE_INFO','MEDICAL_DEVICE_INFO','MEDICAL_DEVICE_INFO_ID',null,null,null,null,null,null);
152      Insert into MG_CL_MASTER (CL_NAME,S_CL_TABLE,S_CL_CODE_COL,S_CL_DECODE_COL,S_WHERE_COND,T_CL_TABLE,T_CL_CODE_COL,T_CL_DECODE_COL,T_WHERE_COND,ACTIVE,STATUS,S_CL_DISPLAY_COL,T_CL_DISPLAY_COL,T_CL_E2B_CODE_COL) values ('Medical Status',null,null,null,null,'LM_MEDICAL_STATUS','LABEL','MED_STATUS_ID',null,null,null,null,null,null);
153      Insert into MG_CL_MASTER (CL_NAME,S_CL_TABLE,S_CL_CODE_COL,S_CL_DECODE_COL,S_WHERE_COND,T_CL_TABLE,T_CL_CODE_COL,T_CL_DECODE_COL,T_WHERE_COND,ACTIVE,STATUS,S_CL_DISPLAY_COL,T_CL_DISPLAY_COL,T_CL_E2B_CODE_COL) values ('Mfr Evaluation',null,null,null,null,'CL_MFR_EVALUATION','EVALUATION','ID',null,null,null,null,null,null);
154      Insert into MG_CL_MASTER (CL_NAME,S_CL_TABLE,S_CL_CODE_COL,S_CL_DECODE_COL,S_WHERE_COND,T_CL_TABLE,T_CL_CODE_COL,T_CL_DECODE_COL,T_WHERE_COND,ACTIVE,STATUS,S_CL_DISPLAY_COL,T_CL_DISPLAY_COL,T_CL_E2B_CODE_COL) values ('Occupation',null,null,null,null,'LM_OCCUPATIONS','OCCUPATION','OCCUPATION_ID',null,null,null,null,null,null);
155      Insert into MG_CL_MASTER (CL_NAME,S_CL_TABLE,S_CL_CODE_COL,S_CL_DECODE_COL,S_WHERE_COND,T_CL_TABLE,T_CL_CODE_COL,T_CL_DECODE_COL,T_WHERE_COND,ACTIVE,STATUS,S_CL_DISPLAY_COL,T_CL_DISPLAY_COL,T_CL_E2B_CODE_COL) values ('Package Units',null,null,null,null,'LM_PACK_UNITS','DESCRIPTION','ID',null,null,null,null,null,null);
156      Insert into MG_CL_MASTER (CL_NAME,S_CL_TABLE,S_CL_CODE_COL,S_CL_DECODE_COL,S_WHERE_COND,T_CL_TABLE,T_CL_CODE_COL,T_CL_DECODE_COL,T_WHERE_COND,ACTIVE,STATUS,S_CL_DISPLAY_COL,T_CL_DISPLAY_COL,T_CL_E2B_CODE_COL) values ('Patient Occupation',null,null,null,null,'LM_OCCUPATIONS','OCCUPATION','OCCUPATION_ID',null,null,null,null,null,null);
157      Insert into MG_CL_MASTER (CL_NAME,S_CL_TABLE,S_CL_CODE_COL,S_CL_DECODE_COL,S_WHERE_COND,T_CL_TABLE,T_CL_CODE_COL,T_CL_DECODE_COL,T_WHERE_COND,ACTIVE,STATUS,S_CL_DISPLAY_COL,T_CL_DISPLAY_COL,T_CL_E2B_CODE_COL) values ('Previous Use',null,null,null,null,'CL_PREV_USE','PREV_USE','ID',null,null,null,null,null,null);
158      Insert into MG_CL_MASTER (CL_NAME,S_CL_TABLE,S_CL_CODE_COL,S_CL_DECODE_COL,S_WHERE_COND,T_CL_TABLE,T_CL_CODE_COL,T_CL_DECODE_COL,T_WHERE_COND,ACTIVE,STATUS,S_CL_DISPLAY_COL,T_CL_DISPLAY_COL,T_CL_E2B_CODE_COL) values ('Purchased With Option',null,null,null,null,'LM_PURCHASED_WITH','PURCHASE','PURCHASE_ID',null,null,null,null,null,null);
159      Insert into MG_CL_MASTER (CL_NAME,S_CL_TABLE,S_CL_CODE_COL,S_CL_DECODE_COL,S_WHERE_COND,T_CL_TABLE,T_CL_CODE_COL,T_CL_DECODE_COL,T_WHERE_COND,ACTIVE,STATUS,S_CL_DISPLAY_COL,T_CL_DISPLAY_COL,T_CL_E2B_CODE_COL) values ('REPORTING DESTINATION TYPE',null,null,null,null,'ESM_LM_TYPES','TYPE_DESC','TYPE_ID',null,null,null,null,null,null);
160      Insert into MG_CL_MASTER (CL_NAME,S_CL_TABLE,S_CL_CODE_COL,S_CL_DECODE_COL,S_WHERE_COND,T_CL_TABLE,T_CL_CODE_COL,T_CL_DECODE_COL,T_WHERE_COND,ACTIVE,STATUS,S_CL_DISPLAY_COL,T_CL_DISPLAY_COL,T_CL_E2B_CODE_COL) values ('Rechallenge Outcome',null,null,null,null,'CL_RECHALL_OUTCOME','OUTCOME','ID',null,null,null,null,null,null);
161      Insert into MG_CL_MASTER (CL_NAME,S_CL_TABLE,S_CL_CODE_COL,S_CL_DECODE_COL,S_WHERE_COND,T_CL_TABLE,T_CL_CODE_COL,T_CL_DECODE_COL,T_WHERE_COND,ACTIVE,STATUS,S_CL_DISPLAY_COL,T_CL_DISPLAY_COL,T_CL_E2B_CODE_COL) values ('Reference Types',null,null,null,null,'LM_REF_TYPES','TYPE_DESC','REF_TYPE_ID',null,null,null,null,null,null);
162      Insert into MG_CL_MASTER (CL_NAME,S_CL_TABLE,S_CL_CODE_COL,S_CL_DECODE_COL,S_WHERE_COND,T_CL_TABLE,T_CL_CODE_COL,T_CL_DECODE_COL,T_WHERE_COND,ACTIVE,STATUS,S_CL_DISPLAY_COL,T_CL_DISPLAY_COL,T_CL_E2B_CODE_COL) values ('Relation',null,null,null,null,'LM_RELATION','DESCRIPTION','ID',null,null,null,null,null,null);
163      Insert into MG_CL_MASTER (CL_NAME,S_CL_TABLE,S_CL_CODE_COL,S_CL_DECODE_COL,S_WHERE_COND,T_CL_TABLE,T_CL_CODE_COL,T_CL_DECODE_COL,T_WHERE_COND,ACTIVE,STATUS,S_CL_DISPLAY_COL,T_CL_DISPLAY_COL,T_CL_E2B_CODE_COL) values ('Remedial Action',null,null,null,null,'CL_REMEDIAL_ACTION','ACTION','ID',null,null,null,null,null,null);
164      Insert into MG_CL_MASTER (CL_NAME,S_CL_TABLE,S_CL_CODE_COL,S_CL_DECODE_COL,S_WHERE_COND,T_CL_TABLE,T_CL_CODE_COL,T_CL_DECODE_COL,T_WHERE_COND,ACTIVE,STATUS,S_CL_DISPLAY_COL,T_CL_DISPLAY_COL,T_CL_E2B_CODE_COL) values ('Report Media',null,null,null,null,'LM_REPORT_MEDIA','MEDIA','MEDIA_ID',null,null,null,null,null,null);
165      Insert into MG_CL_MASTER (CL_NAME,S_CL_TABLE,S_CL_CODE_COL,S_CL_DECODE_COL,S_WHERE_COND,T_CL_TABLE,T_CL_CODE_COL,T_CL_DECODE_COL,T_WHERE_COND,ACTIVE,STATUS,S_CL_DISPLAY_COL,T_CL_DISPLAY_COL,T_CL_E2B_CODE_COL) values ('Report Type','S_SAFETYREPORT','REPORTTYPE','REPORTTYPE',null,'LM_REPORT_TYPE','REPORT_TYPE','RPT_TYPE_ID',null,null,null,null,null,null);
166      Insert into MG_CL_MASTER (CL_NAME,S_CL_TABLE,S_CL_CODE_COL,S_CL_DECODE_COL,S_WHERE_COND,T_CL_TABLE,T_CL_CODE_COL,T_CL_DECODE_COL,T_WHERE_COND,ACTIVE,STATUS,S_CL_DISPLAY_COL,T_CL_DISPLAY_COL,T_CL_E2B_CODE_COL) values ('Reported',null,null,null,null,'LM_REPORTED','DESCRIPTION','ID',null,null,null,null,null,null);
167      Insert into MG_CL_MASTER (CL_NAME,S_CL_TABLE,S_CL_CODE_COL,S_CL_DECODE_COL,S_WHERE_COND,T_CL_TABLE,T_CL_CODE_COL,T_CL_DECODE_COL,T_WHERE_COND,ACTIVE,STATUS,S_CL_DISPLAY_COL,T_CL_DISPLAY_COL,T_CL_E2B_CODE_COL) values ('Reporter Occupation',null,null,null,null,'LM_OCCUPATIONS','OCCUPATION','OCCUPATION_ID','where ICH = 1',null,null,null,null,null);
168      Insert into MG_CL_MASTER (CL_NAME,S_CL_TABLE,S_CL_CODE_COL,S_CL_DECODE_COL,S_WHERE_COND,T_CL_TABLE,T_CL_CODE_COL,T_CL_DECODE_COL,T_WHERE_COND,ACTIVE,STATUS,S_CL_DISPLAY_COL,T_CL_DISPLAY_COL,T_CL_E2B_CODE_COL) values ('Reporter Type','S_PRIMARYSOURCE','QUALIFICATION','QUALIFICATION',null,'LM_REPORTER_TYPE','REPORTER_TYPE','RPTR_TYPE_ID',null,null,null,null,null,null);
169      Insert into MG_CL_MASTER (CL_NAME,S_CL_TABLE,S_CL_CODE_COL,S_CL_DECODE_COL,S_WHERE_COND,T_CL_TABLE,T_CL_CODE_COL,T_CL_DECODE_COL,T_WHERE_COND,ACTIVE,STATUS,S_CL_DISPLAY_COL,T_CL_DISPLAY_COL,T_CL_E2B_CODE_COL) values ('Reporting Category',null,null,null,null,'LM_RPT_CATEGORY','RPT_CATEGORY','RPT_CATEGORY_ID',null,null,null,null,null,null);
170      Insert into MG_CL_MASTER (CL_NAME,S_CL_TABLE,S_CL_CODE_COL,S_CL_DECODE_COL,S_WHERE_COND,T_CL_TABLE,T_CL_CODE_COL,T_CL_DECODE_COL,T_WHERE_COND,ACTIVE,STATUS,S_CL_DISPLAY_COL,T_CL_DISPLAY_COL,T_CL_E2B_CODE_COL) values ('Admin Route','S_DRUG','DRUGADMINISTRATIONROUTE','DRUGADMINISTRATIONROUTE',null,'LM_ADMIN_ROUTE','ROUTE','ADMIN_ROUTE_ID',null,null,null,null,null,null);
171      Insert into MG_CL_MASTER (CL_NAME,S_CL_TABLE,S_CL_CODE_COL,S_CL_DECODE_COL,S_WHERE_COND,T_CL_TABLE,T_CL_CODE_COL,T_CL_DECODE_COL,T_WHERE_COND,ACTIVE,STATUS,S_CL_DISPLAY_COL,T_CL_DISPLAY_COL,T_CL_E2B_CODE_COL) values ('Parent Admin Route','S_DRUG','DRUGPARADMINISTRATION','DRUGPARADMINISTRATION',null,'LM_ADMIN_ROUTE','ROUTE','ADMIN_ROUTE_ID',null,null,null,null,null,null);
172      Insert into MG_CL_MASTER (CL_NAME,S_CL_TABLE,S_CL_CODE_COL,S_CL_DECODE_COL,S_WHERE_COND,T_CL_TABLE,T_CL_CODE_COL,T_CL_DECODE_COL,T_WHERE_COND,ACTIVE,STATUS,S_CL_DISPLAY_COL,T_CL_DISPLAY_COL,T_CL_E2B_CODE_COL) values ('Site Abrv',null,null,null,null,'LM_SITES','SITE_DESC','SITE_ID',null,null,null,null,null,null);
173      Insert into MG_CL_MASTER (CL_NAME,S_CL_TABLE,S_CL_CODE_COL,S_CL_DECODE_COL,S_WHERE_COND,T_CL_TABLE,T_CL_CODE_COL,T_CL_DECODE_COL,T_WHERE_COND,ACTIVE,STATUS,S_CL_DISPLAY_COL,T_CL_DISPLAY_COL,T_CL_E2B_CODE_COL) values ('State 2','S_REACTION','TERMHIGHLIGHTED','TERMHIGHLIGHTED',null,'CMN_LOOKUP','STATE2','ID','where id in (0,1)',null,null,null,null,null);
174      Insert into MG_CL_MASTER (CL_NAME,S_CL_TABLE,S_CL_CODE_COL,S_CL_DECODE_COL,S_WHERE_COND,T_CL_TABLE,T_CL_CODE_COL,T_CL_DECODE_COL,T_WHERE_COND,ACTIVE,STATUS,S_CL_DISPLAY_COL,T_CL_DISPLAY_COL,T_CL_E2B_CODE_COL) values ('State 3','S_REACTION','TERMHIGHLIGHTED','TERMHIGHLIGHTED',null,'CMN_LOOKUP','STATE3','ID','where id in (0,1,2)',null,null,null,null,null);
175      Insert into MG_CL_MASTER (CL_NAME,S_CL_TABLE,S_CL_CODE_COL,S_CL_DECODE_COL,S_WHERE_COND,T_CL_TABLE,T_CL_CODE_COL,T_CL_DECODE_COL,T_WHERE_COND,ACTIVE,STATUS,S_CL_DISPLAY_COL,T_CL_DISPLAY_COL,T_CL_E2B_CODE_COL) values ('State 4','S_REACTION','TERMHIGHLIGHTED','TERMHIGHLIGHTED',null,'CMN_LOOKUP','STATE4','ID','where id in (0,1,2,3)',null,null,null,null,null);
176      Insert into MG_CL_MASTER (CL_NAME,S_CL_TABLE,S_CL_CODE_COL,S_CL_DECODE_COL,S_WHERE_COND,T_CL_TABLE,T_CL_CODE_COL,T_CL_DECODE_COL,T_WHERE_COND,ACTIVE,STATUS,S_CL_DISPLAY_COL,T_CL_DISPLAY_COL,T_CL_E2B_CODE_COL) values ('Study Types',null,null,null,null,'LM_STUDY_TYPES','STUDY_TYPE','STUDY_TYPE_ID',null,null,null,null,null,null);
177      Insert into MG_CL_MASTER (CL_NAME,S_CL_TABLE,S_CL_CODE_COL,S_CL_DECODE_COL,S_WHERE_COND,T_CL_TABLE,T_CL_CODE_COL,T_CL_DECODE_COL,T_WHERE_COND,ACTIVE,STATUS,S_CL_DISPLAY_COL,T_CL_DISPLAY_COL,T_CL_E2B_CODE_COL) values ('Subject',null,null,null,null,'CL_SUBJECT','SUBJECT','ID',null,null,null,null,null,null);
178      Insert into MG_CL_MASTER (CL_NAME,S_CL_TABLE,S_CL_CODE_COL,S_CL_DECODE_COL,S_WHERE_COND,T_CL_TABLE,T_CL_CODE_COL,T_CL_DECODE_COL,T_WHERE_COND,ACTIVE,STATUS,S_CL_DISPLAY_COL,T_CL_DISPLAY_COL,T_CL_E2B_CODE_COL) values ('Term Type',null,null,null,null,'CL_TERM_TYPE','TYPE','ID',null,null,null,null,null,null);
179      Insert into MG_CL_MASTER (CL_NAME,S_CL_TABLE,S_CL_CODE_COL,S_CL_DECODE_COL,S_WHERE_COND,T_CL_TABLE,T_CL_CODE_COL,T_CL_DECODE_COL,T_WHERE_COND,ACTIVE,STATUS,S_CL_DISPLAY_COL,T_CL_DISPLAY_COL,T_CL_E2B_CODE_COL) values ('Trimester Status',null,null,null,null,'CL_TRIMESTER_STATUS','STATUS','ID',null,null,null,null,null,null);
180      Insert into MG_CL_MASTER (CL_NAME,S_CL_TABLE,S_CL_CODE_COL,S_CL_DECODE_COL,S_WHERE_COND,T_CL_TABLE,T_CL_CODE_COL,T_CL_DECODE_COL,T_WHERE_COND,ACTIVE,STATUS,S_CL_DISPLAY_COL,T_CL_DISPLAY_COL,T_CL_E2B_CODE_COL) values ('Unblinding Status',null,null,null,null,'LM_UNBLINDING_STATUS','UNBLINDING_STATUS','STATUS_ID',null,null,null,null,null,null);
181      Insert into MG_CL_MASTER (CL_NAME,S_CL_TABLE,S_CL_CODE_COL,S_CL_DECODE_COL,S_WHERE_COND,T_CL_TABLE,T_CL_CODE_COL,T_CL_DECODE_COL,T_WHERE_COND,ACTIVE,STATUS,S_CL_DISPLAY_COL,T_CL_DISPLAY_COL,T_CL_E2B_CODE_COL) values ('Usage Of Device',null,null,null,null,'CL_USAGE_OF_DEVICE','USAGE_OF_DEVICE','ID',null,null,null,null,null,null);
182      Insert into MG_CL_MASTER (CL_NAME,S_CL_TABLE,S_CL_CODE_COL,S_CL_DECODE_COL,S_WHERE_COND,T_CL_TABLE,T_CL_CODE_COL,T_CL_DECODE_COL,T_WHERE_COND,ACTIVE,STATUS,S_CL_DISPLAY_COL,T_CL_DISPLAY_COL,T_CL_E2B_CODE_COL) values ('Vaccinated At',null,null,null,null,'LM_VACCINATED_AT','LOCATION','VACC_AT_ID',null,null,null,null,null,null);
183      Insert into MG_CL_MASTER (CL_NAME,S_CL_TABLE,S_CL_CODE_COL,S_CL_DECODE_COL,S_WHERE_COND,T_CL_TABLE,T_CL_CODE_COL,T_CL_DECODE_COL,T_WHERE_COND,ACTIVE,STATUS,S_CL_DISPLAY_COL,T_CL_DISPLAY_COL,T_CL_E2B_CODE_COL) values ('Usage Of Device',null,null,null,null,'CL_USAGE_OF_DEVICE','USAGE_OF_DEVICE','USAGE_OF_DEVICE_ID',null,null,null,null,null,null);
184      Insert into MG_CL_MASTER (CL_NAME,S_CL_TABLE,S_CL_CODE_COL,S_CL_DECODE_COL,S_WHERE_COND,T_CL_TABLE,T_CL_CODE_COL,T_CL_DECODE_COL,T_WHERE_COND,ACTIVE,STATUS,S_CL_DISPLAY_COL,T_CL_DISPLAY_COL,T_CL_E2B_CODE_COL) values ('Vaccinated At',null,null,null,null,'LM_VACCINATED_AT','VACCINATED_AT','VACCINATED_AT_ID',null,null,null,null,null,null);
185      Insert into MG_CL_MASTER (CL_NAME,S_CL_TABLE,S_CL_CODE_COL,S_CL_DECODE_COL,S_WHERE_COND,T_CL_TABLE,T_CL_CODE_COL,T_CL_DECODE_COL,T_WHERE_COND,ACTIVE,STATUS,S_CL_DISPLAY_COL,T_CL_DISPLAY_COL,T_CL_E2B_CODE_COL) values ('Ethnicity',null,null,null,null,'LM_ETHNICITY','ETHNICITY','ETHNICITY_ID',null,null,null,null,null,null);
186      Insert into MG_CL_MASTER (CL_NAME,S_CL_TABLE,S_CL_CODE_COL,S_CL_DECODE_COL,S_WHERE_COND,T_CL_TABLE,T_CL_CODE_COL,T_CL_DECODE_COL,T_WHERE_COND,ACTIVE,STATUS,S_CL_DISPLAY_COL,T_CL_DISPLAY_COL,T_CL_E2B_CODE_COL) values ('Evaluation Reason',null,null,null,null,'LM_MFR_EVAL_REASON','MFR_EVAL_REASON','MFR_EVAL_ID',null,null,null,null,null,null);
187      Insert into MG_CL_MASTER (CL_NAME,S_CL_TABLE,S_CL_CODE_COL,S_CL_DECODE_COL,S_WHERE_COND,T_CL_TABLE,T_CL_CODE_COL,T_CL_DECODE_COL,T_WHERE_COND,ACTIVE,STATUS,S_CL_DISPLAY_COL,T_CL_DISPLAY_COL,T_CL_E2B_CODE_COL) values ('Evaluator Type',null,null,null,null,'LM_EVALUATOR_TYPE','EVALUATOR_TYPE','EVALUATOR_TYPE_ID',null,null,null,null,null,null);
188      Insert into MG_CL_MASTER (CL_NAME,S_CL_TABLE,S_CL_CODE_COL,S_CL_DECODE_COL,S_WHERE_COND,T_CL_TABLE,T_CL_CODE_COL,T_CL_DECODE_COL,T_WHERE_COND,ACTIVE,STATUS,S_CL_DISPLAY_COL,T_CL_DISPLAY_COL,T_CL_E2B_CODE_COL) values ('Event Frequency',null,null,null,null,'LM_EVT_FREQUENCY','EVT_FREQ','EVT_FREQ_ID',null,null,null,null,null,null);
189      Insert into MG_CL_MASTER (CL_NAME,S_CL_TABLE,S_CL_CODE_COL,S_CL_DECODE_COL,S_WHERE_COND,T_CL_TABLE,T_CL_CODE_COL,T_CL_DECODE_COL,T_WHERE_COND,ACTIVE,STATUS,S_CL_DISPLAY_COL,T_CL_DISPLAY_COL,T_CL_E2B_CODE_COL) values ('Event Intensity',null,null,null,null,'LM_EVT_INTENSITY','EVT_INTENSITY','EVT_INTENSITY_ID',null,null,null,null,null,null);
190      Insert into MG_CL_MASTER (CL_NAME,S_CL_TABLE,S_CL_CODE_COL,S_CL_DECODE_COL,S_WHERE_COND,T_CL_TABLE,T_CL_CODE_COL,T_CL_DECODE_COL,T_WHERE_COND,ACTIVE,STATUS,S_CL_DISPLAY_COL,T_CL_DISPLAY_COL,T_CL_E2B_CODE_COL) values ('Event Nature',null,null,null,null,'LM_EVT_NATURE','EVT_NATURE','EVT_NATURE_ID',null,null,null,null,null,null);
191      Insert into MG_CL_MASTER (CL_NAME,S_CL_TABLE,S_CL_CODE_COL,S_CL_DECODE_COL,S_WHERE_COND,T_CL_TABLE,T_CL_CODE_COL,T_CL_DECODE_COL,T_WHERE_COND,ACTIVE,STATUS,S_CL_DISPLAY_COL,T_CL_DISPLAY_COL,T_CL_E2B_CODE_COL) values ('Event Outcome','S_REACTION','REACTIONOUTCOME','REACTIONOUTCOME',null,'LM_EVT_OUTCOME','EVT_OUTCOME','EVT_OUTCOME_ID',null,null,null,null,null,null);
192      Insert into MG_CL_MASTER (CL_NAME,S_CL_TABLE,S_CL_CODE_COL,S_CL_DECODE_COL,S_WHERE_COND,T_CL_TABLE,T_CL_CODE_COL,T_CL_DECODE_COL,T_WHERE_COND,ACTIVE,STATUS,S_CL_DISPLAY_COL,T_CL_DISPLAY_COL,T_CL_E2B_CODE_COL) values ('Event Severity',null,null,null,null,'LM_SEVERITY','SEVERITY','SEVERITY_ID',null,null,null,null,null,null);
193      Insert into MG_CL_MASTER (CL_NAME,S_CL_TABLE,S_CL_CODE_COL,S_CL_DECODE_COL,S_WHERE_COND,T_CL_TABLE,T_CL_CODE_COL,T_CL_DECODE_COL,T_WHERE_COND,ACTIVE,STATUS,S_CL_DISPLAY_COL,T_CL_DISPLAY_COL,T_CL_E2B_CODE_COL) values ('Fetal Outcome',null,null,null,null,'LM_FETAL_OUTCOME','FETAL_OUTCOME','FETAL_OUTCOME_ID',null,null,null,null,null,null);
194      Insert into MG_CL_MASTER (CL_NAME,S_CL_TABLE,S_CL_CODE_COL,S_CL_DECODE_COL,S_WHERE_COND,T_CL_TABLE,T_CL_CODE_COL,T_CL_DECODE_COL,T_WHERE_COND,ACTIVE,STATUS,S_CL_DISPLAY_COL,T_CL_DISPLAY_COL,T_CL_E2B_CODE_COL) values ('Followup Type',null,null,null,null,'CL_FOLLOWUP_TYPE','TYPE','ID',null,null,null,null,null,null);
195      Insert into MG_CL_MASTER (CL_NAME,S_CL_TABLE,S_CL_CODE_COL,S_CL_DECODE_COL,S_WHERE_COND,T_CL_TABLE,T_CL_CODE_COL,T_CL_DECODE_COL,T_WHERE_COND,ACTIVE,STATUS,S_CL_DISPLAY_COL,T_CL_DISPLAY_COL,T_CL_E2B_CODE_COL) values ('Formulation',null,null,null,null,'LM_FORMULATION','FORMULATION','FORMULATION_ID',null,null,null,null,null,null);
196      Insert into MG_CL_MASTER (CL_NAME,S_CL_TABLE,S_CL_CODE_COL,S_CL_DECODE_COL,S_WHERE_COND,T_CL_TABLE,T_CL_CODE_COL,T_CL_DECODE_COL,T_WHERE_COND,ACTIVE,STATUS,S_CL_DISPLAY_COL,T_CL_DISPLAY_COL,T_CL_E2B_CODE_COL) values ('GESTATION PERIOD','S_PATIENT','PATIENTONSETAGEUNIT','PATIENTONSETAGEUNIT',null,'LM_AGE_UNITS','AGE_UNIT','AGE_UNIT_ID','where gestation_period = 1',null,null,null,null,null);
197      Insert into MG_CL_MASTER (CL_NAME,S_CL_TABLE,S_CL_CODE_COL,S_CL_DECODE_COL,S_WHERE_COND,T_CL_TABLE,T_CL_CODE_COL,T_CL_DECODE_COL,T_WHERE_COND,ACTIVE,STATUS,S_CL_DISPLAY_COL,T_CL_DISPLAY_COL,T_CL_E2B_CODE_COL) values ('Gender','S_PARENT','PARENTSEX','PARENTSEX',null,'LM_GENDER','GENDER','GENDER_ID',null,null,null,null,null,null);
198      Insert into MG_CL_MASTER (CL_NAME,S_CL_TABLE,S_CL_CODE_COL,S_CL_DECODE_COL,S_WHERE_COND,T_CL_TABLE,T_CL_CODE_COL,T_CL_DECODE_COL,T_WHERE_COND,ACTIVE,STATUS,S_CL_DISPLAY_COL,T_CL_DISPLAY_COL,T_CL_E2B_CODE_COL) values ('Hcp',null,null,null,null,'LM_HCP','HCP','HCP_ID',null,null,null,null,null,null);
199      Insert into MG_CL_MASTER (CL_NAME,S_CL_TABLE,S_CL_CODE_COL,S_CL_DECODE_COL,S_WHERE_COND,T_CL_TABLE,T_CL_CODE_COL,T_CL_DECODE_COL,T_WHERE_COND,ACTIVE,STATUS,S_CL_DISPLAY_COL,T_CL_DISPLAY_COL,T_CL_E2B_CODE_COL) values ('Improper Use',null,null,null,null,'LM_IMPROPER_USE','IMPROPER_USE','IMPROPER_USE_ID',null,null,null,null,null,null);
200      Insert into MG_CL_MASTER (CL_NAME,S_CL_TABLE,S_CL_CODE_COL,S_CL_DECODE_COL,S_WHERE_COND,T_CL_TABLE,T_CL_CODE_COL,T_CL_DECODE_COL,T_WHERE_COND,ACTIVE,STATUS,S_CL_DISPLAY_COL,T_CL_DISPLAY_COL,T_CL_E2B_CODE_COL) values ('Intermediary',null,null,null,null,'LM_INTERMEDIARY','INTERMEDIARY','INTERMEDIARY_ID',null,null,null,null,null,null);
201      Insert into MG_CL_MASTER (CL_NAME,S_CL_TABLE,S_CL_CODE_COL,S_CL_DECODE_COL,S_WHERE_COND,T_CL_TABLE,T_CL_CODE_COL,T_CL_DECODE_COL,T_WHERE_COND,ACTIVE,STATUS,S_CL_DISPLAY_COL,T_CL_DISPLAY_COL,T_CL_E2B_CODE_COL) values ('Interval Units',null,null,null,null,'ESM_LM_UNITS','UNIT','ID',null,null,null,null,null,null);
202      Insert into MG_CL_MASTER (CL_NAME,S_CL_TABLE,S_CL_CODE_COL,S_CL_DECODE_COL,S_WHERE_COND,T_CL_TABLE,T_CL_CODE_COL,T_CL_DECODE_COL,T_WHERE_COND,ACTIVE,STATUS,S_CL_DISPLAY_COL,T_CL_DISPLAY_COL,T_CL_E2B_CODE_COL) values ('Jpn Drug Code Type',null,null,null,null,'CL_JPN_DRUG_CODE_TYPE','DRUG_CODE','DRUG_CODE_ID',null,null,null,null,null,null);
203      Insert into MG_CL_MASTER (CL_NAME,S_CL_TABLE,S_CL_CODE_COL,S_CL_DECODE_COL,S_WHERE_COND,T_CL_TABLE,T_CL_CODE_COL,T_CL_DECODE_COL,T_WHERE_COND,ACTIVE,STATUS,S_CL_DISPLAY_COL,T_CL_DISPLAY_COL,T_CL_E2B_CODE_COL) values ('Lab Assessment',null,null,null,null,'LM_LAB_ASSESSMENT','ASSESSMENT','ASSESSMENT_ID',null,null,null,null,null,null);
204      Insert into MG_CL_MASTER (CL_NAME,S_CL_TABLE,S_CL_CODE_COL,S_CL_DECODE_COL,S_WHERE_COND,T_CL_TABLE,T_CL_CODE_COL,T_CL_DECODE_COL,T_WHERE_COND,ACTIVE,STATUS,S_CL_DISPLAY_COL,T_CL_DISPLAY_COL,T_CL_E2B_CODE_COL) values ('Lab Test Group',null,null,null,null,'LM_LAB_TEST_GROUP','LAB_TEST_GROUP','LAB_TEST_GROUP_ID',null,null,null,null,null,null);
205      Insert into MG_CL_MASTER (CL_NAME,S_CL_TABLE,S_CL_CODE_COL,S_CL_DECODE_COL,S_WHERE_COND,T_CL_TABLE,T_CL_CODE_COL,T_CL_DECODE_COL,T_WHERE_COND,ACTIVE,STATUS,S_CL_DISPLAY_COL,T_CL_DISPLAY_COL,T_CL_E2B_CODE_COL) values ('Lab Test Units','S_DRUG','DRUGSTRUCTUREDOSAGEUNIT','DRUGSTRUCTUREDOSAGEUNIT',null,'LM_DOSE_UNITS','UNIT','UNIT_ID','where lab_test_unit = 1',null,null,null,null,null);
206      Insert into MG_CL_MASTER (CL_NAME,S_CL_TABLE,S_CL_CODE_COL,S_CL_DECODE_COL,S_WHERE_COND,T_CL_TABLE,T_CL_CODE_COL,T_CL_DECODE_COL,T_WHERE_COND,ACTIVE,STATUS,S_CL_DISPLAY_COL,T_CL_DISPLAY_COL,T_CL_E2B_CODE_COL) values ('Labeledness',null,null,null,null,'LM_LISTEDNESS','LISTEDNESS','LISTEDNESS_ID',null,null,null,null,null,null);
207      Insert into MG_CL_MASTER (CL_NAME,S_CL_TABLE,S_CL_CODE_COL,S_CL_DECODE_COL,S_WHERE_COND,T_CL_TABLE,T_CL_CODE_COL,T_CL_DECODE_COL,T_WHERE_COND,ACTIVE,STATUS,S_CL_DISPLAY_COL,T_CL_DISPLAY_COL,T_CL_E2B_CODE_COL) values ('Languages',null,null,null,null,'LM_LANGUAGES','LANGUAGE','LANGUAGE_ID',null,null,null,null,null,null);
208      Insert into MG_CL_MASTER (CL_NAME,S_CL_TABLE,S_CL_CODE_COL,S_CL_DECODE_COL,S_WHERE_COND,T_CL_TABLE,T_CL_CODE_COL,T_CL_DECODE_COL,T_WHERE_COND,ACTIVE,STATUS,S_CL_DISPLAY_COL,T_CL_DISPLAY_COL,T_CL_E2B_CODE_COL) values ('License Category',null,null,null,null,'LM_LIC_CATEGORY','CATEGORY','CATEGORY_ID',null,null,null,null,null,null);
209      Insert into MG_CL_MASTER (CL_NAME,S_CL_TABLE,S_CL_CODE_COL,S_CL_DECODE_COL,S_WHERE_COND,T_CL_TABLE,T_CL_CODE_COL,T_CL_DECODE_COL,T_WHERE_COND,ACTIVE,STATUS,S_CL_DISPLAY_COL,T_CL_DISPLAY_COL,T_CL_E2B_CODE_COL) values ('License Type',null,null,null,null,'LM_LICENSE_TYPES','LICENSE_TYPE','LICENSE_TYPE_ID',null,null,null,null,null,null);
210      Insert into MG_CL_MASTER (CL_NAME,S_CL_TABLE,S_CL_CODE_COL,S_CL_DECODE_COL,S_WHERE_COND,T_CL_TABLE,T_CL_CODE_COL,T_CL_DECODE_COL,T_WHERE_COND,ACTIVE,STATUS,S_CL_DISPLAY_COL,T_CL_DISPLAY_COL,T_CL_E2B_CODE_COL) values ('Listedness',null,null,null,null,'LM_LISTEDNESS','LISTEDNESS','LISTEDNESS_ID',null,null,null,null,null,null);
211      Insert into MG_CL_MASTER (CL_NAME,S_CL_TABLE,S_CL_CODE_COL,S_CL_DECODE_COL,S_WHERE_COND,T_CL_TABLE,T_CL_CODE_COL,T_CL_DECODE_COL,T_WHERE_COND,ACTIVE,STATUS,S_CL_DISPLAY_COL,T_CL_DISPLAY_COL,T_CL_E2B_CODE_COL) values ('Literature Type',null,null,null,null,'LM_LITERATURE_TYPE','TYPE','ID',null,null,null,null,null,null);
212      Insert into MG_CL_MASTER (CL_NAME,S_CL_TABLE,S_CL_CODE_COL,S_CL_DECODE_COL,S_WHERE_COND,T_CL_TABLE,T_CL_CODE_COL,T_CL_DECODE_COL,T_WHERE_COND,ACTIVE,STATUS,S_CL_DISPLAY_COL,T_CL_DISPLAY_COL,T_CL_E2B_CODE_COL) values ('Location',null,null,null,null,'LM_LOCATION','LOCATION_DESC','LOCATION_ID',null,null,null,null,null,null);
213      Insert into MG_CL_MASTER (CL_NAME,S_CL_TABLE,S_CL_CODE_COL,S_CL_DECODE_COL,S_WHERE_COND,T_CL_TABLE,T_CL_CODE_COL,T_CL_DECODE_COL,T_WHERE_COND,ACTIVE,STATUS,S_CL_DISPLAY_COL,T_CL_DISPLAY_COL,T_CL_E2B_CODE_COL) values ('MEDIA TYPE',null,null,null,null,'LM_MEDIA_TYPE','MEDIA_TYPE','ID',null,null,null,null,null,null);
214      Insert into MG_CL_MASTER (CL_NAME,S_CL_TABLE,S_CL_CODE_COL,S_CL_DECODE_COL,S_WHERE_COND,T_CL_TABLE,T_CL_CODE_COL,T_CL_DECODE_COL,T_WHERE_COND,ACTIVE,STATUS,S_CL_DISPLAY_COL,T_CL_DISPLAY_COL,T_CL_E2B_CODE_COL) values ('Malfunction Type',null,null,null,null,'LM_MALFUNCTION_TYPE','MALFUNCTION_TYPE','MALFUNCTION_TYPE_ID',null,null,null,null,null,null);
215      Insert into MG_CL_MASTER (CL_NAME,S_CL_TABLE,S_CL_CODE_COL,S_CL_DECODE_COL,S_WHERE_COND,T_CL_TABLE,T_CL_CODE_COL,T_CL_DECODE_COL,T_WHERE_COND,ACTIVE,STATUS,S_CL_DISPLAY_COL,T_CL_DISPLAY_COL,T_CL_E2B_CODE_COL) values ('Manufacturer',null,null,null,null,'LM_MANUFACTURER','MANU_NAME','MANUFACTURER_ID',null,null,null,null,null,null);
216      Insert into MG_CL_MASTER (CL_NAME,S_CL_TABLE,S_CL_CODE_COL,S_CL_DECODE_COL,S_WHERE_COND,T_CL_TABLE,T_CL_CODE_COL,T_CL_DECODE_COL,T_WHERE_COND,ACTIVE,STATUS,S_CL_DISPLAY_COL,T_CL_DISPLAY_COL,T_CL_E2B_CODE_COL) values ('Medical Device Info',null,null,null,null,'LM_MEDICAL_DEVICE_INFO','MEDICAL_DEVICE_INFO','MEDICAL_DEVICE_INFO_ID',null,null,null,null,null,null);
217      Insert into MG_CL_MASTER (CL_NAME,S_CL_TABLE,S_CL_CODE_COL,S_CL_DECODE_COL,S_WHERE_COND,T_CL_TABLE,T_CL_CODE_COL,T_CL_DECODE_COL,T_WHERE_COND,ACTIVE,STATUS,S_CL_DISPLAY_COL,T_CL_DISPLAY_COL,T_CL_E2B_CODE_COL) values ('Medical Status',null,null,null,null,'LM_MEDICAL_STATUS','LABEL','MED_STATUS_ID',null,null,null,null,null,null);
218      Insert into MG_CL_MASTER (CL_NAME,S_CL_TABLE,S_CL_CODE_COL,S_CL_DECODE_COL,S_WHERE_COND,T_CL_TABLE,T_CL_CODE_COL,T_CL_DECODE_COL,T_WHERE_COND,ACTIVE,STATUS,S_CL_DISPLAY_COL,T_CL_DISPLAY_COL,T_CL_E2B_CODE_COL) values ('Mfr Evaluation',null,null,null,null,'CL_MFR_EVALUATION','EVALUATION','ID',null,null,null,null,null,null);
219      Insert into MG_CL_MASTER (CL_NAME,S_CL_TABLE,S_CL_CODE_COL,S_CL_DECODE_COL,S_WHERE_COND,T_CL_TABLE,T_CL_CODE_COL,T_CL_DECODE_COL,T_WHERE_COND,ACTIVE,STATUS,S_CL_DISPLAY_COL,T_CL_DISPLAY_COL,T_CL_E2B_CODE_COL) values ('Occupation',null,null,null,null,'LM_OCCUPATIONS','OCCUPATION','OCCUPATION_ID',null,null,null,null,null,null);
220      Insert into MG_CL_MASTER (CL_NAME,S_CL_TABLE,S_CL_CODE_COL,S_CL_DECODE_COL,S_WHERE_COND,T_CL_TABLE,T_CL_CODE_COL,T_CL_DECODE_COL,T_WHERE_COND,ACTIVE,STATUS,S_CL_DISPLAY_COL,T_CL_DISPLAY_COL,T_CL_E2B_CODE_COL) values ('Package Units',null,null,null,null,'LM_PACK_UNITS','DESCRIPTION','ID',null,null,null,null,null,null);
221      Insert into MG_CL_MASTER (CL_NAME,S_CL_TABLE,S_CL_CODE_COL,S_CL_DECODE_COL,S_WHERE_COND,T_CL_TABLE,T_CL_CODE_COL,T_CL_DECODE_COL,T_WHERE_COND,ACTIVE,STATUS,S_CL_DISPLAY_COL,T_CL_DISPLAY_COL,T_CL_E2B_CODE_COL) values ('Patient Occupation',null,null,null,null,'LM_OCCUPATIONS','OCCUPATION','OCCUPATION_ID',null,null,null,null,null,null);
222      Insert into MG_CL_MASTER (CL_NAME,S_CL_TABLE,S_CL_CODE_COL,S_CL_DECODE_COL,S_WHERE_COND,T_CL_TABLE,T_CL_CODE_COL,T_CL_DECODE_COL,T_WHERE_COND,ACTIVE,STATUS,S_CL_DISPLAY_COL,T_CL_DISPLAY_COL,T_CL_E2B_CODE_COL) values ('Previous Use',null,null,null,null,'CL_PREV_USE','PREV_USE','ID',null,null,null,null,null,null);
223      Insert into MG_CL_MASTER (CL_NAME,S_CL_TABLE,S_CL_CODE_COL,S_CL_DECODE_COL,S_WHERE_COND,T_CL_TABLE,T_CL_CODE_COL,T_CL_DECODE_COL,T_WHERE_COND,ACTIVE,STATUS,S_CL_DISPLAY_COL,T_CL_DISPLAY_COL,T_CL_E2B_CODE_COL) values ('Purchased With Option',null,null,null,null,'LM_PURCHASED_WITH','PURCHASE','PURCHASE_ID',null,null,null,null,null,null);
224      Insert into MG_CL_MASTER (CL_NAME,S_CL_TABLE,S_CL_CODE_COL,S_CL_DECODE_COL,S_WHERE_COND,T_CL_TABLE,T_CL_CODE_COL,T_CL_DECODE_COL,T_WHERE_COND,ACTIVE,STATUS,S_CL_DISPLAY_COL,T_CL_DISPLAY_COL,T_CL_E2B_CODE_COL) values ('REPORTING DESTINATION TYPE',null,null,null,null,'ESM_LM_TYPES','TYPE_DESC','TYPE_ID',null,null,null,null,null,null);
225      Insert into MG_CL_MASTER (CL_NAME,S_CL_TABLE,S_CL_CODE_COL,S_CL_DECODE_COL,S_WHERE_COND,T_CL_TABLE,T_CL_CODE_COL,T_CL_DECODE_COL,T_WHERE_COND,ACTIVE,STATUS,S_CL_DISPLAY_COL,T_CL_DISPLAY_COL,T_CL_E2B_CODE_COL) values ('Rechallenge Outcome',null,null,null,null,'CL_RECHALL_OUTCOME','OUTCOME','ID',null,null,null,null,null,null);
226      Insert into MG_CL_MASTER (CL_NAME,S_CL_TABLE,S_CL_CODE_COL,S_CL_DECODE_COL,S_WHERE_COND,T_CL_TABLE,T_CL_CODE_COL,T_CL_DECODE_COL,T_WHERE_COND,ACTIVE,STATUS,S_CL_DISPLAY_COL,T_CL_DISPLAY_COL,T_CL_E2B_CODE_COL) values ('Reference Types',null,null,null,null,'LM_REF_TYPES','TYPE_DESC','REF_TYPE_ID',null,null,null,null,null,null);
227      Insert into MG_CL_MASTER (CL_NAME,S_CL_TABLE,S_CL_CODE_COL,S_CL_DECODE_COL,S_WHERE_COND,T_CL_TABLE,T_CL_CODE_COL,T_CL_DECODE_COL,T_WHERE_COND,ACTIVE,STATUS,S_CL_DISPLAY_COL,T_CL_DISPLAY_COL,T_CL_E2B_CODE_COL) values ('Relation',null,null,null,null,'LM_RELATION','DESCRIPTION','ID',null,null,null,null,null,null);
228      Insert into MG_CL_MASTER (CL_NAME,S_CL_TABLE,S_CL_CODE_COL,S_CL_DECODE_COL,S_WHERE_COND,T_CL_TABLE,T_CL_CODE_COL,T_CL_DECODE_COL,T_WHERE_COND,ACTIVE,STATUS,S_CL_DISPLAY_COL,T_CL_DISPLAY_COL,T_CL_E2B_CODE_COL) values ('Remedial Action',null,null,null,null,'CL_REMEDIAL_ACTION','ACTION','ID',null,null,null,null,null,null);
229      Insert into MG_CL_MASTER (CL_NAME,S_CL_TABLE,S_CL_CODE_COL,S_CL_DECODE_COL,S_WHERE_COND,T_CL_TABLE,T_CL_CODE_COL,T_CL_DECODE_COL,T_WHERE_COND,ACTIVE,STATUS,S_CL_DISPLAY_COL,T_CL_DISPLAY_COL,T_CL_E2B_CODE_COL) values ('Report Media',null,null,null,null,'LM_REPORT_MEDIA','MEDIA','MEDIA_ID',null,null,null,null,null,null);
230      Insert into MG_CL_MASTER (CL_NAME,S_CL_TABLE,S_CL_CODE_COL,S_CL_DECODE_COL,S_WHERE_COND,T_CL_TABLE,T_CL_CODE_COL,T_CL_DECODE_COL,T_WHERE_COND,ACTIVE,STATUS,S_CL_DISPLAY_COL,T_CL_DISPLAY_COL,T_CL_E2B_CODE_COL) values ('Report Type','S_SAFETYREPORT','REPORTTYPE','REPORTTYPE',null,'LM_REPORT_TYPE','REPORT_TYPE','RPT_TYPE_ID',null,null,null,null,null,null);
231      Insert into MG_CL_MASTER (CL_NAME,S_CL_TABLE,S_CL_CODE_COL,S_CL_DECODE_COL,S_WHERE_COND,T_CL_TABLE,T_CL_CODE_COL,T_CL_DECODE_COL,T_WHERE_COND,ACTIVE,STATUS,S_CL_DISPLAY_COL,T_CL_DISPLAY_COL,T_CL_E2B_CODE_COL) values ('Reported',null,null,null,null,'LM_REPORTED','DESCRIPTION','ID',null,null,null,null,null,null);
232      Insert into MG_CL_MASTER (CL_NAME,S_CL_TABLE,S_CL_CODE_COL,S_CL_DECODE_COL,S_WHERE_COND,T_CL_TABLE,T_CL_CODE_COL,T_CL_DECODE_COL,T_WHERE_COND,ACTIVE,STATUS,S_CL_DISPLAY_COL,T_CL_DISPLAY_COL,T_CL_E2B_CODE_COL) values ('Reporter Occupation',null,null,null,null,'LM_OCCUPATIONS','OCCUPATION','OCCUPATION_ID','where ICH = 1',null,null,null,null,null);
233      Insert into MG_CL_MASTER (CL_NAME,S_CL_TABLE,S_CL_CODE_COL,S_CL_DECODE_COL,S_WHERE_COND,T_CL_TABLE,T_CL_CODE_COL,T_CL_DECODE_COL,T_WHERE_COND,ACTIVE,STATUS,S_CL_DISPLAY_COL,T_CL_DISPLAY_COL,T_CL_E2B_CODE_COL) values ('Reporter Type','S_PRIMARYSOURCE','QUALIFICATION','QUALIFICATION',null,'LM_REPORTER_TYPE','REPORTER_TYPE','RPTR_TYPE_ID',null,null,null,null,null,null);
234      Insert into MG_CL_MASTER (CL_NAME,S_CL_TABLE,S_CL_CODE_COL,S_CL_DECODE_COL,S_WHERE_COND,T_CL_TABLE,T_CL_CODE_COL,T_CL_DECODE_COL,T_WHERE_COND,ACTIVE,STATUS,S_CL_DISPLAY_COL,T_CL_DISPLAY_COL,T_CL_E2B_CODE_COL) values ('Reporting Category',null,null,null,null,'LM_RPT_CATEGORY','RPT_CATEGORY','RPT_CATEGORY_ID',null,null,null,null,null,null);
235      Insert into MG_CL_MASTER (CL_NAME,S_CL_TABLE,S_CL_CODE_COL,S_CL_DECODE_COL,S_WHERE_COND,T_CL_TABLE,T_CL_CODE_COL,T_CL_DECODE_COL,T_WHERE_COND,ACTIVE,STATUS,S_CL_DISPLAY_COL,T_CL_DISPLAY_COL,T_CL_E2B_CODE_COL) values ('Admin Route','S_DRUG','DRUGADMINISTRATIONROUTE','DRUGADMINISTRATIONROUTE',null,'LM_ADMIN_ROUTE','ROUTE','ADMIN_ROUTE_ID',null,null,null,null,null,null);
236      Insert into MG_CL_MASTER (CL_NAME,S_CL_TABLE,S_CL_CODE_COL,S_CL_DECODE_COL,S_WHERE_COND,T_CL_TABLE,T_CL_CODE_COL,T_CL_DECODE_COL,T_WHERE_COND,ACTIVE,STATUS,S_CL_DISPLAY_COL,T_CL_DISPLAY_COL,T_CL_E2B_CODE_COL) values ('Parent Admin Route','S_DRUG','DRUGPARADMINISTRATION','DRUGPARADMINISTRATION',null,'LM_ADMIN_ROUTE','ROUTE','ADMIN_ROUTE_ID',null,null,null,null,null,null);
237      Insert into MG_CL_MASTER (CL_NAME,S_CL_TABLE,S_CL_CODE_COL,S_CL_DECODE_COL,S_WHERE_COND,T_CL_TABLE,T_CL_CODE_COL,T_CL_DECODE_COL,T_WHERE_COND,ACTIVE,STATUS,S_CL_DISPLAY_COL,T_CL_DISPLAY_COL,T_CL_E2B_CODE_COL) values ('Site Abrv',null,null,null,null,'LM_SITES','SITE_DESC','SITE_ID',null,null,null,null,null,null);
238      Insert into MG_CL_MASTER (CL_NAME,S_CL_TABLE,S_CL_CODE_COL,S_CL_DECODE_COL,S_WHERE_COND,T_CL_TABLE,T_CL_CODE_COL,T_CL_DECODE_COL,T_WHERE_COND,ACTIVE,STATUS,S_CL_DISPLAY_COL,T_CL_DISPLAY_COL,T_CL_E2B_CODE_COL) values ('State 2','S_REACTION','TERMHIGHLIGHTED','TERMHIGHLIGHTED',null,'CMN_LOOKUP','STATE2','ID','where id in (0,1)',null,null,null,null,null);
239      Insert into MG_CL_MASTER (CL_NAME,S_CL_TABLE,S_CL_CODE_COL,S_CL_DECODE_COL,S_WHERE_COND,T_CL_TABLE,T_CL_CODE_COL,T_CL_DECODE_COL,T_WHERE_COND,ACTIVE,STATUS,S_CL_DISPLAY_COL,T_CL_DISPLAY_COL,T_CL_E2B_CODE_COL) values ('State 3','S_REACTION','TERMHIGHLIGHTED','TERMHIGHLIGHTED',null,'CMN_LOOKUP','STATE3','ID','where id in (0,1,2)',null,null,null,null,null);
240      Insert into MG_CL_MASTER (CL_NAME,S_CL_TABLE,S_CL_CODE_COL,S_CL_DECODE_COL,S_WHERE_COND,T_CL_TABLE,T_CL_CODE_COL,T_CL_DECODE_COL,T_WHERE_COND,ACTIVE,STATUS,S_CL_DISPLAY_COL,T_CL_DISPLAY_COL,T_CL_E2B_CODE_COL) values ('State 4','S_REACTION','TERMHIGHLIGHTED','TERMHIGHLIGHTED',null,'CMN_LOOKUP','STATE4','ID','where id in (0,1,2,3)',null,null,null,null,null);
241      Insert into MG_CL_MASTER (CL_NAME,S_CL_TABLE,S_CL_CODE_COL,S_CL_DECODE_COL,S_WHERE_COND,T_CL_TABLE,T_CL_CODE_COL,T_CL_DECODE_COL,T_WHERE_COND,ACTIVE,STATUS,S_CL_DISPLAY_COL,T_CL_DISPLAY_COL,T_CL_E2B_CODE_COL) values ('Study Types',null,null,null,null,'LM_STUDY_TYPES','STUDY_TYPE','STUDY_TYPE_ID',null,null,null,null,null,null);
242      Insert into MG_CL_MASTER (CL_NAME,S_CL_TABLE,S_CL_CODE_COL,S_CL_DECODE_COL,S_WHERE_COND,T_CL_TABLE,T_CL_CODE_COL,T_CL_DECODE_COL,T_WHERE_COND,ACTIVE,STATUS,S_CL_DISPLAY_COL,T_CL_DISPLAY_COL,T_CL_E2B_CODE_COL) values ('Subject',null,null,null,null,'CL_SUBJECT','SUBJECT','ID',null,null,null,null,null,null);
243      Insert into MG_CL_MASTER (CL_NAME,S_CL_TABLE,S_CL_CODE_COL,S_CL_DECODE_COL,S_WHERE_COND,T_CL_TABLE,T_CL_CODE_COL,T_CL_DECODE_COL,T_WHERE_COND,ACTIVE,STATUS,S_CL_DISPLAY_COL,T_CL_DISPLAY_COL,T_CL_E2B_CODE_COL) values ('Term Type',null,null,null,null,'CL_TERM_TYPE','TYPE','ID',null,null,null,null,null,null);
244      Insert into MG_CL_MASTER (CL_NAME,S_CL_TABLE,S_CL_CODE_COL,S_CL_DECODE_COL,S_WHERE_COND,T_CL_TABLE,T_CL_CODE_COL,T_CL_DECODE_COL,T_WHERE_COND,ACTIVE,STATUS,S_CL_DISPLAY_COL,T_CL_DISPLAY_COL,T_CL_E2B_CODE_COL) values ('Trimester Status',null,null,null,null,'CL_TRIMESTER_STATUS','STATUS','ID',null,null,null,null,null,null);
245      Insert into MG_CL_MASTER (CL_NAME,S_CL_TABLE,S_CL_CODE_COL,S_CL_DECODE_COL,S_WHERE_COND,T_CL_TABLE,T_CL_CODE_COL,T_CL_DECODE_COL,T_WHERE_COND,ACTIVE,STATUS,S_CL_DISPLAY_COL,T_CL_DISPLAY_COL,T_CL_E2B_CODE_COL) values ('Unblinding Status',null,null,null,null,'LM_UNBLINDING_STATUS','UNBLINDING_STATUS','STATUS_ID',null,null,null,null,null,null);
246      Insert into MG_CL_MASTER (CL_NAME,S_CL_TABLE,S_CL_CODE_COL,S_CL_DECODE_COL,S_WHERE_COND,T_CL_TABLE,T_CL_CODE_COL,T_CL_DECODE_COL,T_WHERE_COND,ACTIVE,STATUS,S_CL_DISPLAY_COL,T_CL_DISPLAY_COL,T_CL_E2B_CODE_COL) values ('Usage Of Device',null,null,null,null,'CL_USAGE_OF_DEVICE','USAGE_OF_DEVICE','ID',null,null,null,null,null,null);
247      Insert into MG_CL_MASTER (CL_NAME,S_CL_TABLE,S_CL_CODE_COL,S_CL_DECODE_COL,S_WHERE_COND,T_CL_TABLE,T_CL_CODE_COL,T_CL_DECODE_COL,T_WHERE_COND,ACTIVE,STATUS,S_CL_DISPLAY_COL,T_CL_DISPLAY_COL,T_CL_E2B_CODE_COL) values ('Vaccinated At',null,null,null,null,'LM_VACCINATED_AT','LOCATION','VACC_AT_ID',null,null,null,null,null,null);
248      Insert into MG_CL_MASTER (CL_NAME,S_CL_TABLE,S_CL_CODE_COL,S_CL_DECODE_COL,S_WHERE_COND,T_CL_TABLE,T_CL_CODE_COL,T_CL_DECODE_COL,T_WHERE_COND,ACTIVE,STATUS,S_CL_DISPLAY_COL,T_CL_DISPLAY_COL,T_CL_E2B_CODE_COL) values ('Usage Of Device',null,null,null,null,'CL_USAGE_OF_DEVICE','USAGE_OF_DEVICE','USAGE_OF_DEVICE_ID',null,null,null,null,null,null);
249      Insert into MG_CL_MASTER (CL_NAME,S_CL_TABLE,S_CL_CODE_COL,S_CL_DECODE_COL,S_WHERE_COND,T_CL_TABLE,T_CL_CODE_COL,T_CL_DECODE_COL,T_WHERE_COND,ACTIVE,STATUS,S_CL_DISPLAY_COL,T_CL_DISPLAY_COL,T_CL_E2B_CODE_COL) values ('Vaccinated At',null,null,null,null,'LM_VACCINATED_AT','VACCINATED_AT','VACCINATED_AT_ID',null,null,null,null,null,null);
250      Insert into MG_CL_MASTER (CL_NAME,S_CL_TABLE,S_CL_CODE_COL,S_CL_DECODE_COL,S_WHERE_COND,T_CL_TABLE,T_CL_CODE_COL,T_CL_DECODE_COL,T_WHERE_COND,ACTIVE,STATUS,S_CL_DISPLAY_COL,T_CL_DISPLAY_COL,T_CL_E2B_CODE_COL) values ('Accidental Exposure',null,null,null,null,'LM_ACCIDENTAL_EXPOSURE','DESCRIPTION','ID',null,null,null,null,null,null);
251      Insert into MG_CL_MASTER (CL_NAME,S_CL_TABLE,S_CL_CODE_COL,S_CL_DECODE_COL,S_WHERE_COND,T_CL_TABLE,T_CL_CODE_COL,T_CL_DECODE_COL,T_WHERE_COND,ACTIVE,STATUS,S_CL_DISPLAY_COL,T_CL_DISPLAY_COL,T_CL_E2B_CODE_COL) values ('Action Item Type',null,null,null,null,'LM_ACTION_ITEM_TYPE','ACTION_TYPE','ACTION_TYPE_ID',null,null,null,null,null,null);
252      Insert into MG_CL_MASTER (CL_NAME,S_CL_TABLE,S_CL_CODE_COL,S_CL_DECODE_COL,S_WHERE_COND,T_CL_TABLE,T_CL_CODE_COL,T_CL_DECODE_COL,T_WHERE_COND,ACTIVE,STATUS,S_CL_DISPLAY_COL,T_CL_DISPLAY_COL,T_CL_E2B_CODE_COL) values ('Action Taken','S_DRUG','ACTIONDRUG','ACTIONDRUG',null,'LM_ACTION_TAKEN','ACTION_TAKEN','ACT_TAKEN_ID',null,null,null,null,null,null);
253      Insert into MG_CL_MASTER (CL_NAME,S_CL_TABLE,S_CL_CODE_COL,S_CL_DECODE_COL,S_WHERE_COND,T_CL_TABLE,T_CL_CODE_COL,T_CL_DECODE_COL,T_WHERE_COND,ACTIVE,STATUS,S_CL_DISPLAY_COL,T_CL_DISPLAY_COL,T_CL_E2B_CODE_COL) values ('Age Groups','S_PATIENT','PATIENTAGEGROUP','PATIENTAGEGROUP',null,'LM_AGE_GROUPS','GROUP_NAME','AGE_GROUP_ID',null,null,null,null,null,null);
254      Insert into MG_CL_MASTER (CL_NAME,S_CL_TABLE,S_CL_CODE_COL,S_CL_DECODE_COL,S_WHERE_COND,T_CL_TABLE,T_CL_CODE_COL,T_CL_DECODE_COL,T_WHERE_COND,ACTIVE,STATUS,S_CL_DISPLAY_COL,T_CL_DISPLAY_COL,T_CL_E2B_CODE_COL) values ('Age Units','S_PATIENT','PATIENTONSETAGEUNIT','PATIENTONSETAGEUNIT',null,'LM_AGE_UNITS','AGE_UNIT','AGE_UNIT_ID',null,null,null,null,null,null);
255      Insert into MG_CL_MASTER (CL_NAME,S_CL_TABLE,S_CL_CODE_COL,S_CL_DECODE_COL,S_WHERE_COND,T_CL_TABLE,T_CL_CODE_COL,T_CL_DECODE_COL,T_WHERE_COND,ACTIVE,STATUS,S_CL_DISPLAY_COL,T_CL_DISPLAY_COL,T_CL_E2B_CODE_COL) values ('Attachment Classification',null,null,null,null,'LM_CLASSIFICATION','CLASSIFICATION','CLASSIFICATION_ID',null,null,null,null,null,null);
256      Insert into MG_CL_MASTER (CL_NAME,S_CL_TABLE,S_CL_CODE_COL,S_CL_DECODE_COL,S_WHERE_COND,T_CL_TABLE,T_CL_CODE_COL,T_CL_DECODE_COL,T_WHERE_COND,ACTIVE,STATUS,S_CL_DISPLAY_COL,T_CL_DISPLAY_COL,T_CL_E2B_CODE_COL) values ('Autopsy Results',null,null,null,null,'CL_AUTOPSY_RESULTS','RESULTS','ID',null,null,null,null,null,null);
257      Insert into MG_CL_MASTER (CL_NAME,S_CL_TABLE,S_CL_CODE_COL,S_CL_DECODE_COL,S_WHERE_COND,T_CL_TABLE,T_CL_CODE_COL,T_CL_DECODE_COL,T_WHERE_COND,ACTIVE,STATUS,S_CL_DISPLAY_COL,T_CL_DISPLAY_COL,T_CL_E2B_CODE_COL) values ('Bfarm Causality',null,null,null,null,'CL_BFARM_CAUSALITY','CAUSALITY','ID',null,null,null,null,null,null);
258      Insert into MG_CL_MASTER (CL_NAME,S_CL_TABLE,S_CL_CODE_COL,S_CL_DECODE_COL,S_WHERE_COND,T_CL_TABLE,T_CL_CODE_COL,T_CL_DECODE_COL,T_WHERE_COND,ACTIVE,STATUS,S_CL_DISPLAY_COL,T_CL_DISPLAY_COL,T_CL_E2B_CODE_COL) values ('Birth Type',null,null,null,null,'LM_BIRTH_TYPE','BIRTH_TYPE','BIRTH_TYPE_ID',null,null,null,null,null,null);
259      Insert into MG_CL_MASTER (CL_NAME,S_CL_TABLE,S_CL_CODE_COL,S_CL_DECODE_COL,S_WHERE_COND,T_CL_TABLE,T_CL_CODE_COL,T_CL_DECODE_COL,T_WHERE_COND,ACTIVE,STATUS,S_CL_DISPLAY_COL,T_CL_DISPLAY_COL,T_CL_E2B_CODE_COL) values ('Causality',null,null,null,null,'LM_CAUSALITY','CAUSALITY','CAUSALITY_ID',null,null,null,null,null,null);
260      Insert into MG_CL_MASTER (CL_NAME,S_CL_TABLE,S_CL_CODE_COL,S_CL_DECODE_COL,S_WHERE_COND,T_CL_TABLE,T_CL_CODE_COL,T_CL_DECODE_COL,T_WHERE_COND,ACTIVE,STATUS,S_CL_DISPLAY_COL,T_CL_DISPLAY_COL,T_CL_E2B_CODE_COL) values ('Causality Method','S_DRUGREACTIONRELATEDNESS','DRUGASSESSMENTMETHOD','DRUGASSESSMENTMETHOD',null,'LM_CAUSALITY_METHOD','METHOD','METHOD_ID',null,null,null,null,null,null);
261      Insert into MG_CL_MASTER (CL_NAME,S_CL_TABLE,S_CL_CODE_COL,S_CL_DECODE_COL,S_WHERE_COND,T_CL_TABLE,T_CL_CODE_COL,T_CL_DECODE_COL,T_WHERE_COND,ACTIVE,STATUS,S_CL_DISPLAY_COL,T_CL_DISPLAY_COL,T_CL_E2B_CODE_COL) values ('Case Classification',null,null,null,null,'LM_CASE_CLASSIFICATION','DESCRIPTION','CLASSIFICATION_ID',null,null,null,null,null,null);
262      Insert into MG_CL_MASTER (CL_NAME,S_CL_TABLE,S_CL_CODE_COL,S_CL_DECODE_COL,S_WHERE_COND,T_CL_TABLE,T_CL_CODE_COL,T_CL_DECODE_COL,T_WHERE_COND,ACTIVE,STATUS,S_CL_DISPLAY_COL,T_CL_DISPLAY_COL,T_CL_E2B_CODE_COL) values ('Clinical Reference Types',null,null,null,null,'LM_CLINICAL_REF_TYPES','REF_TYPE_DESC','REF_TYPE_ID',null,null,null,null,null,null);
263      Insert into MG_CL_MASTER (CL_NAME,S_CL_TABLE,S_CL_CODE_COL,S_CL_DECODE_COL,S_WHERE_COND,T_CL_TABLE,T_CL_CODE_COL,T_CL_DECODE_COL,T_WHERE_COND,ACTIVE,STATUS,S_CL_DISPLAY_COL,T_CL_DISPLAY_COL,T_CL_E2B_CODE_COL) values ('Condition Type',null,null,null,null,'LM_CONDITION_TYPE','COND_TYPE','CONDITION_TYPE_ID',null,null,null,null,null,null);
264      Insert into MG_CL_MASTER (CL_NAME,S_CL_TABLE,S_CL_CODE_COL,S_CL_DECODE_COL,S_WHERE_COND,T_CL_TABLE,T_CL_CODE_COL,T_CL_DECODE_COL,T_WHERE_COND,ACTIVE,STATUS,S_CL_DISPLAY_COL,T_CL_DISPLAY_COL,T_CL_E2B_CODE_COL) values ('Contact Type',null,null,null,null,'LM_CONTACT_TYPE','CONTACT_TYPE','CONTACT_ID',null,null,null,null,null,null);
265      Insert into MG_CL_MASTER (CL_NAME,S_CL_TABLE,S_CL_CODE_COL,S_CL_DECODE_COL,S_WHERE_COND,T_CL_TABLE,T_CL_CODE_COL,T_CL_DECODE_COL,T_WHERE_COND,ACTIVE,STATUS,S_CL_DISPLAY_COL,T_CL_DISPLAY_COL,T_CL_E2B_CODE_COL) values ('Country','S_SAFETYREPORT','OCCURCOUNTRY','OCCURCOUNTRY',null,'LM_COUNTRIES','COUNTRY','COUNTRY_ID',null,null,null,null,null,null);
266      Insert into MG_CL_MASTER (CL_NAME,S_CL_TABLE,S_CL_CODE_COL,S_CL_DECODE_COL,S_WHERE_COND,T_CL_TABLE,T_CL_CODE_COL,T_CL_DECODE_COL,T_WHERE_COND,ACTIVE,STATUS,S_CL_DISPLAY_COL,T_CL_DISPLAY_COL,T_CL_E2B_CODE_COL) values ('Delivery Type',null,null,null,null,'LM_DELIVERY_TYPES','DELIVERY_TYPE','DELIVERY_TYPE_ID',null,null,null,null,null,null);
267      Insert into MG_CL_MASTER (CL_NAME,S_CL_TABLE,S_CL_CODE_COL,S_CL_DECODE_COL,S_WHERE_COND,T_CL_TABLE,T_CL_CODE_COL,T_CL_DECODE_COL,T_WHERE_COND,ACTIVE,STATUS,S_CL_DISPLAY_COL,T_CL_DISPLAY_COL,T_CL_E2B_CODE_COL) values ('Dev Phase',null,null,null,null,'LM_DEV_PHASE','DEV_PHASE','DEV_PHASE_ID',null,null,null,null,null,null);
268      Insert into MG_CL_MASTER (CL_NAME,S_CL_TABLE,S_CL_CODE_COL,S_CL_DECODE_COL,S_WHERE_COND,T_CL_TABLE,T_CL_CODE_COL,T_CL_DECODE_COL,T_WHERE_COND,ACTIVE,STATUS,S_CL_DISPLAY_COL,T_CL_DISPLAY_COL,T_CL_E2B_CODE_COL) values ('Device Age Unit','S_PATIENT','PATIENTONSETAGEUNIT','PATIENTONSETAGEUNIT',null,'LM_AGE_UNITS','AGE_UNIT','AGE_UNIT_ID','where device_age_unit = 1',null,null,null,null,null);
269      Insert into MG_CL_MASTER (CL_NAME,S_CL_TABLE,S_CL_CODE_COL,S_CL_DECODE_COL,S_WHERE_COND,T_CL_TABLE,T_CL_CODE_COL,T_CL_DECODE_COL,T_WHERE_COND,ACTIVE,STATUS,S_CL_DISPLAY_COL,T_CL_DISPLAY_COL,T_CL_E2B_CODE_COL) values ('Device Classification',null,null,null,null,'LM_PMDA_DEVICE_CLASSIFICATION','CLASSIFICATION','CLASSIFICATION_ID',null,null,null,null,null,null);
270      Insert into MG_CL_MASTER (CL_NAME,S_CL_TABLE,S_CL_CODE_COL,S_CL_DECODE_COL,S_WHERE_COND,T_CL_TABLE,T_CL_CODE_COL,T_CL_DECODE_COL,T_WHERE_COND,ACTIVE,STATUS,S_CL_DISPLAY_COL,T_CL_DISPLAY_COL,T_CL_E2B_CODE_COL) values ('Device Delivery Type',null,null,null,null,'CL_DEVICE_DELIV_TYPE','TYPE','ID',null,null,null,null,null,null);
271      Insert into MG_CL_MASTER (CL_NAME,S_CL_TABLE,S_CL_CODE_COL,S_CL_DECODE_COL,S_WHERE_COND,T_CL_TABLE,T_CL_CODE_COL,T_CL_DECODE_COL,T_WHERE_COND,ACTIVE,STATUS,S_CL_DISPLAY_COL,T_CL_DISPLAY_COL,T_CL_E2B_CODE_COL) values ('Device Evaluation',null,null,null,null,'CL_DEVICE_EVALUATION','DEV_EVAL','ID',null,null,null,null,null,null);
272      Insert into MG_CL_MASTER (CL_NAME,S_CL_TABLE,S_CL_CODE_COL,S_CL_DECODE_COL,S_WHERE_COND,T_CL_TABLE,T_CL_CODE_COL,T_CL_DECODE_COL,T_WHERE_COND,ACTIVE,STATUS,S_CL_DISPLAY_COL,T_CL_DISPLAY_COL,T_CL_E2B_CODE_COL) values ('Device Operator',null,null,null,null,'CL_DEVICE_OPERATOR','DEV_OPER','ID',null,null,null,null,null,null);
273      Insert into MG_CL_MASTER (CL_NAME,S_CL_TABLE,S_CL_CODE_COL,S_CL_DECODE_COL,S_WHERE_COND,T_CL_TABLE,T_CL_CODE_COL,T_CL_DECODE_COL,T_WHERE_COND,ACTIVE,STATUS,S_CL_DISPLAY_COL,T_CL_DISPLAY_COL,T_CL_E2B_CODE_COL) values ('Device Outcome',null,null,null,null,'LM_PMDA_DEVICE_OUTCOME','DEVICE_OUTCOME','DEVICE_OUTCOME_ID',null,null,null,null,null,null);
274      Insert into MG_CL_MASTER (CL_NAME,S_CL_TABLE,S_CL_CODE_COL,S_CL_DECODE_COL,S_WHERE_COND,T_CL_TABLE,T_CL_CODE_COL,T_CL_DECODE_COL,T_WHERE_COND,ACTIVE,STATUS,S_CL_DISPLAY_COL,T_CL_DISPLAY_COL,T_CL_E2B_CODE_COL) values ('Device Reporting Category',null,null,null,null,'LM_DEVICE_RPT_CATEGORY','CATEGORY','CATEGORY_ID',null,null,null,null,null,null);
275      Insert into MG_CL_MASTER (CL_NAME,S_CL_TABLE,S_CL_CODE_COL,S_CL_DECODE_COL,S_WHERE_COND,T_CL_TABLE,T_CL_CODE_COL,T_CL_DECODE_COL,T_WHERE_COND,ACTIVE,STATUS,S_CL_DISPLAY_COL,T_CL_DISPLAY_COL,T_CL_E2B_CODE_COL) values ('Device Subcomponents',null,null,null,null,'LM_DEVICE_SUBCOMPONENTS','SUBCOMPONENT_NAME','SUBCOMPONENT_ID',null,null,null,null,null,null);
276      Insert into MG_CL_MASTER (CL_NAME,S_CL_TABLE,S_CL_CODE_COL,S_CL_DECODE_COL,S_WHERE_COND,T_CL_TABLE,T_CL_CODE_COL,T_CL_DECODE_COL,T_WHERE_COND,ACTIVE,STATUS,S_CL_DISPLAY_COL,T_CL_DISPLAY_COL,T_CL_E2B_CODE_COL) values ('Device Type',null,null,null,null,'LM_DEVICE_TYPE','DEVICE_TYPE_DESC','DEVICE_TYPE_ID',null,null,null,null,null,null);
277      Insert into MG_CL_MASTER (CL_NAME,S_CL_TABLE,S_CL_CODE_COL,S_CL_DECODE_COL,S_WHERE_COND,T_CL_TABLE,T_CL_CODE_COL,T_CL_DECODE_COL,T_WHERE_COND,ACTIVE,STATUS,S_CL_DISPLAY_COL,T_CL_DISPLAY_COL,T_CL_E2B_CODE_COL) values ('Device Usage',null,null,null,null,'CL_DEVICE_USAGE','DEV_USAGE','ID',null,null,null,null,null,null);
278      Insert into MG_CL_MASTER (CL_NAME,S_CL_TABLE,S_CL_CODE_COL,S_CL_DECODE_COL,S_WHERE_COND,T_CL_TABLE,T_CL_CODE_COL,T_CL_DECODE_COL,T_WHERE_COND,ACTIVE,STATUS,S_CL_DISPLAY_COL,T_CL_DISPLAY_COL,T_CL_E2B_CODE_COL) values ('Dose Frequency',null,null,null,null,'LM_DOSE_FREQUENCY','FREQ','FREQ_ID',null,null,null,null,null,null);
279      Insert into MG_CL_MASTER (CL_NAME,S_CL_TABLE,S_CL_CODE_COL,S_CL_DECODE_COL,S_WHERE_COND,T_CL_TABLE,T_CL_CODE_COL,T_CL_DECODE_COL,T_WHERE_COND,ACTIVE,STATUS,S_CL_DISPLAY_COL,T_CL_DISPLAY_COL,T_CL_E2B_CODE_COL) values ('Dose Units','S_DRUG','DRUGSTRUCTUREDOSAGEUNIT','DRUGSTRUCTUREDOSAGEUNIT',null,'LM_DOSE_UNITS','UNIT','UNIT_ID','where dosage_unit = 1',null,null,null,null,null);
280      Insert into MG_CL_MASTER (CL_NAME,S_CL_TABLE,S_CL_CODE_COL,S_CL_DECODE_COL,S_WHERE_COND,T_CL_TABLE,T_CL_CODE_COL,T_CL_DECODE_COL,T_WHERE_COND,ACTIVE,STATUS,S_CL_DISPLAY_COL,T_CL_DISPLAY_COL,T_CL_E2B_CODE_COL) values ('Drug Type','S_REACTION','TERMHIGHLIGHTED','TERMHIGHLIGHTED',null,'CMN_LOOKUP','DRUG_TYPE','ID','where id in (1,2,3)',null,null,null,null,null);
281      Insert into MG_CL_MASTER (CL_NAME,S_CL_TABLE,S_CL_CODE_COL,S_CL_DECODE_COL,S_WHERE_COND,T_CL_TABLE,T_CL_CODE_COL,T_CL_DECODE_COL,T_WHERE_COND,ACTIVE,STATUS,S_CL_DISPLAY_COL,T_CL_DISPLAY_COL,T_CL_E2B_CODE_COL) values ('Ethnicity',null,null,null,null,'LM_ETHNICITY','ETHNICITY','ETHNICITY_ID',null,null,null,null,null,null);
282      Insert into MG_CL_MASTER (CL_NAME,S_CL_TABLE,S_CL_CODE_COL,S_CL_DECODE_COL,S_WHERE_COND,T_CL_TABLE,T_CL_CODE_COL,T_CL_DECODE_COL,T_WHERE_COND,ACTIVE,STATUS,S_CL_DISPLAY_COL,T_CL_DISPLAY_COL,T_CL_E2B_CODE_COL) values ('Evaluation Reason',null,null,null,null,'LM_MFR_EVAL_REASON','MFR_EVAL_REASON','MFR_EVAL_ID',null,null,null,null,null,null);
283      Insert into MG_CL_MASTER (CL_NAME,S_CL_TABLE,S_CL_CODE_COL,S_CL_DECODE_COL,S_WHERE_COND,T_CL_TABLE,T_CL_CODE_COL,T_CL_DECODE_COL,T_WHERE_COND,ACTIVE,STATUS,S_CL_DISPLAY_COL,T_CL_DISPLAY_COL,T_CL_E2B_CODE_COL) values ('Evaluator Type',null,null,null,null,'LM_EVALUATOR_TYPE','EVALUATOR_TYPE','EVALUATOR_TYPE_ID',null,null,null,null,null,null);
284      Insert into MG_CL_MASTER (CL_NAME,S_CL_TABLE,S_CL_CODE_COL,S_CL_DECODE_COL,S_WHERE_COND,T_CL_TABLE,T_CL_CODE_COL,T_CL_DECODE_COL,T_WHERE_COND,ACTIVE,STATUS,S_CL_DISPLAY_COL,T_CL_DISPLAY_COL,T_CL_E2B_CODE_COL) values ('Event Frequency',null,null,null,null,'LM_EVT_FREQUENCY','EVT_FREQ','EVT_FREQ_ID',null,null,null,null,null,null);
285      Insert into MG_CL_MASTER (CL_NAME,S_CL_TABLE,S_CL_CODE_COL,S_CL_DECODE_COL,S_WHERE_COND,T_CL_TABLE,T_CL_CODE_COL,T_CL_DECODE_COL,T_WHERE_COND,ACTIVE,STATUS,S_CL_DISPLAY_COL,T_CL_DISPLAY_COL,T_CL_E2B_CODE_COL) values ('Event Intensity',null,null,null,null,'LM_EVT_INTENSITY','EVT_INTENSITY','EVT_INTENSITY_ID',null,null,null,null,null,null);
286      Insert into MG_CL_MASTER (CL_NAME,S_CL_TABLE,S_CL_CODE_COL,S_CL_DECODE_COL,S_WHERE_COND,T_CL_TABLE,T_CL_CODE_COL,T_CL_DECODE_COL,T_WHERE_COND,ACTIVE,STATUS,S_CL_DISPLAY_COL,T_CL_DISPLAY_COL,T_CL_E2B_CODE_COL) values ('Event Nature',null,null,null,null,'LM_EVT_NATURE','EVT_NATURE','EVT_NATURE_ID',null,null,null,null,null,null);
287  
288      COMMIT;
289  END;
290  /

PL/SQL procedure successfully completed.

Elapsed: 00:00:00.626
SQL> 
SQL> -- Table Population Logic Ends Here
SQL> 
SQL> -- Log End Time
SQL> SELECT TO_CHAR( SYSDATE, 'DD-MON-YYYY HH24:MI:SS' ) END_TIME FROM DUAL;

END_TIME            
--------------------
21-MAY-2026 05:26:24

Elapsed: 00:00:00.304
SQL> 
SQL> -- Echo Off
SQL> SET ECHO OFF;
