SQL> 
SQL> SELECT TO_CHAR( SYSDATE, 'DD-MON-YYYY HH24:MI:SS' ) START_TIME FROM DUAL;

START_TIME          
--------------------
21-MAY-2026 06:10:46

Elapsed: 00:00:00.186
SQL> 
SQL> 
SQL> CREATE TABLE S_SAFETYREPORT (
  2      ICHICSR_SEQ VARCHAR2(4000),
  3      SAFETYREPORT_SEQ VARCHAR2(4000),
  4      SAFETYREPORTVERSION VARCHAR2(4000),
  5      SAFETYREPORTID VARCHAR2(4000),
  6      PRIMARYSOURCECOUNTRY VARCHAR2(4000),
  7      OCCURCOUNTRY VARCHAR2(4000),
  8      TRANSMISSIONDATEFORMAT VARCHAR2(4000),
  9      TRANSMISSIONDATE VARCHAR2(4000),
 10      REPORTTYPE VARCHAR2(4000),
 11      SERIOUS VARCHAR2(4000),
 12      SERIOUSNESSLIFETHREATENING VARCHAR2(4000),
 13      RECEIVEDATEFORMAT VARCHAR2(4000),
 14      RECEIVEDATE VARCHAR2(4000),
 15      RECEIPTDATEFORMAT VARCHAR2(4000),
 16      RECEIPTDATE VARCHAR2(4000),
 17      ADDITIONALDOCUMENT VARCHAR2(4000),
 18      FULFILLEXPEDITECRITERIA VARCHAR2(4000),
 19      AUTHORITYNUMB VARCHAR2(4000),
 20      COMPANYNUMB VARCHAR2(4000),
 21      CASENULLIFICATION VARCHAR2(4000),
 22      NULLIFICATIONREASON VARCHAR2(4000),
 23      SERIOUSNESSHOSPITALIZATION VARCHAR2(4000),
 24      MEDICALLYCONFIRM VARCHAR2(4000),
 25      SERIOUSNESSOTHER VARCHAR2(4000),
 26      DUPLICATE VARCHAR2(4000),
 27      SERIOUSNESSDEATH VARCHAR2(4000),
 28      SERIOUSNESSDISABLING VARCHAR2(4000),
 29      DOCUMENTLIST VARCHAR2(4000),
 30      SERIOUSNESSCONGENITALANOMALI VARCHAR2(4000),
 31      CASE_NUMBER VARCHAR2(200 BYTE)
 32  );

Table S_SAFETYREPORT created.

Elapsed: 00:00:00.171
SQL> 
SQL> CREATE TABLE S_PRIMARYSOURCE (
  2      ICHICSR_SEQ VARCHAR2(4000),
  3      SAFETYREPORT_SEQ VARCHAR2(4000),
  4      PRIMARYSOURCE_SEQ VARCHAR2(4000),
  5      REPORTERTITLE VARCHAR2(4000),
  6      REPORTERGIVENAME VARCHAR2(4000),
  7      REPORTERFAMILYNAME VARCHAR2(4000),
  8      REPORTERCOUNTRY VARCHAR2(4000),
  9      QUALIFICATION VARCHAR2(4000),
 10      STUDYNAME VARCHAR2(4000),
 11      SPONSORSTUDYNUMB VARCHAR2(4000),
 12      OBSERVESTUDYTYPE VARCHAR2(4000),
 13      REPORTERCITY VARCHAR2(4000),
 14      REPORTERSTREET VARCHAR2(4000),
 15      REPORTERSTATE VARCHAR2(4000),
 16      REPORTERPOSTCODE VARCHAR2(4000),
 17      REPORTERORGANIZATION VARCHAR2(4000),
 18      REPORTERMIDDLENAME VARCHAR2(4000),
 19      REPORTERDEPARTMENT VARCHAR2(4000),
 20      LITERATUREREFERENCE VARCHAR2(4000),
 21      CASE_NUMBER VARCHAR2(200 BYTE),
 22      GEN_SEQ NUMBER
 23  );

Table S_PRIMARYSOURCE created.

Elapsed: 00:00:00.163
SQL> 
SQL> CREATE TABLE S_SENDER (
  2      ICHICSR_SEQ VARCHAR2(4000),
  3      SAFETYREPORT_SEQ VARCHAR2(4000),
  4      SENDER_SEQ VARCHAR2(4000),
  5      SENDERTYPE VARCHAR2(4000),
  6      SENDERORGANIZATION VARCHAR2(4000),
  7      SENDERDEPARTMENT VARCHAR2(4000),
  8      SENDERTITLE VARCHAR2(4000),
  9      SENDERGIVENAME VARCHAR2(4000),
 10      SENDERMIDDLENAME VARCHAR2(4000),
 11      SENDERFAMILYNAME VARCHAR2(4000),
 12      SENDERSTREETADDRESS VARCHAR2(4000),
 13      SENDERCITY VARCHAR2(4000),
 14      SENDERSTATE VARCHAR2(4000),
 15      SENDERPOSTCODE VARCHAR2(4000),
 16      SENDERCOUNTRYCODE VARCHAR2(4000),
 17      SENDERTEL VARCHAR2(4000),
 18      SENDERTELEXTENSION VARCHAR2(4000),
 19      SENDERTELCOUNTRYCODE VARCHAR2(4000),
 20      SENDERFAX VARCHAR2(4000),
 21      SENDERFAXEXTENSION VARCHAR2(4000),
 22      SENDERFAXCOUNTRYCODE VARCHAR2(4000),
 23      SENDEREMAILADDRESS VARCHAR2(4000),
 24      CASE_NUMBER VARCHAR2(200 BYTE)
 25  );

Table S_SENDER created.

Elapsed: 00:00:00.166
SQL> 
SQL> CREATE TABLE S_RECEIVER (
  2      ICHICSR_SEQ VARCHAR2(4000),
  3      SAFETYREPORT_SEQ VARCHAR2(4000),
  4      RECEIVER_SEQ VARCHAR2(4000),
  5      RECEIVERTYPE VARCHAR2(4000),
  6      RECEIVERORGANIZATION VARCHAR2(4000),
  7      RECEIVERDEPARTMENT VARCHAR2(4000),
  8      RECEIVERTITLE VARCHAR2(4000),
  9      RECEIVERGIVENAME VARCHAR2(4000),
 10      RECEIVERMIDDLENAME VARCHAR2(4000),
 11      RECEIVERFAMILYNAME VARCHAR2(4000),
 12      RECEIVERSTREETADDRESS VARCHAR2(4000),
 13      RECEIVERCITY VARCHAR2(4000),
 14      RECEIVERSTATE VARCHAR2(4000),
 15      RECEIVERPOSTCODE VARCHAR2(4000),
 16      RECEIVERCOUNTRYCODE VARCHAR2(4000),
 17      RECEIVERTEL VARCHAR2(4000),
 18      RECEIVERTELEXTENSION VARCHAR2(4000),
 19      RECEIVERTELCOUNTRYCODE VARCHAR2(4000),
 20      RECEIVERFAX VARCHAR2(4000),
 21      RECEIVERFAXEXTENSION VARCHAR2(4000),
 22      RECEIVERFAXCOUNTRYCODE VARCHAR2(4000),
 23      RECEIVEREMAILADDRESS VARCHAR2(4000),
 24      CASE_NUMBER VARCHAR2(200 BYTE)
 25  );

Table S_RECEIVER created.

Elapsed: 00:00:00.163
SQL> 
SQL> CREATE TABLE S_PATIENT (
  2      ICHICSR_SEQ VARCHAR2(4000),
  3      SAFETYREPORT_SEQ VARCHAR2(4000),
  4      PATIENT_SEQ VARCHAR2(4000),
  5      PATIENTINITIAL VARCHAR2(4000),
  6      PATIENTGPMEDICALRECORDNUMB VARCHAR2(4000),
  7      PATIENTSPECIALISTRECORDNUMB VARCHAR2(4000),
  8      PATIENTONSETAGE VARCHAR2(4000),
  9      PATIENTONSETAGEUNIT VARCHAR2(4000),
 10      GESTATIONPERIOD VARCHAR2(4000),
 11      GESTATIONPERIODUNIT VARCHAR2(4000),
 12      PATIENTAGEGROUP VARCHAR2(4000),
 13      PATIENTSEX VARCHAR2(4000),
 14      RESULTSTESTSPROCEDURES VARCHAR2(4000),
 15      PATIENTINVESTIGATIONNUMB VARCHAR2(4000),
 16      PATIENTWEIGHT VARCHAR2(4000),
 17      PATIENTHEIGHT VARCHAR2(4000),
 18      PATIENTHOSPITALRECORDNUMB VARCHAR2(4000),
 19      PATIENTBIRTHDATEFORMAT VARCHAR2(4000),
 20      PATIENTBIRTHDATE VARCHAR2(4000),
 21      PATIENTMEDICALHISTORYTEXT VARCHAR2(4000),
 22      LASTMENSTRUALDATEFORMAT VARCHAR2(4000),
 23      PATIENTLASTMENSTRUALDATE VARCHAR2(4000),
 24      CASE_NUMBER VARCHAR2(200 BYTE)
 25  );

Table S_PATIENT created.

Elapsed: 00:00:00.162
SQL> 
SQL> CREATE TABLE S_MEDICALHISTORYEPISODE (
  2      ICHICSR_SEQ VARCHAR2(4000),
  3      SAFETYREPORT_SEQ VARCHAR2(4000),
  4      PATIENT_SEQ VARCHAR2(4000),
  5      MEDICALHISTORYEPISODE_SEQ VARCHAR2(4000),
  6      PATIENTEPISODENAMEMEDDRAVERSION VARCHAR2(4000),
  7      PATIENTEPISODENAME VARCHAR2(4000),
  8      PATIENTMEDICALCONTINUE VARCHAR2(4000),
  9      PATIENTMEDICALSTARTDATEFORMAT VARCHAR2(4000),
 10      PATIENTMEDICALSTARTDATE VARCHAR2(4000),
 11      PATIENTMEDICALENDDATEFORMAT VARCHAR2(4000),
 12      PATIENTMEDICALENDDATE VARCHAR2(4000),
 13      PATIENTMEDICALCOMMENT VARCHAR2(4000),
 14      CASE_NUMBER VARCHAR2(200 BYTE)
 15  );

Table S_MEDICALHISTORYEPISODE created.

Elapsed: 00:00:00.160
SQL> 
SQL> CREATE TABLE S_REACTION (
  2      ICHICSR_SEQ VARCHAR2(4000),
  3      SAFETYREPORT_SEQ VARCHAR2(4000),
  4      PATIENT_SEQ VARCHAR2(4000),
  5      REACTION_SEQ VARCHAR2(4000),
  6      PRIMARYSOURCEREACTION VARCHAR2(4000),
  7      REACTIONMEDDRAVERSIONLLT VARCHAR2(4000),
  8      REACTIONMEDDRALLT VARCHAR2(4000),
  9      REACTIONMEDDRAVERSIONPT VARCHAR2(4000),
 10      REACTIONMEDDRAPT VARCHAR2(4000),
 11      REACTIONSTARTDATEFORMAT VARCHAR2(4000),
 12      REACTIONSTARTDATE VARCHAR2(4000),
 13      REACTIONFIRSTTIME VARCHAR2(4000),
 14      REACTIONFIRSTTIMEUNIT VARCHAR2(4000),
 15      REACTIONOUTCOME VARCHAR2(4000),
 16      TERMHIGHLIGHTED VARCHAR2(4000),
 17      REACTIONENDDATEFORMAT VARCHAR2(4000),
 18      REACTIONENDDATE VARCHAR2(4000),
 19      REACTIONDURATION VARCHAR2(4000),
 20      REACTIONDURATIONUNIT VARCHAR2(4000),
 21      REACTIONLASTTIME VARCHAR2(4000),
 22      REACTIONLASTTIMEUNIT VARCHAR2(4000),
 23      EVT_SEQ_NUM VARCHAR2(200 BYTE),
 24      CASE_NUMBER VARCHAR2(200 BYTE)
 25  );

Table S_REACTION created.

Elapsed: 00:00:00.162
SQL> 
SQL> CREATE TABLE S_TEST (
  2      ICHICSR_SEQ VARCHAR2(4000),
  3      SAFETYREPORT_SEQ VARCHAR2(4000),
  4      PATIENT_SEQ VARCHAR2(4000),
  5      TEST_SEQ VARCHAR2(4000),
  6      TESTDATEFORMAT VARCHAR2(4000),
  7      TESTDATE VARCHAR2(4000),
  8      TESTNAME VARCHAR2(4000),
  9      TESTRESULT VARCHAR2(4000),
 10      TESTUNIT VARCHAR2(4000),
 11      LOWTESTRANGE VARCHAR2(4000),
 12      HIGHTESTRANGE VARCHAR2(4000),
 13      MOREINFORMATION VARCHAR2(4000),
 14      CASE_NUMBER VARCHAR2(200 BYTE)
 15  );

Table S_TEST created.

Elapsed: 00:00:00.160
SQL> 
SQL> CREATE TABLE S_DRUG (
  2      ICHICSR_SEQ VARCHAR2(4000),
  3      SAFETYREPORT_SEQ VARCHAR2(4000),
  4      PATIENT_SEQ VARCHAR2(4000),
  5      DRUG_SEQ VARCHAR2(4000),
  6      DRUGCHARACTERIZATION VARCHAR2(4000),
  7      MEDICINALPRODUCT VARCHAR2(4000),
  8      OBTAINDRUGCOUNTRY VARCHAR2(4000),
  9      DRUGBATCHNUMB VARCHAR2(4000),
 10      DRUGAUTHORIZATIONNUMB VARCHAR2(4000),
 11      DRUGAUTHORIZATIONCOUNTRY VARCHAR2(4000),
 12      DRUGSEPARATEDOSAGENUMB VARCHAR2(4000),
 13      DRUGDOSAGETEXT VARCHAR2(4000),
 14      DRUGDOSAGEFORM VARCHAR2(4000),
 15      DRUGADMINISTRATIONROUTE VARCHAR2(4000),
 16      DRUGINDICATIONMEDDRAVERSION VARCHAR2(4000),
 17      DRUGINDICATION VARCHAR2(4000),
 18      DRUGSTARTDATEFORMAT VARCHAR2(4000),
 19      DRUGSTARTDATE VARCHAR2(4000),
 20      DRUGSTARTPERIOD VARCHAR2(4000),
 21      DRUGSTARTPERIODUNIT VARCHAR2(4000),
 22      DRUGENDDATEFORMAT VARCHAR2(4000),
 23      DRUGENDDATE VARCHAR2(4000),
 24      DRUGTREATMENTDURATION VARCHAR2(4000),
 25      DRUGTREATMENTDURATIONUNIT VARCHAR2(4000),
 26      ACTIONDRUG VARCHAR2(4000),
 27      DRUGSTRUCTUREDOSAGENUMB VARCHAR2(4000),
 28      DRUGSTRUCTUREDOSAGEUNIT VARCHAR2(4000),
 29      DRUGINTERVALDOSAGEUNITNUMB VARCHAR2(4000),
 30      DRUGINTERVALDOSAGEDEFINITION VARCHAR2(4000),
 31      DRUGLASTPERIOD VARCHAR2(4000),
 32      DRUGLASTPERIODUNIT VARCHAR2(4000),
 33      DRUGCUMULATIVEDOSAGENUMB VARCHAR2(4000),
 34      DRUGCUMULATIVEDOSAGEUNIT VARCHAR2(4000),
 35      DRUGRECURREADMINISTRATION VARCHAR2(4000),
 36      DRUGAUTHORIZATIONHOLDER VARCHAR2(4000),
 37      DRUGADDITIONAL VARCHAR2(4000),
 38      DRUGPARADMINISTRATION VARCHAR2(4000),
 39      REACTIONGESTATIONPERIOD VARCHAR2(4000),
 40      REACTIONGESTATIONPERIODUNIT VARCHAR2(4000),
 41      PROD_SEQ_NUM NUMBER,
 42      DRUG_SEQ_NUM NUMBER,
 43      CASE_NUMBER VARCHAR2(200 BYTE)
 44  );

Table S_DRUG created.

Elapsed: 00:00:00.169
SQL> 
SQL> CREATE TABLE S_ACTIVESUBSTANCE (
  2      ICHICSR_SEQ VARCHAR2(4000),
  3      SAFETYREPORT_SEQ VARCHAR2(4000),
  4      PATIENT_SEQ VARCHAR2(4000),
  5      DRUG_SEQ VARCHAR2(4000),
  6      ACTIVESUBSTANCE_SEQ VARCHAR2(4000),
  7      ACTIVESUBSTANCENAME VARCHAR2(4000),
  8      CASE_NUMBER VARCHAR2(200 BYTE)
  9  );

Table S_ACTIVESUBSTANCE created.

Elapsed: 00:00:00.156
SQL> 
SQL> CREATE TABLE S_DRUGRECURRENCE (
  2      ICHICSR_SEQ VARCHAR2(4000),
  3      SAFETYREPORT_SEQ VARCHAR2(4000),
  4      PATIENT_SEQ VARCHAR2(4000),
  5      DRUG_SEQ VARCHAR2(4000),
  6      DRUGRECURRENCE_SEQ VARCHAR2(4000),
  7      DRUGRECURACTIONMEDDRAVERSION VARCHAR2(4000),
  8      DRUGRECURACTION VARCHAR2(4000),
  9      CASE_NUMBER VARCHAR2(200 BYTE)
 10  );

Table S_DRUGRECURRENCE created.

Elapsed: 00:00:00.159
SQL> 
SQL> CREATE TABLE S_DRUGREACTIONRELATEDNESS (
  2      ICHICSR_SEQ VARCHAR2(4000),
  3      SAFETYREPORT_SEQ VARCHAR2(4000),
  4      PATIENT_SEQ VARCHAR2(4000),
  5      DRUG_SEQ VARCHAR2(4000),
  6      DRUGREACTIONRELATEDNESS_SEQ VARCHAR2(4000),
  7      DRUGREACTIONASSESMEDDRAVERSION VARCHAR2(4000),
  8      DRUGREACTIONASSES VARCHAR2(4000),
  9      DRUGASSESSMENTSOURCE VARCHAR2(4000),
 10      DRUGASSESSMENTMETHOD VARCHAR2(4000),
 11      DRUGRESULT VARCHAR2(4000),
 12      CASE_NUMBER VARCHAR2(200 BYTE)
 13  );

Table S_DRUGREACTIONRELATEDNESS created.

Elapsed: 00:00:00.159
SQL> 
SQL> CREATE TABLE S_SUMMARY (
  2      ICHICSR_SEQ VARCHAR2(4000),
  3      SAFETYREPORT_SEQ VARCHAR2(4000),
  4      PATIENT_SEQ VARCHAR2(4000),
  5      SUMMARY_SEQ VARCHAR2(4000),
  6      NARRATIVEINCLUDECLINICAL VARCHAR2(4000),
  7      SENDERCOMMENT VARCHAR2(4000),
  8      REPORTERCOMMENT VARCHAR2(4000),
  9      SENDERDIAGNOSISMEDDRAVERSION VARCHAR2(4000),
 10      SENDERDIAGNOSIS VARCHAR2(4000),
 11      CASE_NUMBER VARCHAR2(200 BYTE)
 12  );

Table S_SUMMARY created.

Elapsed: 00:00:00.158
SQL> 
SQL> CREATE TABLE S_REPORTDUPLICATE (
  2      ICHICSR_SEQ VARCHAR2(4000),
  3      SAFETYREPORT_SEQ VARCHAR2(4000),
  4      REPORTDUPLICATE_SEQ VARCHAR2(4000),
  5      DUPLICATESOURCE VARCHAR2(4000),
  6      DUPLICATENUMB VARCHAR2(4000),
  7      CASE_NUMBER VARCHAR2(200 BYTE)
  8  );

Table S_REPORTDUPLICATE created.

Elapsed: 00:00:00.156
SQL> 
SQL> CREATE TABLE S_PATIENTDEATH (
  2      ICHICSR_SEQ VARCHAR2(4000),
  3      SAFETYREPORT_SEQ VARCHAR2(4000),
  4      PATIENT_SEQ VARCHAR2(4000),
  5      PATIENTDEATH_SEQ VARCHAR2(4000),
  6      PATIENTDEATHDATEFORMAT VARCHAR2(4000),
  7      PATIENTDEATHDATE VARCHAR2(4000),
  8      PATIENTAUTOPSYYESNO VARCHAR2(4000),
  9      CASE_NUMBER VARCHAR2(200 BYTE)
 10  );

Table S_PATIENTDEATH created.

Elapsed: 00:00:00.156
SQL> 
SQL> CREATE TABLE S_PATIENTDEATHCAUSE (
  2      ICHICSR_SEQ VARCHAR2(4000),
  3      SAFETYREPORT_SEQ VARCHAR2(4000),
  4      PATIENT_SEQ VARCHAR2(4000),
  5      PATIENTDEATH_SEQ VARCHAR2(4000),
  6      PATIENTDEATHCAUSE_SEQ VARCHAR2(4000),
  7      PATIENTDEATHREPORTMEDDRAVERSION VARCHAR2(4000),
  8      PATIENTDEATHREPORT VARCHAR2(4000),
  9      CASE_NUMBER VARCHAR2(200 BYTE)
 10  );

Table S_PATIENTDEATHCAUSE created.

Elapsed: 00:00:00.158
SQL> 
SQL> CREATE TABLE S_LINKEDREPORT (
  2      ICHICSR_SEQ VARCHAR2(4000),
  3      SAFETYREPORT_SEQ VARCHAR2(4000),
  4      LINKEDREPORT_SEQ VARCHAR2(4000),
  5      LINKREPORTNUMB VARCHAR2(4000),
  6      CASE_NUMBER VARCHAR2(200 BYTE)
  7  );

Table S_LINKEDREPORT created.

Elapsed: 00:00:00.162
SQL> 
SQL> CREATE TABLE S_PATIENTPASTDRUGTHERAPY (
  2      ICHICSR_SEQ VARCHAR2(4000),
  3      SAFETYREPORT_SEQ VARCHAR2(4000),
  4      PATIENT_SEQ VARCHAR2(4000),
  5      PATIENTPASTDRUGTHERAPY_SEQ VARCHAR2(4000),
  6      PATIENTDRUGNAME VARCHAR2(4000),
  7      PATIENTDRUGSTARTDATEFORMAT VARCHAR2(4000),
  8      PATIENTDRUGSTARTDATE VARCHAR2(4000),
  9      PATIENTDRUGENDDATEFORMAT VARCHAR2(4000),
 10      PATIENTDRUGENDDATE VARCHAR2(4000),
 11      PATIENTINDICATIONMEDDRAVERSION VARCHAR2(4000),
 12      PATIENTDRUGINDICATION VARCHAR2(4000),
 13      PATIENTDRUGREACTION VARCHAR2(4000),
 14      PATIENTDRGREACTIONMEDDRAVERSION VARCHAR2(4000),
 15      CASE_NUMBER VARCHAR2(200 BYTE)
 16  );

Table S_PATIENTPASTDRUGTHERAPY created.

Elapsed: 00:00:00.166
SQL> 
SQL> CREATE TABLE S_PATIENTAUTOPSY (
  2      ICHICSR_SEQ VARCHAR2(4000),
  3      SAFETYREPORT_SEQ VARCHAR2(4000),
  4      PATIENT_SEQ VARCHAR2(4000),
  5      PATIENTDEATH_SEQ VARCHAR2(4000),
  6      PATIENTAUTOPSY_SEQ VARCHAR2(4000),
  7      PATIENTDETERMAUTOPSMEDDRAVERSION VARCHAR2(4000),
  8      PATIENTDETERMINEAUTOPSY VARCHAR2(4000),
  9      CASE_NUMBER VARCHAR2(200 BYTE)
 10  );

Table S_PATIENTAUTOPSY created.

Elapsed: 00:00:00.158
SQL> 
SQL> CREATE TABLE S_PARENT (
  2      ICHICSR_SEQ VARCHAR2(4000),
  3      SAFETYREPORT_SEQ VARCHAR2(4000),
  4      PATIENT_SEQ VARCHAR2(4000),
  5      PARENT_SEQ VARCHAR2(4000),
  6      PARENTIDENTIFICATION VARCHAR2(4000),
  7      PARENTBIRTHDATEFORMAT VARCHAR2(4000),
  8      PARENTBIRTHDATE VARCHAR2(4000),
  9      PARENTAGE VARCHAR2(4000),
 10      PARENTAGEUNIT VARCHAR2(4000),
 11      PARENTLASTMENSTRUALDATEFORMAT VARCHAR2(4000),
 12      PARENTLASTMENSTRUALDATE VARCHAR2(4000),
 13      PARENTWEIGHT VARCHAR2(4000),
 14      PARENTHEIGHT VARCHAR2(4000),
 15      PARENTSEX VARCHAR2(4000),
 16      PARENTMEDICALRELEVANTTEXT VARCHAR2(4000),
 17      CASE_NUMBER VARCHAR2(200 BYTE)
 18  );

Table S_PARENT created.

Elapsed: 00:00:00.166
SQL> 
SQL> CREATE TABLE S_PARENTMEDICALHISTORYEPISODE (
  2      ICHICSR_SEQ VARCHAR2(4000),
  3      SAFETYREPORT_SEQ VARCHAR2(4000),
  4      PATIENT_SEQ VARCHAR2(4000),
  5      PARENT_SEQ VARCHAR2(4000),
  6      PARENTMEDICALHISTORYEPISODE_SEQ VARCHAR2(4000),
  7      PARENTMDEPISODEMEDDRAVERSION VARCHAR2(4000),
  8      PARENTMEDICALEPISODENAME VARCHAR2(4000),
  9      PARENTMEDICALSTARTDATEFORMAT VARCHAR2(4000),
 10      PARENTMEDICALSTARTDATE VARCHAR2(4000),
 11      PARENTMEDICALCONTINUE VARCHAR2(4000),
 12      PARENTMEDICALENDDATEFORMAT VARCHAR2(4000),
 13      PARENTMEDICALENDDATE VARCHAR2(4000),
 14      PARENTMEDICALCOMMENT VARCHAR2(4000),
 15      CASE_NUMBER VARCHAR2(200 BYTE)
 16  );

Table S_PARENTMEDICALHISTORYEPISODE created.

Elapsed: 00:00:00.162
SQL> 
SQL> CREATE TABLE S_PARENTPASTDRUGTHERAPY (
  2      ICHICSR_SEQ VARCHAR2(4000),
  3      SAFETYREPORT_SEQ VARCHAR2(4000),
  4      PATIENT_SEQ VARCHAR2(4000),
  5      PARENT_SEQ VARCHAR2(4000),
  6      PARENTPASTDRUGTHERAPY_SEQ VARCHAR2(4000),
  7      PARENTDRUGNAME VARCHAR2(4000),
  8      PARENTDRUGSTARTDATEFORMAT VARCHAR2(4000),
  9      PARENTDRUGSTARTDATE VARCHAR2(4000),
 10      PARENTDRUGENDDATEFORMAT VARCHAR2(4000),
 11      PARENTDRUGENDDATE VARCHAR2(4000),
 12      PARENTDRGINDICATIONMEDDRAVERSION VARCHAR2(4000),
 13      PARENTDRUGINDICATION VARCHAR2(4000),
 14      PARENTDRGREACTIONMEDDRAVERSION VARCHAR2(4000),
 15      PARENTDRUGREACTION VARCHAR2(4000),
 16      CASE_NUMBER VARCHAR2(200 BYTE)
 17  );

Table S_PARENTPASTDRUGTHERAPY created.

Elapsed: 00:00:00.159
SQL> 
SQL> CREATE TABLE S_CASELEVEL (
  2      CASE_NUMBER VARCHAR2(200 BYTE),
  3      COMPANY_NUMBER VARCHAR2(100 BYTE),
  4      AUTHORITY_NUMBER VARCHAR2(50 BYTE),
  5      SAFETY_REPORT_ID VARCHAR2(50 BYTE),
  6      REPORT_TYPE VARCHAR2(50 BYTE),
  7      CASE_OUTCOME VARCHAR2(50 BYTE),
  8      CASE_LEVEL_SERIOUSNESS VARCHAR2(20 BYTE),
  9      CASE_LEVEL_LISTEDNESS VARCHAR2(20 BYTE),
 10      CASE_LEVEL_CAUSALITY VARCHAR2(50 BYTE),
 11      PATIENT_ID VARCHAR2(30 BYTE)
 12  );

Table S_CASELEVEL created.

Elapsed: 00:00:00.159
SQL> 
SQL> CREATE TABLE S_CASEPRODUCTLEVEL (
  2      CASE_NUMBER VARCHAR2(200 BYTE),
  3      COMPANY_NUMBER VARCHAR2(100 BYTE),
  4      AUTHORITY_NUMBER VARCHAR2(50 BYTE),
  5      PROD_SEQ_NUM NUMBER,
  6      ARGUS_DISPLAY_ORDER NUMBER,
  7      SUSPECT_DRUG_NAME VARCHAR2(255 BYTE),
  8      ACTION_TAKEN VARCHAR2(255 BYTE),
  9      DECHALLENGE VARCHAR2(50 BYTE),
 10      RECHALLENGE VARCHAR2(50 BYTE),
 11      DRUG_ID NUMBER
 12  );

Table S_CASEPRODUCTLEVEL created.

Elapsed: 00:00:00.157
SQL> 
SQL> CREATE TABLE S_CASEEVENTLEVEL (
  2      CASE_NUMBER VARCHAR2(200 BYTE),
  3      COMPANY_NUMBER VARCHAR2(100 BYTE),
  4      AUTHORITY_NUMBER VARCHAR2(50 BYTE),
  5      EVENT_SEQ_NUM NUMBER,
  6      ARGUS_DISPLAY_ORDER NUMBER,
  7      REPORTED_TERM VARCHAR2(255 BYTE),
  8      PREFERRED_TERM VARCHAR2(255 BYTE),
  9      EVENT_SERIOUSNESS VARCHAR2(10 BYTE),
 10      EVENT_OUTCOME VARCHAR2(50 BYTE),
 11      DEATH VARCHAR2(5 BYTE),
 12      MEDICALLY_SIGNIFICANT VARCHAR2(5 BYTE),
 13      HOSPITALIZATION VARCHAR2(5 BYTE),
 14      CONGENITAL_ANOMALY VARCHAR2(5 BYTE),
 15      LIFE_THREATENING VARCHAR2(5 BYTE),
 16      DISABLING VARCHAR2(5 BYTE),
 17      OTHER VARCHAR2(5 BYTE),
 18      OTHER_TEXT VARCHAR2(255 BYTE),
 19      INTERVENTION_REQUIRED VARCHAR2(255 BYTE),
 20      REACTION_ID NUMBER
 21  );

Table S_CASEEVENTLEVEL created.

Elapsed: 00:00:00.159
SQL> 
SQL> CREATE TABLE S_PRODUCTEVENTLEVEL (
  2      CASE_NUMBER VARCHAR2(200 CHAR),
  3      COMPANY_NUMBER VARCHAR2(100 CHAR),
  4      AUTHORITY_NUMBER VARCHAR2(100 CHAR),
  5      EVENT_REPORTED_TERM VARCHAR2(1000 CHAR),
  6      EVENT_PREFERRED_TERM VARCHAR2(1000 CHAR),
  7      SUSPECT_PRODUCT_NAME VARCHAR2(500 CHAR),
  8      PROD_SEQ_NUM NUMBER(10),
  9      EVENT_SEQ_NUM NUMBER(10),
 10      LICENSE_COUNTRY VARCHAR2(100 CHAR),
 11      REPORTED_CAUSALITY VARCHAR2(100 CHAR),
 12      COMPANY_CAUSALITY VARCHAR2(100 CHAR),
 13      LISTEDNESS VARCHAR2(50 CHAR),
 14      LICENSE_NUMBER VARCHAR2(100 CHAR),
 15      SUSPECT_PRODUCT_TYPE VARCHAR2(50 CHAR),
 16      SUSPECT_PRODUCT_GENERIC_NAME VARCHAR2(1000 CHAR),
 17      SUSPECT_PRODUCT_TRADE_NAME VARCHAR2(500 CHAR),
 18      MANUFACTURER VARCHAR2(500 CHAR),
 19      DEVICE_LOT_NUMBER VARCHAR2(100 CHAR),
 20      TGT_LIC_ID NUMBER(10),
 21      LIC_MAP_CMNT VARCHAR2(100 CHAR),
 22      TGT_COUNTRY_ID NUMBER(10),
 23      TGT_PRODUCT_ID NUMBER(10)
 24  );

Table S_PRODUCTEVENTLEVEL created.

Elapsed: 00:00:00.165
SQL> 
SQL> CREATE TABLE S_REPORTERLEVEL (
  2      CASE_NUMBER VARCHAR2(200 BYTE),
  3      COMPANY_NUMBER VARCHAR2(150 BYTE),
  4      AUTHORITY_NUMBER VARCHAR2(100 BYTE),
  5      ARGUS_SEQUENCE_NUMBER NUMBER,
  6      ARGUS_DISPLAY_ORDER NUMBER,
  7      REPORTER_TYPE VARCHAR2(100 BYTE),
  8      HCP_FLAG NUMBER(1),
  9      REPORTER_FIRST_NAME VARCHAR2(150 BYTE),
 10      REPORTER_LAST_NAME VARCHAR2(150 BYTE),
 11      INSTITUTION_NAME VARCHAR2(305 BYTE),
 12      REPORTER_ADDRESS VARCHAR2(305 BYTE),
 13      FLAG_OF_PRIMARY_REPORTER VARCHAR2(60 BYTE),
 14      GEN_SEQ NUMBER
 15  );

Table S_REPORTERLEVEL created.

Elapsed: 00:00:00.159
SQL> 
SQL> CREATE TABLE S_SUBMISSIONLEVEL (
  2      CASE_NUMBER VARCHAR2(200 BYTE),
  3      COMPANY_NUMBER VARCHAR2(150 BYTE),
  4      AUTHORITY_NUMBER VARCHAR2(100 BYTE),
  5      REPORT_FORM VARCHAR2(100 BYTE),
  6      REPORT_STATUS VARCHAR2(100 BYTE),
  7      FOLLOWUP_NUMBER NUMBER,
  8      REPORT_GENERATED_DATE DATE,
  9      REPORT_SUBMITTED_DATE DATE,
 10      LICENSE_TRADE_NAME VARCHAR2(255 BYTE),
 11      APPROVAL_COUNTRY VARCHAR2(100 BYTE),
 12      REPORTING_DESTINATION VARCHAR2(100 BYTE),
 13      LICENSE_NUMBER VARCHAR2(100 BYTE),
 14      NON_SUBMISSION_REASON VARCHAR2(255 BYTE),
 15      DETERMINED_SUBMISSION_DATE DATE,
 16      REPORT_COMMENTS VARCHAR2(255 BYTE),
 17      SCHEDULED_DATE DATE,
 18      FLAG_OF_DOWNGRADE_REPORT VARCHAR2(20 BYTE),
 19      FLAG_OF_NULLIFICATION_REPORT VARCHAR2(20 BYTE),
 20      SUBMISSION_ID NUMBER
 21  );

Table S_SUBMISSIONLEVEL created.

Elapsed: 00:00:00.159
SQL> 
SQL> CREATE TABLE MG_CASE_ADDN_ATTACHMENTS (
  2      ID NUMBER GENERATED ALWAYS AS IDENTITY PRIMARY KEY,
  3      FILE_NAME VARCHAR2(500),
  4      FILE_TYPE VARCHAR2(50),
  5      FILE_SIZE NUMBER,
  6      FILE_PATH VARCHAR2(1000),
  7      UPLOAD_DATE DATE,
  8      FILE_DATA BLOB,
  9      CASE_NUM VARCHAR2(150)
 10  );

Table MG_CASE_ADDN_ATTACHMENTS created.

Elapsed: 00:00:00.176
SQL> 
SQL> CREATE INDEX IDX_FILE_NAME
  2  ON MG_CASE_ADDN_ATTACHMENTS (FILE_NAME);

Index IDX_FILE_NAME created.

Elapsed: 00:00:00.161
SQL> 
SQL> CREATE TABLE MG_AUDIT_LOG_TMP (
  2      CASE_NUM VARCHAR2(100 BYTE),
  3      FILE_NAME VARCHAR2(1000 BYTE),
  4      DATA_CSV BLOB,
  5      CONTENT BLOB
  6  );

Table MG_AUDIT_LOG_TMP created.

Elapsed: 00:00:00.160
SQL> 
SQL> SELECT TO_CHAR( SYSDATE, 'DD-MON-YYYY HH24:MI:SS' ) END_TIME FROM DUAL;

END_TIME            
--------------------
21-MAY-2026 06:10:51

Elapsed: 00:00:00.151
SQL> 
SQL> SET ECHO OFF;
